I200226 13:30:50.701285 1 util/log/clog.go:1196  [config] file created at: 2020/02/26 13:30:50
I200226 13:30:50.701285 1 util/log/clog.go:1196  [config] running on machine: ekp-mac-01
I200226 13:30:50.701285 1 util/log/clog.go:1196  [config] binary: CockroachDB CCL v19.2.4 (x86_64-apple-darwin14, built 2020/02/06 21:49:44, go1.12.12)
I200226 13:30:50.701285 1 util/log/clog.go:1196  [config] arguments: [cockroach start --insecure --store=node3 --listen-addr=localhost:26259 --http-addr=localhost:8082 --join=localhost:26257,localhost:26258,localhost:26259]
I200226 13:30:50.701285 1 util/log/clog.go:1196  line format: [IWEF]yymmdd hh:mm:ss.uuuuuu goid file:line msg utf8=✓
I200226 13:30:50.701285 1 cli/start.go:1144  logging to directory /Users/ekp/Projects/bmb-gw/node3/logs
W200226 13:30:50.704044 1 cli/start.go:1182  RUNNING IN INSECURE MODE!

- Your cluster is open for any client that can access localhost.
- Any user, even root, can log in without providing a password.
- Any user, connecting as root, can read or write any data in your cluster.
- There is no network encryption nor authentication, and thus no confidentiality.

Check out how to secure your cluster: https://www.cockroachlabs.com/docs/v19.2/secure-a-cluster.html
W200226 13:30:50.704357 1 cli/start.go:1052  Using the default setting for --cache (128 MiB).
  A significantly larger value is usually needed for good performance.
  If you have a dedicated server a reasonable setting is --cache=.25 (2.0 GiB).
W200226 13:30:50.704512 1 cli/start.go:1065  Using the default setting for --max-sql-memory (128 MiB).
  A significantly larger value is usually needed in production.
  If you have a dedicated server a reasonable setting is --max-sql-memory=.25 (2.0 GiB).
I200226 13:30:50.704782 1 cli/start.go:1196  CockroachDB CCL v19.2.4 (x86_64-apple-darwin14, built 2020/02/06 21:49:44, go1.12.12)
I200226 13:30:50.811172 1 server/config.go:394  system total memory: 8.0 GiB
I200226 13:30:50.811252 1 server/config.go:396  server configuration:
max offset             500000000
cache size             128 MiB
SQL memory pool size   128 MiB
scan interval          10m0s
scan min idle time     10ms
scan max idle time     1s
event log enabled      true
I200226 13:30:50.811281 1 cli/start.go:1030  using local environment variables: COCKROACH_BACKGROUND_RESTART=1
I200226 13:30:50.811370 1 cli/start.go:1037  process identity: uid 501 euid 501 gid 20 egid 20
I200226 13:30:50.811927 1 cli/start.go:644  starting cockroach node
I200226 13:30:50.817914 38 storage/engine/rocksdb.go:622  opening rocksdb instance at "/Users/ekp/Projects/bmb-gw/node3/cockroach-temp671835431"
I200226 13:30:50.861351 38 server/server.go:928  [n?] monitoring forward clock jumps based on server.clock.forward_jump_check_enabled
W200226 13:30:50.862185 38 server/config_unix.go:112  soft open file descriptor limit 10240 is under the recommended limit 15000; this may decrease performance
please see https://www.cockroachlabs.com/docs/v19.2/recommended-production-settings.html for more details
I200226 13:30:50.862522 38 storage/engine/rocksdb.go:622  opening rocksdb instance at "/Users/ekp/Projects/bmb-gw/node3"
I200226 13:30:50.874183 38 server/config.go:502  [n?] 1 storage engine initialized
I200226 13:30:50.874202 38 server/config.go:505  [n?] RocksDB cache size: 128 MiB
I200226 13:30:50.874210 38 server/config.go:505  [n?] store 0: RocksDB, max size 0 B, max open file limit 9984
W200226 13:30:50.875610 38 gossip/gossip.go:1517  [n?] no incoming or outgoing connections
I200226 13:30:50.875684 38 server/server.go:1386  [n?] no stores bootstrapped and --join flag specified, awaiting init command or join with an already initialized node.
I200226 13:30:50.879567 89 gossip/client.go:124  [n?] started gossip client to localhost:26257
I200226 13:30:50.879948 89 gossip/client.go:131  [n?] closing client to localhost:26257: stopping outgoing client to n0 (localhost:26257); loopback connection
I200226 13:30:51.140867 94 gossip/server.go:227  [n?] received initial cluster-verification connection from localhost:26258
I200226 13:30:51.885820 110 gossip/client.go:124  [n?] started gossip client to localhost:26258
I200226 13:30:51.886273 110 gossip/client.go:131  [n?] closing client to localhost:26258: stopping outgoing client to n0 (localhost:26258); loopback connection
I200226 13:30:52.684221 146 gossip/server.go:227  [n?] received initial cluster-verification connection from localhost:26257
I200226 13:30:52.876143 60 cli/start.go:603  initial startup completed.
Node will now attempt to join a running cluster, or wait for `cockroach init`.
Client connections will be accepted after this completes successfully.
Check the log file(s) for progress. 
I200226 13:30:52.883946 149 gossip/client.go:124  [n?] started gossip client to localhost:26257
I200226 13:30:52.894868 149 gossip/client.go:131  [n?] closing client to localhost:26257: stopping outgoing client to n0 (localhost:26257); loopback connection
I200226 13:30:53.142746 178 gossip/server.go:227  [n?] received initial cluster-verification connection from localhost:26258
I200226 13:30:53.886760 153 gossip/client.go:124  [n?] started gossip client to localhost:26258
I200226 13:30:53.887494 153 gossip/client.go:131  [n?] closing client to localhost:26258: stopping outgoing client to n0 (localhost:26258); loopback connection
I200226 13:30:54.689517 154 gossip/server.go:227  [n?] received initial cluster-verification connection from localhost:26257
I200226 13:30:54.890797 157 gossip/client.go:124  [n?] started gossip client to localhost:26257
I200226 13:30:54.891570 157 gossip/client.go:131  [n?] closing client to localhost:26257: stopping outgoing client to n0 (localhost:26257); loopback connection
I200226 13:30:55.150715 181 gossip/server.go:227  [n?] received initial cluster-verification connection from localhost:26258
I200226 13:30:55.896228 196 gossip/client.go:124  [n?] started gossip client to localhost:26258
I200226 13:30:55.896869 196 gossip/client.go:131  [n?] closing client to localhost:26258: stopping outgoing client to n0 (localhost:26258); loopback connection
I200226 13:30:56.700802 197 gossip/server.go:227  [n?] received initial cluster-verification connection from localhost:26257
I200226 13:30:56.898588 200 gossip/client.go:124  [n?] started gossip client to localhost:26257
I200226 13:30:56.899301 200 gossip/client.go:131  [n?] closing client to localhost:26257: stopping outgoing client to n0 (localhost:26257); loopback connection
I200226 13:30:57.157958 201 gossip/server.go:227  [n?] received initial cluster-verification connection from localhost:26258
I200226 13:30:57.901865 166 gossip/client.go:124  [n?] started gossip client to localhost:26258
I200226 13:30:57.902599 166 gossip/client.go:131  [n?] closing client to localhost:26258: stopping outgoing client to n0 (localhost:26258); loopback connection
I200226 13:30:58.710838 204 gossip/server.go:227  [n?] received initial cluster-verification connection from localhost:26257
I200226 13:30:58.908672 189 gossip/client.go:124  [n?] started gossip client to localhost:26257
I200226 13:30:58.909522 189 gossip/client.go:131  [n?] closing client to localhost:26257: stopping outgoing client to n0 (localhost:26257); loopback connection
I200226 13:30:59.165522 205 gossip/server.go:227  [n?] received initial cluster-verification connection from localhost:26258
I200226 13:30:59.916433 208 gossip/client.go:124  [n?] started gossip client to localhost:26258
I200226 13:30:59.918425 208 gossip/client.go:131  [n?] closing client to localhost:26258: stopping outgoing client to n0 (localhost:26258); loopback connection
I200226 13:31:00.721291 136 gossip/server.go:227  [n?] received initial cluster-verification connection from localhost:26257
I200226 13:31:00.920411 213 gossip/client.go:124  [n?] started gossip client to localhost:26257
I200226 13:31:00.921042 213 gossip/client.go:131  [n?] closing client to localhost:26257: stopping outgoing client to n0 (localhost:26257); loopback connection
I200226 13:31:01.175026 193 gossip/server.go:227  [n?] received initial cluster-verification connection from localhost:26258
I200226 13:31:01.924977 228 gossip/client.go:124  [n?] started gossip client to localhost:26258
I200226 13:31:01.925712 228 gossip/client.go:131  [n?] closing client to localhost:26258: stopping outgoing client to n0 (localhost:26258); loopback connection
I200226 13:31:02.929803 233 gossip/client.go:124  [n?] started gossip client to localhost:26257
I200226 13:31:02.931482 38 server/node.go:645  [n?] connecting to gossip network to verify cluster ID...
I200226 13:31:02.931560 38 server/node.go:665  [n?] node connected via gossip and verified as part of cluster "6ca8572f-3e9d-4dc6-b3d7-2a90ca0538c2"
I200226 13:31:02.947689 38 server/node.go:381  [n?] new node allocated ID 3
I200226 13:31:02.947966 38 gossip/gossip.go:394  [n3] NodeDescriptor set to node_id:3 address:<network_field:"tcp" address_field:"localhost:26259" > attrs:<> locality:<> ServerVersion:<major_val:19 minor_val:2 patch:0 unstable:0 > build_tag:"v19.2.4" started_at:1582723862947698000 cluster_name:"" sql_address:<network_field:"tcp" address_field:"localhost:26259" > 
I200226 13:31:02.948139 38 storage/stores.go:240  [n3] read 0 node addresses from persistent storage
I200226 13:31:02.948422 38 storage/stores.go:259  [n3] wrote 2 node addresses to persistent storage
I200226 13:31:03.012258 38 server/node.go:620  [n3] bootstrapped store [n3,s3]
I200226 13:31:03.017688 38 server/node.go:512  [n3] node=3: started with [<no-attributes>=/Users/ekp/Projects/bmb-gw/node3] engine(s) and attributes []
I200226 13:31:03.020542 38 server/server.go:1514  [n3] starting http server at 127.0.0.1:8082 (use: localhost:8082)
I200226 13:31:03.020577 38 server/server.go:1521  [n3] starting grpc/postgres server at 127.0.0.1:26259
I200226 13:31:03.020603 38 server/server.go:1522  [n3] advertising CockroachDB node at localhost:26259
I200226 13:31:03.051894 38 server/server.go:1590  [n3] done ensuring all necessary migrations have run
I200226 13:31:03.052037 38 server/server.go:1841  [n3] serving sql connections
I200226 13:31:03.052224 38 cli/start.go:803  [config] clusterID: 6ca8572f-3e9d-4dc6-b3d7-2a90ca0538c2
I200226 13:31:03.052307 38 cli/start.go:812  node startup completed:
CockroachDB node starting at 2020-02-26 13:31:03.052083 +0000 UTC (took 12.4s)
build:               CCL v19.2.4 @ 2020/02/06 21:49:44 (go1.12.12)
webui:               http://localhost:8082
sql:                 postgresql://root@localhost:26259?sslmode=disable
RPC client flags:    cockroach <client cmd> --host=localhost:26259 --insecure
logs:                /Users/ekp/Projects/bmb-gw/node3/logs
temp dir:            /Users/ekp/Projects/bmb-gw/node3/cockroach-temp671835431
external I/O path:   /Users/ekp/Projects/bmb-gw/node3/extern
store[0]:            path=/Users/ekp/Projects/bmb-gw/node3
status:              initialized new node, joined pre-existing cluster
clusterID:           6ca8572f-3e9d-4dc6-b3d7-2a90ca0538c2
nodeID:              3
I200226 13:31:03.096209 325 server/server_update.go:53  [n3] no need to upgrade, cluster already at the newest version
I200226 13:31:03.097878 327 sql/event_log.go:130  [n3] Event: "node_join", target: 3, info: {Descriptor:{NodeID:3 Address:localhost:26259 Attrs: Locality: ServerVersion:19.2 BuildTag:v19.2.4 StartedAt:1582723862947698000 LocalityAddress:[] ClusterName: SQLAddress:localhost:26259} ClusterID:6ca8572f-3e9d-4dc6-b3d7-2a90ca0538c2 StartedAt:1582723862947698000 LastUp:1582723862947698000}
I200226 13:31:03.183825 361 storage/replica_raftstorage.go:794  [n3,s3,r5/3:{-}] applying LEARNER snapshot [id=540e28cd index=23]
I200226 13:31:03.273245 361 storage/replica_raftstorage.go:815  [n3,s3,r5/3:/{Systemtse-Table/System…}] applied LEARNER snapshot [total=89ms ingestion=4@80ms id=540e28cd index=23]
I200226 13:31:03.310223 381 storage/replica_raftstorage.go:794  [n3,s3,r8/2:{-}] applying LEARNER snapshot [id=2757fdee index=49]
I200226 13:31:03.329928 381 storage/replica_raftstorage.go:815  [n3,s3,r8/2:/Table/1{2-3}] applied LEARNER snapshot [total=20ms ingestion=4@18ms id=2757fdee index=49]
I200226 13:31:03.474458 427 storage/replica_raftstorage.go:794  [n3,s3,r7/3:{-}] applying LEARNER snapshot [id=446cd41f index=24]
I200226 13:31:03.500841 427 storage/replica_raftstorage.go:815  [n3,s3,r7/3:/Table/1{1-2}] applied LEARNER snapshot [total=26ms ingestion=4@25ms id=446cd41f index=24]
I200226 13:31:03.585056 456 storage/replica_raftstorage.go:794  [n3,s3,r19/3:{-}] applying LEARNER snapshot [id=7e820768 index=21]
I200226 13:31:03.600524 456 storage/replica_raftstorage.go:815  [n3,s3,r19/3:/Table/2{3-4}] applied LEARNER snapshot [total=15ms ingestion=4@14ms id=7e820768 index=21]
I200226 13:31:03.667012 441 storage/replica_raftstorage.go:794  [n3,s3,r17/3:{-}] applying LEARNER snapshot [id=12eb69b2 index=25]
I200226 13:31:03.678725 441 storage/replica_raftstorage.go:815  [n3,s3,r17/3:/Table/2{1-2}] applied LEARNER snapshot [total=12ms ingestion=4@11ms id=12eb69b2 index=25]
I200226 13:31:03.731527 58 gossip/gossip.go:1531  [n3] node has connected to cluster via gossip
I200226 13:31:03.731718 58 storage/stores.go:259  [n3] wrote 2 node addresses to persistent storage
I200226 13:31:03.742877 478 storage/replica_raftstorage.go:794  [n3,s3,r9/3:{-}] applying LEARNER snapshot [id=f1070353 index=66]
I200226 13:31:03.755671 478 storage/replica_raftstorage.go:815  [n3,s3,r9/3:/Table/1{3-4}] applied LEARNER snapshot [total=13ms ingestion=4@11ms id=f1070353 index=66]
I200226 13:31:03.841425 384 storage/replica_raftstorage.go:794  [n3,s3,r15/3:{-}] applying LEARNER snapshot [id=e456e907 index=22]
I200226 13:31:03.855743 384 storage/replica_raftstorage.go:815  [n3,s3,r15/3:/Table/{19-20}] applied LEARNER snapshot [total=14ms ingestion=4@12ms id=e456e907 index=22]
I200226 13:31:04.423274 487 storage/replica_raftstorage.go:794  [n3,s3,r16/3:{-}] applying LEARNER snapshot [id=e434367f index=21]
I200226 13:31:04.441499 487 storage/replica_raftstorage.go:815  [n3,s3,r16/3:/Table/2{0-1}] applied LEARNER snapshot [total=18ms ingestion=4@14ms id=e434367f index=21]
I200226 13:31:05.377481 496 storage/replica_raftstorage.go:794  [n3,s3,r3/3:{-}] applying LEARNER snapshot [id=af66c3cd index=64]
I200226 13:31:05.394793 496 storage/replica_raftstorage.go:815  [n3,s3,r3/3:/System/{NodeLive…-tsd}] applied LEARNER snapshot [total=17ms ingestion=4@15ms id=af66c3cd index=64]
I200226 13:31:06.356335 586 storage/replica_raftstorage.go:794  [n3,s3,r23/3:{-}] applying LEARNER snapshot [id=a8eedf80 index=21]
I200226 13:31:06.370329 586 storage/replica_raftstorage.go:815  [n3,s3,r23/3:/Table/2{7-8}] applied LEARNER snapshot [total=14ms ingestion=4@12ms id=a8eedf80 index=21]
I200226 13:31:07.355665 603 storage/replica_raftstorage.go:794  [n3,s3,r13/3:{-}] applying LEARNER snapshot [id=7bfb1a22 index=21]
I200226 13:31:07.368211 603 storage/replica_raftstorage.go:815  [n3,s3,r13/3:/Table/1{7-8}] applied LEARNER snapshot [total=12ms ingestion=4@10ms id=7bfb1a22 index=21]
I200226 13:31:08.305638 630 storage/replica_raftstorage.go:794  [n3,s3,r1/2:{-}] applying LEARNER snapshot [id=0c7337f0 index=120]
I200226 13:31:08.322963 630 storage/replica_raftstorage.go:815  [n3,s3,r1/2:/{Min-System/NodeL…}] applied LEARNER snapshot [total=17ms ingestion=4@15ms id=0c7337f0 index=120]
I200226 13:31:09.396869 642 storage/replica_raftstorage.go:794  [n3,s3,r10/3:{-}] applying LEARNER snapshot [id=fb6110c5 index=21]
I200226 13:31:09.415797 642 storage/replica_raftstorage.go:815  [n3,s3,r10/3:/Table/1{4-5}] applied LEARNER snapshot [total=19ms ingestion=4@16ms id=fb6110c5 index=21]
I200226 13:31:10.320892 625 storage/replica_raftstorage.go:794  [n3,s3,r24/2:{-}] applying LEARNER snapshot [id=37f6bd47 index=17]
I200226 13:31:10.338258 625 storage/replica_raftstorage.go:815  [n3,s3,r24/2:/{Table/28-Max}] applied LEARNER snapshot [total=17ms ingestion=4@15ms id=37f6bd47 index=17]
I200226 13:31:11.320471 593 storage/replica_raftstorage.go:794  [n3,s3,r6/2:{-}] applying LEARNER snapshot [id=81c67b8f index=53]
I200226 13:31:11.335369 593 storage/replica_raftstorage.go:815  [n3,s3,r6/2:/Table/{SystemCon…-11}] applied LEARNER snapshot [total=15ms ingestion=4@14ms id=81c67b8f index=53]
I200226 13:31:12.469508 693 storage/replica_raftstorage.go:794  [n3,s3,r22/3:{-}] applying LEARNER snapshot [id=7d931e54 index=21]
I200226 13:31:12.484408 693 storage/replica_raftstorage.go:815  [n3,s3,r22/3:/Table/2{6-7}] applied LEARNER snapshot [total=15ms ingestion=4@12ms id=7d931e54 index=21]
W200226 13:31:13.021913 316 server/status/runtime.go:420  [n3] unable to get file descriptor usage (will not try again): not implemented on darwin
I200226 13:31:13.031962 316 server/status/runtime.go:498  [n3] runtime stats: 122 MiB RSS, 218 goroutines, 98 MiB/24 MiB/135 MiB GO alloc/idle/total, 22 MiB/32 MiB CGO alloc/total, 0.0 CGO/sec, 0.0/0.0 %(u/s)time, 0.0 %gc (10x), 1.8 MiB/1.2 MiB (r/w)net
I200226 13:31:13.389685 722 storage/replica_raftstorage.go:794  [n3,s3,r12/3:{-}] applying LEARNER snapshot [id=8e9c6efd index=21]
I200226 13:31:13.409485 722 storage/replica_raftstorage.go:815  [n3,s3,r12/3:/Table/1{6-7}] applied LEARNER snapshot [total=20ms ingestion=4@18ms id=8e9c6efd index=21]
I200226 13:31:14.338606 690 storage/replica_raftstorage.go:794  [n3,s3,r11/2:{-}] applying LEARNER snapshot [id=4594524f index=17]
I200226 13:31:14.350086 690 storage/replica_raftstorage.go:815  [n3,s3,r11/2:/Table/1{5-6}] applied LEARNER snapshot [total=11ms ingestion=4@11ms id=4594524f index=17]
I200226 13:31:15.395710 727 storage/replica_raftstorage.go:794  [n3,s3,r20/3:{-}] applying LEARNER snapshot [id=c706070f index=21]
I200226 13:31:15.409706 727 storage/replica_raftstorage.go:815  [n3,s3,r20/3:/Table/2{4-5}] applied LEARNER snapshot [total=14ms ingestion=4@12ms id=c706070f index=21]
I200226 13:31:16.580514 747 storage/replica_raftstorage.go:794  [n3,s3,r4/3:{-}] applying LEARNER snapshot [id=5e4883b9 index=42]
I200226 13:31:16.601981 747 storage/replica_raftstorage.go:815  [n3,s3,r4/3:/System{/tsd-tse}] applied LEARNER snapshot [total=21ms ingestion=4@16ms id=5e4883b9 index=42]
I200226 13:31:18.354096 707 storage/replica_raftstorage.go:794  [n3,s3,r14/2:{-}] applying LEARNER snapshot [id=71b2a3d9 index=17]
I200226 13:31:18.377328 707 storage/replica_raftstorage.go:815  [n3,s3,r14/2:/Table/1{8-9}] applied LEARNER snapshot [total=23ms ingestion=4@21ms id=71b2a3d9 index=17]
I200226 13:31:21.363988 736 storage/replica_raftstorage.go:794  [n3,s3,r18/2:{-}] applying LEARNER snapshot [id=5cbd705c index=17]
I200226 13:31:21.382895 736 storage/replica_raftstorage.go:815  [n3,s3,r18/2:/Table/2{2-3}] applied LEARNER snapshot [total=19ms ingestion=4@17ms id=5cbd705c index=17]
I200226 13:31:23.038878 316 server/status/runtime.go:498  [n3] runtime stats: 152 MiB RSS, 218 goroutines, 112 MiB/9.2 MiB/135 MiB GO alloc/idle/total, 21 MiB/36 MiB CGO alloc/total, 479.4 CGO/sec, 3.7/2.9 %(u/s)time, 0.0 %gc (0x), 1.0 MiB/827 KiB (r/w)net
I200226 13:31:23.041217 239 storage/store.go:2364  [n3,s3] sstables (read amplification = 2):
0 [   1K  1 ]: 1K
6 [ 131K 14 ]: 119K 1K[13]
I200226 13:31:23.041831 239 storage/store.go:2365  [n3,s3] 
** Compaction Stats [default] **
Level    Files   Size     Score Read(GB)  Rn(GB) Rnp1(GB) Write(GB) Wnew(GB) Moved(GB) W-Amp Rd(MB/s) Wr(MB/s) Comp(sec) CompMergeCPU(sec) Comp(cnt) Avg(sec) KeyIn KeyDrop
----------------------------------------------------------------------------------------------------------------------------------------------------------------------------
  L0      1/0    0.87 KB   0.5      0.0     0.0      0.0       0.0      0.0       0.0   0.6      0.0      0.5      0.42              0.00        98    0.004       0      0
  L6     14/0   130.60 KB   0.0      0.0     0.0      0.0       0.0      0.0       0.0   6.7      7.9      7.2      0.29              0.00        52    0.006     37K    978
 Sum     15/0   131.47 KB   0.0      0.0     0.0      0.0       0.0      0.0       0.0   6.9      3.2      3.2      0.71              0.00       150    0.005     37K    978
 Int      0/0    0.00 KB   0.0      0.0     0.0      0.0       0.0      0.0       0.0   6.9      3.2      3.2      0.71              0.00       150    0.005     37K    978

** Compaction Stats [default] **
Priority    Files   Size     Score Read(GB)  Rn(GB) Rnp1(GB) Write(GB) Wnew(GB) Moved(GB) W-Amp Rd(MB/s) Wr(MB/s) Comp(sec) CompMergeCPU(sec) Comp(cnt) Avg(sec) KeyIn KeyDrop
-------------------------------------------------------------------------------------------------------------------------------------------------------------------------------
 Low      0/0    0.00 KB   0.0      0.0     0.0      0.0       0.0      0.0       0.0   0.0     13.1     11.9      0.17              0.00        40    0.004     37K    978
High      0/0    0.00 KB   0.0      0.0     0.0      0.0       0.0      0.0       0.0   0.0      0.0      4.1      0.05              0.00        22    0.002       0      0
User      0/0    0.00 KB   0.0      0.0     0.0      0.0       0.0      0.0       0.0   0.0      0.0      0.0      0.49              0.00        88    0.006       0      0
Uptime(secs): 32.2 total, 32.2 interval
Flush(GB): cumulative 0.000, interval 0.000
AddFile(GB): cumulative 0.000, interval 0.000
AddFile(Total Files): cumulative 88, interval 88
AddFile(L0 Files): cumulative 76, interval 76
AddFile(Keys): cumulative 2704, interval 2704
Cumulative compaction: 0.00 GB write, 0.07 MB/s write, 0.00 GB read, 0.07 MB/s read, 0.7 seconds
Interval compaction: 0.00 GB write, 0.07 MB/s write, 0.00 GB read, 0.07 MB/s read, 0.7 seconds
Stalls(count): 0 level0_slowdown, 0 level0_slowdown_with_compaction, 0 level0_numfiles, 0 level0_numfiles_with_compaction, 0 stop for pending_compaction_bytes, 0 slowdown for pending_compaction_bytes, 0 memtable_compaction, 0 memtable_slowdown, interval 0 total count
estimated_pending_compaction_bytes: 0 B
I200226 13:31:23.361976 831 storage/replica_raftstorage.go:794  [n3,s3,r2/2:{-}] applying LEARNER snapshot [id=15c78f4d index=51]
I200226 13:31:23.388941 831 storage/replica_raftstorage.go:815  [n3,s3,r2/2:/System/NodeLiveness{-Max}] applied LEARNER snapshot [total=27ms ingestion=4@24ms id=15c78f4d index=51]
I200226 13:31:25.370392 883 storage/replica_raftstorage.go:794  [n3,s3,r21/2:{-}] applying LEARNER snapshot [id=6e9a72a5 index=17]
I200226 13:31:25.388363 883 storage/replica_raftstorage.go:815  [n3,s3,r21/2:/Table/2{5-6}] applied LEARNER snapshot [total=18ms ingestion=4@16ms id=6e9a72a5 index=17]
I200226 13:31:33.039381 316 server/status/runtime.go:498  [n3] runtime stats: 126 MiB RSS, 218 goroutines, 88 MiB/29 MiB/135 MiB GO alloc/idle/total, 21 MiB/36 MiB CGO alloc/total, 118.4 CGO/sec, 3.3/2.2 %(u/s)time, 0.0 %gc (1x), 782 KiB/541 KiB (r/w)net
I200226 13:31:43.040844 316 server/status/runtime.go:498  [n3] runtime stats: 120 MiB RSS, 219 goroutines, 98 MiB/20 MiB/135 MiB GO alloc/idle/total, 21 MiB/37 MiB CGO alloc/total, 63.3 CGO/sec, 1.7/1.4 %(u/s)time, 0.0 %gc (0x), 786 KiB/492 KiB (r/w)net
I200226 13:31:53.042877 316 server/status/runtime.go:498  [n3] runtime stats: 117 MiB RSS, 219 goroutines, 107 MiB/12 MiB/135 MiB GO alloc/idle/total, 21 MiB/37 MiB CGO alloc/total, 27.2 CGO/sec, 1.3/1.1 %(u/s)time, 0.0 %gc (0x), 552 KiB/319 KiB (r/w)net
I200226 13:32:03.020295 240 gossip/gossip.go:566  [n3] gossip status (ok, 3 nodes)
gossip client (1/3 cur/max conns)
  1: localhost:26257 (1m0s: infos 91/292 sent/received, bytes 21573B/97325B sent/received)
gossip server (0/3 cur/max conns, infos 91/292 sent/received, bytes 22209B/97859B sent/received)
gossip connectivity
  n2 [sentinel];
  n2 -> n1; n3 -> n1;
I200226 13:32:03.059870 316 server/status/runtime.go:498  [n3] runtime stats: 119 MiB RSS, 219 goroutines, 118 MiB/1.8 MiB/135 MiB GO alloc/idle/total, 21 MiB/37 MiB CGO alloc/total, 44.0 CGO/sec, 1.5/1.3 %(u/s)time, 0.0 %gc (0x), 673 KiB/439 KiB (r/w)net
I200226 13:32:13.046606 316 server/status/runtime.go:498  [n3] runtime stats: 130 MiB RSS, 218 goroutines, 131 MiB/54 MiB/201 MiB GO alloc/idle/total, 21 MiB/37 MiB CGO alloc/total, 35.8 CGO/sec, 2.2/1.2 %(u/s)time, 0.0 %gc (0x), 552 KiB/315 KiB (r/w)net
I200226 13:32:23.050230 316 server/status/runtime.go:498  [n3] runtime stats: 143 MiB RSS, 218 goroutines, 106 MiB/78 MiB/202 MiB GO alloc/idle/total, 21 MiB/38 MiB CGO alloc/total, 325.2 CGO/sec, 6.2/3.9 %(u/s)time, 0.0 %gc (1x), 4.4 MiB/4.2 MiB (r/w)net
I200226 13:32:33.046967 316 server/status/runtime.go:498  [n3] runtime stats: 145 MiB RSS, 218 goroutines, 118 MiB/67 MiB/202 MiB GO alloc/idle/total, 21 MiB/38 MiB CGO alloc/total, 37.4 CGO/sec, 1.5/1.2 %(u/s)time, 0.0 %gc (0x), 606 KiB/370 KiB (r/w)net
I200226 13:32:43.050289 316 server/status/runtime.go:498  [n3] runtime stats: 149 MiB RSS, 219 goroutines, 128 MiB/57 MiB/202 MiB GO alloc/idle/total, 21 MiB/38 MiB CGO alloc/total, 39.5 CGO/sec, 1.5/1.1 %(u/s)time, 0.0 %gc (0x), 547 KiB/311 KiB (r/w)net
I200226 13:32:53.054937 316 server/status/runtime.go:498  [n3] runtime stats: 154 MiB RSS, 219 goroutines, 140 MiB/45 MiB/202 MiB GO alloc/idle/total, 21 MiB/38 MiB CGO alloc/total, 285.0 CGO/sec, 2.3/1.8 %(u/s)time, 0.0 %gc (0x), 1.1 MiB/903 KiB (r/w)net
I200226 13:33:03.021509 240 gossip/gossip.go:566  [n3] gossip status (ok, 3 nodes)
gossip client (1/3 cur/max conns)
  1: localhost:26257 (2m0s: infos 155/567 sent/received, bytes 33410B/800241B sent/received)
gossip server (0/3 cur/max conns, infos 155/567 sent/received, bytes 34046B/800775B sent/received)
I200226 13:33:03.057655 316 server/status/runtime.go:498  [n3] runtime stats: 164 MiB RSS, 221 goroutines, 111 MiB/72 MiB/202 MiB GO alloc/idle/total, 29 MiB/46 MiB CGO alloc/total, 993.7 CGO/sec, 15.6/12.3 %(u/s)time, 0.0 %gc (1x), 8.8 MiB/8.6 MiB (r/w)net
I200226 13:33:13.062872 316 server/status/runtime.go:498  [n3] runtime stats: 166 MiB RSS, 218 goroutines, 146 MiB/38 MiB/202 MiB GO alloc/idle/total, 29 MiB/46 MiB CGO alloc/total, 892.2 CGO/sec, 15.2/12.9 %(u/s)time, 0.0 %gc (0x), 8.1 MiB/7.9 MiB (r/w)net
I200226 13:33:23.060783 316 server/status/runtime.go:498  [n3] runtime stats: 177 MiB RSS, 218 goroutines, 124 MiB/60 MiB/203 MiB GO alloc/idle/total, 27 MiB/46 MiB CGO alloc/total, 1242.3 CGO/sec, 21.3/14.5 %(u/s)time, 0.0 %gc (1x), 8.7 MiB/8.5 MiB (r/w)net
I200226 13:33:25.090963 318 sql/schema_changer.go:965  [n3,scExec] schema change on vehicles (56 v7) mutation 1 starting execution...
I200226 13:33:26.071885 318 sql/schema_changer.go:965  [n3,scExec] schema change on rides (57 v11) mutation 2 starting execution...
I200226 13:33:26.521085 318 sql/schema_changer.go:965  [n3,scExec] schema change on vehicle_location_histories (58 v5) mutation 1 starting execution...
I200226 13:33:26.866088 318 sql/schema_changer.go:965  [n3,scExec] schema change on user_promo_codes (60 v5) mutation 1 starting execution...
I200226 13:33:33.071687 316 server/status/runtime.go:498  [n3] runtime stats: 171 MiB RSS, 218 goroutines, 103 MiB/80 MiB/203 MiB GO alloc/idle/total, 26 MiB/46 MiB CGO alloc/total, 1136.9 CGO/sec, 19.9/13.3 %(u/s)time, 0.0 %gc (1x), 7.9 MiB/7.7 MiB (r/w)net
I200226 13:33:43.067013 316 server/status/runtime.go:498  [n3] runtime stats: 145 MiB RSS, 219 goroutines, 143 MiB/41 MiB/203 MiB GO alloc/idle/total, 26 MiB/46 MiB CGO alloc/total, 956.8 CGO/sec, 16.2/11.1 %(u/s)time, 0.0 %gc (0x), 6.9 MiB/6.6 MiB (r/w)net
I200226 13:33:53.075357 316 server/status/runtime.go:498  [n3] runtime stats: 165 MiB RSS, 219 goroutines, 110 MiB/74 MiB/203 MiB GO alloc/idle/total, 34 MiB/54 MiB CGO alloc/total, 930.2 CGO/sec, 16.4/11.4 %(u/s)time, 0.0 %gc (1x), 13 MiB/13 MiB (r/w)net
I200226 13:34:03.024598 240 gossip/gossip.go:566  [n3] gossip status (ok, 3 nodes)
gossip client (1/3 cur/max conns)
  1: localhost:26257 (3m0s: infos 216/802 sent/received, bytes 43905B/1221801B sent/received)
gossip server (0/3 cur/max conns, infos 216/802 sent/received, bytes 44541B/1222335B sent/received)
I200226 13:34:03.079522 316 server/status/runtime.go:498  [n3] runtime stats: 169 MiB RSS, 220 goroutines, 149 MiB/35 MiB/203 MiB GO alloc/idle/total, 34 MiB/54 MiB CGO alloc/total, 958.9 CGO/sec, 16.1/11.2 %(u/s)time, 0.0 %gc (0x), 9.1 MiB/8.9 MiB (r/w)net
I200226 13:34:13.079227 316 server/status/runtime.go:498  [n3] runtime stats: 173 MiB RSS, 218 goroutines, 124 MiB/60 MiB/203 MiB GO alloc/idle/total, 34 MiB/54 MiB CGO alloc/total, 1073.2 CGO/sec, 19.1/12.6 %(u/s)time, 0.0 %gc (1x), 8.5 MiB/8.3 MiB (r/w)net
I200226 13:34:23.080861 316 server/status/runtime.go:498  [n3] runtime stats: 178 MiB RSS, 218 goroutines, 94 MiB/88 MiB/203 MiB GO alloc/idle/total, 34 MiB/54 MiB CGO alloc/total, 1173.6 CGO/sec, 19.7/13.6 %(u/s)time, 0.0 %gc (1x), 8.5 MiB/8.3 MiB (r/w)net
I200226 13:34:33.093723 316 server/status/runtime.go:498  [n3] runtime stats: 176 MiB RSS, 218 goroutines, 133 MiB/51 MiB/203 MiB GO alloc/idle/total, 34 MiB/54 MiB CGO alloc/total, 923.1 CGO/sec, 16.0/10.9 %(u/s)time, 0.0 %gc (0x), 7.6 MiB/7.3 MiB (r/w)net
I200226 13:34:43.094434 316 server/status/runtime.go:498  [n3] runtime stats: 177 MiB RSS, 219 goroutines, 105 MiB/78 MiB/203 MiB GO alloc/idle/total, 34 MiB/54 MiB CGO alloc/total, 1042.1 CGO/sec, 18.1/12.3 %(u/s)time, 0.0 %gc (1x), 8.5 MiB/7.8 MiB (r/w)net
I200226 13:34:53.099867 316 server/status/runtime.go:498  [n3] runtime stats: 176 MiB RSS, 219 goroutines, 141 MiB/43 MiB/203 MiB GO alloc/idle/total, 42 MiB/62 MiB CGO alloc/total, 822.9 CGO/sec, 14.5/9.9 %(u/s)time, 0.0 %gc (0x), 9.1 MiB/8.9 MiB (r/w)net
I200226 13:35:03.025134 240 gossip/gossip.go:566  [n3] gossip status (ok, 3 nodes)
gossip client (1/3 cur/max conns)
  1: localhost:26257 (4m0s: infos 273/1015 sent/received, bytes 53048B/1250762B sent/received)
gossip server (0/3 cur/max conns, infos 273/1015 sent/received, bytes 53684B/1251296B sent/received)
I200226 13:35:03.102168 316 server/status/runtime.go:498  [n3] runtime stats: 178 MiB RSS, 219 goroutines, 111 MiB/72 MiB/203 MiB GO alloc/idle/total, 42 MiB/62 MiB CGO alloc/total, 1013.0 CGO/sec, 17.1/11.9 %(u/s)time, 0.0 %gc (1x), 12 MiB/11 MiB (r/w)net
I200226 13:35:13.097733 316 server/status/runtime.go:498  [n3] runtime stats: 181 MiB RSS, 218 goroutines, 87 MiB/90 MiB/203 MiB GO alloc/idle/total, 42 MiB/62 MiB CGO alloc/total, 872.6 CGO/sec, 16.6/10.7 %(u/s)time, 0.0 %gc (1x), 10 MiB/10 MiB (r/w)net
I200226 13:35:23.098157 316 server/status/runtime.go:498  [n3] runtime stats: 183 MiB RSS, 218 goroutines, 129 MiB/55 MiB/203 MiB GO alloc/idle/total, 42 MiB/62 MiB CGO alloc/total, 981.7 CGO/sec, 16.6/11.6 %(u/s)time, 0.0 %gc (0x), 11 MiB/11 MiB (r/w)net
I200226 13:35:33.098827 316 server/status/runtime.go:498  [n3] runtime stats: 184 MiB RSS, 218 goroutines, 92 MiB/88 MiB/203 MiB GO alloc/idle/total, 42 MiB/62 MiB CGO alloc/total, 920.2 CGO/sec, 15.8/11.1 %(u/s)time, 0.0 %gc (1x), 11 MiB/11 MiB (r/w)net
I200226 13:35:43.114552 316 server/status/runtime.go:498  [n3] runtime stats: 186 MiB RSS, 219 goroutines, 130 MiB/54 MiB/203 MiB GO alloc/idle/total, 50 MiB/70 MiB CGO alloc/total, 912.7 CGO/sec, 15.5/10.8 %(u/s)time, 0.0 %gc (0x), 12 MiB/12 MiB (r/w)net
I200226 13:35:53.107832 316 server/status/runtime.go:498  [n3] runtime stats: 188 MiB RSS, 219 goroutines, 97 MiB/82 MiB/203 MiB GO alloc/idle/total, 50 MiB/70 MiB CGO alloc/total, 868.3 CGO/sec, 14.9/10.3 %(u/s)time, 0.0 %gc (1x), 12 MiB/12 MiB (r/w)net
I200226 13:36:03.027618 240 gossip/gossip.go:566  [n3] gossip status (ok, 3 nodes)
gossip client (1/3 cur/max conns)
  1: localhost:26257 (5m0s: infos 332/1228 sent/received, bytes 62506B/1278906B sent/received)
gossip server (0/3 cur/max conns, infos 332/1228 sent/received, bytes 63142B/1279440B sent/received)
I200226 13:36:03.113602 316 server/status/runtime.go:498  [n3] runtime stats: 189 MiB RSS, 219 goroutines, 134 MiB/50 MiB/203 MiB GO alloc/idle/total, 50 MiB/70 MiB CGO alloc/total, 863.3 CGO/sec, 14.9/10.2 %(u/s)time, 0.0 %gc (0x), 11 MiB/10 MiB (r/w)net
I200226 13:36:13.110756 316 server/status/runtime.go:498  [n3] runtime stats: 190 MiB RSS, 218 goroutines, 100 MiB/80 MiB/203 MiB GO alloc/idle/total, 50 MiB/70 MiB CGO alloc/total, 870.3 CGO/sec, 15.2/10.2 %(u/s)time, 0.0 %gc (1x), 11 MiB/11 MiB (r/w)net
I200226 13:36:23.112854 316 server/status/runtime.go:498  [n3] runtime stats: 192 MiB RSS, 218 goroutines, 142 MiB/42 MiB/203 MiB GO alloc/idle/total, 50 MiB/70 MiB CGO alloc/total, 1035.5 CGO/sec, 17.1/11.8 %(u/s)time, 0.0 %gc (0x), 12 MiB/12 MiB (r/w)net
I200226 13:36:33.108015 316 server/status/runtime.go:498  [n3] runtime stats: 193 MiB RSS, 218 goroutines, 106 MiB/76 MiB/203 MiB GO alloc/idle/total, 50 MiB/70 MiB CGO alloc/total, 810.9 CGO/sec, 14.7/9.7 %(u/s)time, 0.0 %gc (1x), 11 MiB/11 MiB (r/w)net
I200226 13:36:43.108013 316 server/status/runtime.go:498  [n3] runtime stats: 195 MiB RSS, 219 goroutines, 142 MiB/43 MiB/203 MiB GO alloc/idle/total, 58 MiB/78 MiB CGO alloc/total, 831.5 CGO/sec, 14.5/9.8 %(u/s)time, 0.0 %gc (0x), 12 MiB/11 MiB (r/w)net
I200226 13:36:53.111163 316 server/status/runtime.go:498  [n3] runtime stats: 196 MiB RSS, 219 goroutines, 112 MiB/72 MiB/203 MiB GO alloc/idle/total, 58 MiB/78 MiB CGO alloc/total, 1013.2 CGO/sec, 17.3/12.0 %(u/s)time, 0.0 %gc (1x), 13 MiB/13 MiB (r/w)net
I200226 13:37:03.029844 240 gossip/gossip.go:566  [n3] gossip status (ok, 3 nodes)
gossip client (1/3 cur/max conns)
  1: localhost:26257 (6m0s: infos 390/1438 sent/received, bytes 71810B/1306589B sent/received)
gossip server (0/3 cur/max conns, infos 390/1438 sent/received, bytes 72446B/1307123B sent/received)
I200226 13:37:03.112027 316 server/status/runtime.go:498  [n3] runtime stats: 197 MiB RSS, 219 goroutines, 125 MiB/59 MiB/203 MiB GO alloc/idle/total, 58 MiB/78 MiB CGO alloc/total, 100.1 CGO/sec, 2.5/1.9 %(u/s)time, 0.0 %gc (0x), 1.2 MiB/1009 KiB (r/w)net
I200226 13:37:13.138459 316 server/status/runtime.go:498  [n3] runtime stats: 198 MiB RSS, 218 goroutines, 136 MiB/49 MiB/203 MiB GO alloc/idle/total, 58 MiB/78 MiB CGO alloc/total, 41.1 CGO/sec, 1.5/1.1 %(u/s)time, 0.0 %gc (0x), 921 KiB/511 KiB (r/w)net
I200226 13:37:23.121283 316 server/status/runtime.go:498  [n3] runtime stats: 198 MiB RSS, 218 goroutines, 146 MiB/38 MiB/203 MiB GO alloc/idle/total, 58 MiB/78 MiB CGO alloc/total, 34.0 CGO/sec, 1.5/1.2 %(u/s)time, 0.0 %gc (0x), 520 KiB/284 KiB (r/w)net
I200226 13:37:33.129695 316 server/status/runtime.go:498  [n3] runtime stats: 199 MiB RSS, 218 goroutines, 85 MiB/91 MiB/203 MiB GO alloc/idle/total, 58 MiB/78 MiB CGO alloc/total, 32.1 CGO/sec, 1.8/1.1 %(u/s)time, 0.0 %gc (1x), 534 KiB/296 KiB (r/w)net
I200226 13:37:43.130955 316 server/status/runtime.go:498  [n3] runtime stats: 200 MiB RSS, 219 goroutines, 96 MiB/81 MiB/203 MiB GO alloc/idle/total, 58 MiB/78 MiB CGO alloc/total, 31.1 CGO/sec, 1.5/1.2 %(u/s)time, 0.0 %gc (0x), 603 KiB/304 KiB (r/w)net
I200226 13:37:53.138028 316 server/status/runtime.go:498  [n3] runtime stats: 200 MiB RSS, 219 goroutines, 107 MiB/72 MiB/203 MiB GO alloc/idle/total, 58 MiB/78 MiB CGO alloc/total, 29.9 CGO/sec, 1.4/1.1 %(u/s)time, 0.0 %gc (0x), 526 KiB/283 KiB (r/w)net
I200226 13:38:03.030910 240 gossip/gossip.go:566  [n3] gossip status (ok, 3 nodes)
gossip client (1/3 cur/max conns)
  1: localhost:26257 (7m0s: infos 447/1646 sent/received, bytes 80953B/1333980B sent/received)
gossip server (0/3 cur/max conns, infos 447/1646 sent/received, bytes 81589B/1334514B sent/received)
I200226 13:38:03.142072 316 server/status/runtime.go:498  [n3] runtime stats: 201 MiB RSS, 219 goroutines, 118 MiB/62 MiB/203 MiB GO alloc/idle/total, 58 MiB/78 MiB CGO alloc/total, 53.8 CGO/sec, 1.6/1.3 %(u/s)time, 0.0 %gc (0x), 641 KiB/405 KiB (r/w)net
I200226 13:38:13.145912 316 server/status/runtime.go:498  [n3] runtime stats: 202 MiB RSS, 218 goroutines, 129 MiB/53 MiB/203 MiB GO alloc/idle/total, 58 MiB/78 MiB CGO alloc/total, 29.8 CGO/sec, 1.5/1.3 %(u/s)time, 0.0 %gc (0x), 554 KiB/308 KiB (r/w)net
I200226 13:38:23.144782 316 server/status/runtime.go:498  [n3] runtime stats: 203 MiB RSS, 218 goroutines, 139 MiB/43 MiB/203 MiB GO alloc/idle/total, 58 MiB/78 MiB CGO alloc/total, 31.9 CGO/sec, 1.4/1.2 %(u/s)time, 0.0 %gc (0x), 519 KiB/286 KiB (r/w)net
I200226 13:38:33.146056 316 server/status/runtime.go:498  [n3] runtime stats: 203 MiB RSS, 219 goroutines, 149 MiB/34 MiB/203 MiB GO alloc/idle/total, 66 MiB/86 MiB CGO alloc/total, 33.5 CGO/sec, 1.3/1.0 %(u/s)time, 0.0 %gc (0x), 579 KiB/312 KiB (r/w)net
I200226 13:38:43.150786 316 server/status/runtime.go:498  [n3] runtime stats: 207 MiB RSS, 219 goroutines, 84 MiB/92 MiB/203 MiB GO alloc/idle/total, 66 MiB/86 MiB CGO alloc/total, 33.1 CGO/sec, 1.7/1.1 %(u/s)time, 0.0 %gc (1x), 545 KiB/300 KiB (r/w)net
I200226 13:38:53.152064 316 server/status/runtime.go:498  [n3] runtime stats: 208 MiB RSS, 219 goroutines, 95 MiB/82 MiB/203 MiB GO alloc/idle/total, 66 MiB/86 MiB CGO alloc/total, 29.0 CGO/sec, 1.5/1.1 %(u/s)time, 0.0 %gc (0x), 516 KiB/279 KiB (r/w)net
I200226 13:39:03.032851 240 gossip/gossip.go:566  [n3] gossip status (ok, 3 nodes)
gossip client (1/3 cur/max conns)
  1: localhost:26257 (8m0s: infos 505/1856 sent/received, bytes 90257B/1361720B sent/received)
gossip server (0/3 cur/max conns, infos 505/1856 sent/received, bytes 90893B/1362254B sent/received)
I200226 13:39:03.154934 316 server/status/runtime.go:498  [n3] runtime stats: 208 MiB RSS, 218 goroutines, 106 MiB/73 MiB/203 MiB GO alloc/idle/total, 66 MiB/86 MiB CGO alloc/total, 49.0 CGO/sec, 1.6/1.3 %(u/s)time, 0.0 %gc (0x), 573 KiB/329 KiB (r/w)net
I200226 13:39:13.159560 316 server/status/runtime.go:498  [n3] runtime stats: 209 MiB RSS, 218 goroutines, 117 MiB/64 MiB/203 MiB GO alloc/idle/total, 66 MiB/86 MiB CGO alloc/total, 29.1 CGO/sec, 1.5/1.2 %(u/s)time, 0.0 %gc (0x), 532 KiB/287 KiB (r/w)net
I200226 13:39:23.164320 316 server/status/runtime.go:498  [n3] runtime stats: 210 MiB RSS, 218 goroutines, 127 MiB/54 MiB/203 MiB GO alloc/idle/total, 66 MiB/86 MiB CGO alloc/total, 32.0 CGO/sec, 1.5/1.1 %(u/s)time, 0.0 %gc (0x), 512 KiB/282 KiB (r/w)net
I200226 13:39:33.166170 316 server/status/runtime.go:498  [n3] runtime stats: 211 MiB RSS, 219 goroutines, 137 MiB/45 MiB/203 MiB GO alloc/idle/total, 66 MiB/86 MiB CGO alloc/total, 31.6 CGO/sec, 1.5/1.1 %(u/s)time, 0.0 %gc (0x), 532 KiB/295 KiB (r/w)net
I200226 13:39:43.170235 316 server/status/runtime.go:498  [n3] runtime stats: 211 MiB RSS, 219 goroutines, 148 MiB/35 MiB/203 MiB GO alloc/idle/total, 66 MiB/86 MiB CGO alloc/total, 32.2 CGO/sec, 1.4/1.0 %(u/s)time, 0.0 %gc (0x), 937 KiB/327 KiB (r/w)net
I200226 13:39:53.166350 316 server/status/runtime.go:498  [n3] runtime stats: 212 MiB RSS, 219 goroutines, 82 MiB/94 MiB/203 MiB GO alloc/idle/total, 66 MiB/86 MiB CGO alloc/total, 29.0 CGO/sec, 1.7/1.1 %(u/s)time, 0.0 %gc (1x), 516 KiB/282 KiB (r/w)net
I200226 13:40:03.035484 240 gossip/gossip.go:566  [n3] gossip status (ok, 3 nodes)
gossip client (1/3 cur/max conns)
  1: localhost:26257 (9m0s: infos 563/2065 sent/received, bytes 99561B/1389285B sent/received)
gossip server (0/3 cur/max conns, infos 563/2065 sent/received, bytes 100197B/1389819B sent/received)
I200226 13:40:03.176151 316 server/status/runtime.go:498  [n3] runtime stats: 213 MiB RSS, 218 goroutines, 93 MiB/84 MiB/203 MiB GO alloc/idle/total, 66 MiB/86 MiB CGO alloc/total, 50.5 CGO/sec, 1.7/1.3 %(u/s)time, 0.0 %gc (0x), 579 KiB/338 KiB (r/w)net
I200226 13:40:13.178197 316 server/status/runtime.go:498  [n3] runtime stats: 207 MiB RSS, 218 goroutines, 104 MiB/75 MiB/203 MiB GO alloc/idle/total, 66 MiB/86 MiB CGO alloc/total, 32.3 CGO/sec, 1.5/1.1 %(u/s)time, 0.0 %gc (0x), 535 KiB/298 KiB (r/w)net
I200226 13:40:23.181912 316 server/status/runtime.go:498  [n3] runtime stats: 197 MiB RSS, 218 goroutines, 115 MiB/66 MiB/203 MiB GO alloc/idle/total, 66 MiB/86 MiB CGO alloc/total, 30.7 CGO/sec, 1.4/1.0 %(u/s)time, 0.0 %gc (0x), 535 KiB/284 KiB (r/w)net
I200226 13:40:33.182087 316 server/status/runtime.go:498  [n3] runtime stats: 198 MiB RSS, 219 goroutines, 125 MiB/57 MiB/203 MiB GO alloc/idle/total, 74 MiB/94 MiB CGO alloc/total, 35.8 CGO/sec, 1.5/1.2 %(u/s)time, 0.0 %gc (0x), 616 KiB/391 KiB (r/w)net
I200226 13:40:43.184171 316 server/status/runtime.go:498  [n3] runtime stats: 198 MiB RSS, 219 goroutines, 136 MiB/47 MiB/203 MiB GO alloc/idle/total, 74 MiB/94 MiB CGO alloc/total, 32.0 CGO/sec, 1.5/1.2 %(u/s)time, 0.0 %gc (0x), 608 KiB/303 KiB (r/w)net
I200226 13:40:53.188864 316 server/status/runtime.go:498  [n3] runtime stats: 199 MiB RSS, 219 goroutines, 146 MiB/37 MiB/203 MiB GO alloc/idle/total, 74 MiB/94 MiB CGO alloc/total, 33.3 CGO/sec, 1.5/1.2 %(u/s)time, 0.0 %gc (0x), 522 KiB/288 KiB (r/w)net
I200226 13:41:03.037295 240 gossip/gossip.go:566  [n3] gossip status (ok, 3 nodes)
gossip client (1/3 cur/max conns)
  1: localhost:26257 (10m0s: infos 620/2272 sent/received, bytes 108704B/1416708B sent/received)
gossip server (0/3 cur/max conns, infos 620/2272 sent/received, bytes 109340B/1417242B sent/received)
I200226 13:41:03.202899 316 server/status/runtime.go:498  [n3] runtime stats: 194 MiB RSS, 218 goroutines, 81 MiB/96 MiB/203 MiB GO alloc/idle/total, 74 MiB/94 MiB CGO alloc/total, 49.1 CGO/sec, 1.8/1.4 %(u/s)time, 0.0 %gc (1x), 581 KiB/324 KiB (r/w)net
I200226 13:41:13.207895 316 server/status/runtime.go:498  [n3] runtime stats: 191 MiB RSS, 218 goroutines, 92 MiB/86 MiB/203 MiB GO alloc/idle/total, 74 MiB/94 MiB CGO alloc/total, 26.4 CGO/sec, 1.4/1.1 %(u/s)time, 0.0 %gc (0x), 528 KiB/283 KiB (r/w)net
I200226 13:41:23.043494 239 storage/store.go:2364  [n3,s3] sstables (read amplification = 2):
0 [   1K  1 ]: 1K
6 [ 134K 15 ]: 122K 1K[14]
I200226 13:41:23.043864 239 storage/store.go:2365  [n3,s3] 
** Compaction Stats [default] **
Level    Files   Size     Score Read(GB)  Rn(GB) Rnp1(GB) Write(GB) Wnew(GB) Moved(GB) W-Amp Rd(MB/s) Wr(MB/s) Comp(sec) CompMergeCPU(sec) Comp(cnt) Avg(sec) KeyIn KeyDrop
----------------------------------------------------------------------------------------------------------------------------------------------------------------------------
  L0      1/0    0.87 KB   0.5      0.0     0.0      0.0       0.0      0.0       0.0   0.6      0.0      0.6      0.46              0.00       108    0.004       0      0
  L6     15/0   134.48 KB   0.0      0.0     0.0      0.0       0.0      0.0       0.0   6.6      7.3      6.6      0.38              0.00        56    0.007     52K   1076
 Sum     16/0   135.34 KB   0.0      0.0     0.0      0.0       0.0      0.0       0.0   6.8      3.3      3.3      0.85              0.00       164    0.005     52K   1076
 Int      0/0    0.00 KB   0.0      0.0     0.0      0.0       0.0      0.0       0.0   6.8      3.9      3.9      0.14              0.00        14    0.010     14K     98

** Compaction Stats [default] **
Priority    Files   Size     Score Read(GB)  Rn(GB) Rnp1(GB) Write(GB) Wnew(GB) Moved(GB) W-Amp Rd(MB/s) Wr(MB/s) Comp(sec) CompMergeCPU(sec) Comp(cnt) Avg(sec) KeyIn KeyDrop
-------------------------------------------------------------------------------------------------------------------------------------------------------------------------------
 Low      0/0    0.00 KB   0.0      0.0     0.0      0.0       0.0      0.0       0.0   0.0     10.5      9.5      0.27              0.00        44    0.006     52K   1076
High      0/0    0.00 KB   0.0      0.0     0.0      0.0       0.0      0.0       0.0   0.0      0.0      4.6      0.06              0.00        24    0.002       0      0
User      0/0    0.00 KB   0.0      0.0     0.0      0.0       0.0      0.0       0.0   0.0      0.0      0.0      0.52              0.00        96    0.005       0      0
Uptime(secs): 632.2 total, 600.0 interval
Flush(GB): cumulative 0.000, interval 0.000
AddFile(GB): cumulative 0.000, interval 0.000
AddFile(Total Files): cumulative 96, interval 8
AddFile(L0 Files): cumulative 84, interval 8
AddFile(Keys): cumulative 2745, interval 41
Cumulative compaction: 0.00 GB write, 0.00 MB/s write, 0.00 GB read, 0.00 MB/s read, 0.8 seconds
Interval compaction: 0.00 GB write, 0.00 MB/s write, 0.00 GB read, 0.00 MB/s read, 0.1 seconds
Stalls(count): 0 level0_slowdown, 0 level0_slowdown_with_compaction, 0 level0_numfiles, 0 level0_numfiles_with_compaction, 0 stop for pending_compaction_bytes, 0 slowdown for pending_compaction_bytes, 0 memtable_compaction, 0 memtable_slowdown, interval 0 total count
estimated_pending_compaction_bytes: 0 B
I200226 13:41:23.220019 316 server/status/runtime.go:498  [n3] runtime stats: 190 MiB RSS, 218 goroutines, 102 MiB/77 MiB/203 MiB GO alloc/idle/total, 74 MiB/94 MiB CGO alloc/total, 32.7 CGO/sec, 1.4/1.1 %(u/s)time, 0.0 %gc (0x), 530 KiB/294 KiB (r/w)net
I200226 13:41:33.222660 316 server/status/runtime.go:498  [n3] runtime stats: 194 MiB RSS, 219 goroutines, 113 MiB/68 MiB/203 MiB GO alloc/idle/total, 74 MiB/94 MiB CGO alloc/total, 34.8 CGO/sec, 1.5/1.2 %(u/s)time, 0.0 %gc (0x), 552 KiB/310 KiB (r/w)net
I200226 13:41:43.230522 316 server/status/runtime.go:498  [n3] runtime stats: 193 MiB RSS, 219 goroutines, 123 MiB/58 MiB/203 MiB GO alloc/idle/total, 74 MiB/94 MiB CGO alloc/total, 31.8 CGO/sec, 1.5/1.2 %(u/s)time, 0.0 %gc (0x), 622 KiB/377 KiB (r/w)net
I200226 13:41:53.232820 316 server/status/runtime.go:498  [n3] runtime stats: 194 MiB RSS, 219 goroutines, 134 MiB/48 MiB/203 MiB GO alloc/idle/total, 74 MiB/94 MiB CGO alloc/total, 31.5 CGO/sec, 1.4/1.1 %(u/s)time, 0.0 %gc (0x), 603 KiB/308 KiB (r/w)net
I200226 13:42:03.042906 240 gossip/gossip.go:566  [n3] gossip status (ok, 3 nodes)
gossip client (1/3 cur/max conns)
  1: localhost:26257 (11m0s: infos 678/2481 sent/received, bytes 118008B/1444278B sent/received)
gossip server (0/3 cur/max conns, infos 678/2481 sent/received, bytes 118644B/1444812B sent/received)
I200226 13:42:03.240685 316 server/status/runtime.go:498  [n3] runtime stats: 161 MiB RSS, 218 goroutines, 145 MiB/38 MiB/203 MiB GO alloc/idle/total, 18 MiB/34 MiB CGO alloc/total, 49.5 CGO/sec, 6.9/2.1 %(u/s)time, 0.0 %gc (0x), 593 KiB/356 KiB (r/w)net
I200226 13:42:13.251818 316 server/status/runtime.go:498  [n3] runtime stats: 164 MiB RSS, 218 goroutines, 81 MiB/95 MiB/203 MiB GO alloc/idle/total, 19 MiB/34 MiB CGO alloc/total, 26.5 CGO/sec, 1.7/1.2 %(u/s)time, 0.0 %gc (1x), 540 KiB/302 KiB (r/w)net
I200226 13:42:23.263618 316 server/status/runtime.go:498  [n3] runtime stats: 165 MiB RSS, 218 goroutines, 92 MiB/85 MiB/203 MiB GO alloc/idle/total, 19 MiB/34 MiB CGO alloc/total, 28.7 CGO/sec, 1.4/1.2 %(u/s)time, 0.0 %gc (0x), 550 KiB/305 KiB (r/w)net
I200226 13:42:33.264037 316 server/status/runtime.go:498  [n3] runtime stats: 166 MiB RSS, 219 goroutines, 103 MiB/76 MiB/203 MiB GO alloc/idle/total, 19 MiB/34 MiB CGO alloc/total, 27.1 CGO/sec, 1.4/1.2 %(u/s)time, 0.0 %gc (0x), 549 KiB/313 KiB (r/w)net
I200226 13:42:43.272573 316 server/status/runtime.go:498  [n3] runtime stats: 166 MiB RSS, 219 goroutines, 113 MiB/67 MiB/203 MiB GO alloc/idle/total, 19 MiB/34 MiB CGO alloc/total, 22.9 CGO/sec, 1.4/1.1 %(u/s)time, 0.0 %gc (0x), 540 KiB/299 KiB (r/w)net
I200226 13:42:53.277775 316 server/status/runtime.go:498  [n3] runtime stats: 167 MiB RSS, 219 goroutines, 123 MiB/58 MiB/203 MiB GO alloc/idle/total, 19 MiB/34 MiB CGO alloc/total, 28.2 CGO/sec, 1.3/1.1 %(u/s)time, 0.0 %gc (0x), 535 KiB/301 KiB (r/w)net
I200226 13:43:03.046707 240 gossip/gossip.go:566  [n3] gossip status (ok, 3 nodes)
gossip client (1/3 cur/max conns)
  1: localhost:26257 (12m0s: infos 736/2690 sent/received, bytes 127312B/1471943B sent/received)
gossip server (0/3 cur/max conns, infos 736/2690 sent/received, bytes 127948B/1472477B sent/received)
I200226 13:43:03.286747 316 server/status/runtime.go:498  [n3] runtime stats: 168 MiB RSS, 218 goroutines, 134 MiB/48 MiB/203 MiB GO alloc/idle/total, 19 MiB/35 MiB CGO alloc/total, 48.3 CGO/sec, 1.6/1.3 %(u/s)time, 0.0 %gc (0x), 575 KiB/336 KiB (r/w)net
I200226 13:43:13.287809 316 server/status/runtime.go:498  [n3] runtime stats: 169 MiB RSS, 218 goroutines, 145 MiB/38 MiB/203 MiB GO alloc/idle/total, 19 MiB/35 MiB CGO alloc/total, 35.4 CGO/sec, 1.6/1.3 %(u/s)time, 0.0 %gc (0x), 651 KiB/409 KiB (r/w)net
I200226 13:43:23.296196 316 server/status/runtime.go:498  [n3] runtime stats: 170 MiB RSS, 218 goroutines, 81 MiB/95 MiB/203 MiB GO alloc/idle/total, 19 MiB/35 MiB CGO alloc/total, 27.0 CGO/sec, 1.7/1.2 %(u/s)time, 0.0 %gc (1x), 532 KiB/297 KiB (r/w)net
I200226 13:43:33.308368 316 server/status/runtime.go:498  [n3] runtime stats: 170 MiB RSS, 219 goroutines, 93 MiB/84 MiB/203 MiB GO alloc/idle/total, 19 MiB/35 MiB CGO alloc/total, 28.8 CGO/sec, 1.4/1.1 %(u/s)time, 0.0 %gc (0x), 551 KiB/314 KiB (r/w)net
I200226 13:43:43.312030 316 server/status/runtime.go:498  [n3] runtime stats: 171 MiB RSS, 219 goroutines, 104 MiB/75 MiB/203 MiB GO alloc/idle/total, 19 MiB/35 MiB CGO alloc/total, 29.5 CGO/sec, 1.4/1.1 %(u/s)time, 0.0 %gc (0x), 630 KiB/339 KiB (r/w)net
I200226 13:43:53.320265 316 server/status/runtime.go:498  [n3] runtime stats: 172 MiB RSS, 219 goroutines, 114 MiB/66 MiB/203 MiB GO alloc/idle/total, 19 MiB/35 MiB CGO alloc/total, 26.6 CGO/sec, 1.4/1.1 %(u/s)time, 0.0 %gc (0x), 554 KiB/296 KiB (r/w)net
I200226 13:44:03.048303 240 gossip/gossip.go:566  [n3] gossip status (ok, 3 nodes)
gossip client (1/3 cur/max conns)
  1: localhost:26257 (13m0s: infos 793/2897 sent/received, bytes 136455B/1499266B sent/received)
gossip server (0/3 cur/max conns, infos 793/2897 sent/received, bytes 137091B/1499800B sent/received)
I200226 13:44:03.325219 316 server/status/runtime.go:498  [n3] runtime stats: 173 MiB RSS, 218 goroutines, 125 MiB/57 MiB/203 MiB GO alloc/idle/total, 27 MiB/43 MiB CGO alloc/total, 43.6 CGO/sec, 1.5/1.2 %(u/s)time, 0.0 %gc (0x), 573 KiB/336 KiB (r/w)net
I200226 13:44:13.335930 316 server/status/runtime.go:498  [n3] runtime stats: 173 MiB RSS, 218 goroutines, 135 MiB/47 MiB/203 MiB GO alloc/idle/total, 27 MiB/43 MiB CGO alloc/total, 26.3 CGO/sec, 1.5/1.1 %(u/s)time, 0.0 %gc (0x), 540 KiB/303 KiB (r/w)net
I200226 13:44:23.343011 316 server/status/runtime.go:498  [n3] runtime stats: 174 MiB RSS, 218 goroutines, 146 MiB/37 MiB/203 MiB GO alloc/idle/total, 27 MiB/43 MiB CGO alloc/total, 26.3 CGO/sec, 1.4/1.1 %(u/s)time, 0.0 %gc (0x), 518 KiB/298 KiB (r/w)net
I200226 13:44:33.352794 316 server/status/runtime.go:498  [n3] runtime stats: 175 MiB RSS, 219 goroutines, 156 MiB/28 MiB/203 MiB GO alloc/idle/total, 27 MiB/43 MiB CGO alloc/total, 31.3 CGO/sec, 1.4/1.1 %(u/s)time, 0.0 %gc (0x), 565 KiB/325 KiB (r/w)net
I200226 13:44:43.360721 316 server/status/runtime.go:498  [n3] runtime stats: 176 MiB RSS, 219 goroutines, 94 MiB/84 MiB/203 MiB GO alloc/idle/total, 27 MiB/43 MiB CGO alloc/total, 34.9 CGO/sec, 2.2/1.2 %(u/s)time, 0.0 %gc (1x), 951 KiB/340 KiB (r/w)net
I200226 13:44:53.368574 316 server/status/runtime.go:498  [n3] runtime stats: 176 MiB RSS, 219 goroutines, 105 MiB/75 MiB/203 MiB GO alloc/idle/total, 27 MiB/43 MiB CGO alloc/total, 27.3 CGO/sec, 1.4/1.0 %(u/s)time, 0.0 %gc (0x), 550 KiB/305 KiB (r/w)net
I200226 13:45:03.049600 240 gossip/gossip.go:566  [n3] gossip status (ok, 3 nodes)
gossip client (1/3 cur/max conns)
  1: localhost:26257 (14m0s: infos 851/3106 sent/received, bytes 145759B/1526891B sent/received)
gossip server (0/3 cur/max conns, infos 851/3106 sent/received, bytes 146395B/1527425B sent/received)
I200226 13:45:03.366969 316 server/status/runtime.go:498  [n3] runtime stats: 177 MiB RSS, 218 goroutines, 116 MiB/65 MiB/203 MiB GO alloc/idle/total, 27 MiB/43 MiB CGO alloc/total, 45.8 CGO/sec, 1.5/1.2 %(u/s)time, 0.0 %gc (0x), 575 KiB/341 KiB (r/w)net
I200226 13:45:13.379396 316 server/status/runtime.go:498  [n3] runtime stats: 178 MiB RSS, 218 goroutines, 126 MiB/56 MiB/203 MiB GO alloc/idle/total, 27 MiB/43 MiB CGO alloc/total, 30.6 CGO/sec, 1.4/1.1 %(u/s)time, 0.0 %gc (0x), 558 KiB/317 KiB (r/w)net
I200226 13:45:23.381093 316 server/status/runtime.go:498  [n3] runtime stats: 178 MiB RSS, 218 goroutines, 136 MiB/46 MiB/203 MiB GO alloc/idle/total, 27 MiB/43 MiB CGO alloc/total, 27.7 CGO/sec, 1.4/1.1 %(u/s)time, 0.0 %gc (0x), 546 KiB/307 KiB (r/w)net
I200226 13:45:33.389916 316 server/status/runtime.go:498  [n3] runtime stats: 179 MiB RSS, 219 goroutines, 147 MiB/36 MiB/203 MiB GO alloc/idle/total, 27 MiB/43 MiB CGO alloc/total, 28.9 CGO/sec, 1.4/1.1 %(u/s)time, 0.0 %gc (0x), 564 KiB/316 KiB (r/w)net
I200226 13:45:43.392374 316 server/status/runtime.go:498  [n3] runtime stats: 180 MiB RSS, 219 goroutines, 83 MiB/94 MiB/203 MiB GO alloc/idle/total, 27 MiB/43 MiB CGO alloc/total, 31.5 CGO/sec, 1.8/1.3 %(u/s)time, 0.0 %gc (1x), 639 KiB/400 KiB (r/w)net
I200226 13:45:53.398568 316 server/status/runtime.go:498  [n3] runtime stats: 180 MiB RSS, 219 goroutines, 94 MiB/84 MiB/203 MiB GO alloc/idle/total, 27 MiB/43 MiB CGO alloc/total, 28.0 CGO/sec, 1.3/1.0 %(u/s)time, 0.0 %gc (0x), 537 KiB/300 KiB (r/w)net
I200226 13:46:03.051202 240 gossip/gossip.go:566  [n3] gossip status (ok, 3 nodes)
gossip client (1/3 cur/max conns)
  1: localhost:26257 (15m0s: infos 909/3315 sent/received, bytes 155063B/1554406B sent/received)
gossip server (0/3 cur/max conns, infos 909/3315 sent/received, bytes 155699B/1554940B sent/received)
I200226 13:46:03.401457 316 server/status/runtime.go:498  [n3] runtime stats: 181 MiB RSS, 218 goroutines, 105 MiB/74 MiB/203 MiB GO alloc/idle/total, 35 MiB/51 MiB CGO alloc/total, 50.2 CGO/sec, 1.7/1.3 %(u/s)time, 0.0 %gc (0x), 576 KiB/348 KiB (r/w)net
I200226 13:46:13.408344 316 server/status/runtime.go:498  [n3] runtime stats: 182 MiB RSS, 218 goroutines, 116 MiB/65 MiB/203 MiB GO alloc/idle/total, 35 MiB/51 MiB CGO alloc/total, 27.3 CGO/sec, 1.4/1.1 %(u/s)time, 0.0 %gc (0x), 540 KiB/305 KiB (r/w)net
I200226 13:46:23.418523 316 server/status/runtime.go:498  [n3] runtime stats: 182 MiB RSS, 218 goroutines, 126 MiB/56 MiB/203 MiB GO alloc/idle/total, 35 MiB/51 MiB CGO alloc/total, 28.9 CGO/sec, 1.5/1.1 %(u/s)time, 0.0 %gc (0x), 555 KiB/309 KiB (r/w)net
I200226 13:46:33.428315 316 server/status/runtime.go:498  [n3] runtime stats: 183 MiB RSS, 219 goroutines, 136 MiB/46 MiB/203 MiB GO alloc/idle/total, 35 MiB/51 MiB CGO alloc/total, 27.9 CGO/sec, 1.4/1.1 %(u/s)time, 0.0 %gc (0x), 548 KiB/309 KiB (r/w)net
I200226 13:46:43.434620 316 server/status/runtime.go:498  [n3] runtime stats: 184 MiB RSS, 219 goroutines, 147 MiB/36 MiB/203 MiB GO alloc/idle/total, 35 MiB/51 MiB CGO alloc/total, 30.6 CGO/sec, 1.5/1.2 %(u/s)time, 0.0 %gc (0x), 618 KiB/311 KiB (r/w)net
I200226 13:46:53.437820 316 server/status/runtime.go:498  [n3] runtime stats: 185 MiB RSS, 219 goroutines, 83 MiB/94 MiB/203 MiB GO alloc/idle/total, 35 MiB/51 MiB CGO alloc/total, 26.6 CGO/sec, 1.7/1.1 %(u/s)time, 0.0 %gc (1x), 522 KiB/282 KiB (r/w)net
I200226 13:47:03.052947 240 gossip/gossip.go:566  [n3] gossip status (ok, 3 nodes)
gossip client (1/3 cur/max conns)
  1: localhost:26257 (16m0s: infos 966/3522 sent/received, bytes 164206B/1581879B sent/received)
gossip server (0/3 cur/max conns, infos 966/3522 sent/received, bytes 164842B/1582413B sent/received)
I200226 13:47:03.450476 316 server/status/runtime.go:498  [n3] runtime stats: 185 MiB RSS, 218 goroutines, 95 MiB/83 MiB/203 MiB GO alloc/idle/total, 35 MiB/51 MiB CGO alloc/total, 46.6 CGO/sec, 1.6/1.3 %(u/s)time, 0.0 %gc (0x), 546 KiB/324 KiB (r/w)net
I200226 13:47:13.449186 316 server/status/runtime.go:498  [n3] runtime stats: 186 MiB RSS, 218 goroutines, 105 MiB/74 MiB/203 MiB GO alloc/idle/total, 35 MiB/51 MiB CGO alloc/total, 28.6 CGO/sec, 1.5/1.2 %(u/s)time, 0.0 %gc (0x), 546 KiB/288 KiB (r/w)net
I200226 13:47:23.460592 316 server/status/runtime.go:498  [n3] runtime stats: 187 MiB RSS, 218 goroutines, 116 MiB/65 MiB/203 MiB GO alloc/idle/total, 35 MiB/51 MiB CGO alloc/total, 28.0 CGO/sec, 1.4/1.1 %(u/s)time, 0.0 %gc (0x), 508 KiB/280 KiB (r/w)net
I200226 13:47:33.464621 316 server/status/runtime.go:498  [n3] runtime stats: 187 MiB RSS, 219 goroutines, 126 MiB/55 MiB/203 MiB GO alloc/idle/total, 35 MiB/51 MiB CGO alloc/total, 27.3 CGO/sec, 1.4/1.1 %(u/s)time, 0.0 %gc (0x), 529 KiB/288 KiB (r/w)net
I200226 13:47:43.468474 316 server/status/runtime.go:498  [n3] runtime stats: 188 MiB RSS, 219 goroutines, 136 MiB/46 MiB/203 MiB GO alloc/idle/total, 35 MiB/51 MiB CGO alloc/total, 24.6 CGO/sec, 1.4/1.1 %(u/s)time, 0.0 %gc (0x), 519 KiB/288 KiB (r/w)net
I200226 13:47:53.468337 316 server/status/runtime.go:498  [n3] runtime stats: 189 MiB RSS, 219 goroutines, 147 MiB/36 MiB/203 MiB GO alloc/idle/total, 35 MiB/51 MiB CGO alloc/total, 25.6 CGO/sec, 1.3/1.1 %(u/s)time, 0.0 %gc (0x), 525 KiB/285 KiB (r/w)net
I200226 13:48:03.054978 240 gossip/gossip.go:566  [n3] gossip status (ok, 3 nodes)
gossip client (1/3 cur/max conns)
  1: localhost:26257 (17m0s: infos 1024/3732 sent/received, bytes 173510B/1609619B sent/received)
gossip server (0/3 cur/max conns, infos 1024/3732 sent/received, bytes 174146B/1610153B sent/received)
I200226 13:48:03.470306 316 server/status/runtime.go:498  [n3] runtime stats: 190 MiB RSS, 218 goroutines, 80 MiB/96 MiB/203 MiB GO alloc/idle/total, 43 MiB/59 MiB CGO alloc/total, 49.2 CGO/sec, 1.9/1.3 %(u/s)time, 0.0 %gc (1x), 640 KiB/330 KiB (r/w)net
I200226 13:48:13.471161 316 server/status/runtime.go:498  [n3] runtime stats: 191 MiB RSS, 218 goroutines, 92 MiB/85 MiB/203 MiB GO alloc/idle/total, 43 MiB/59 MiB CGO alloc/total, 30.8 CGO/sec, 1.5/1.2 %(u/s)time, 0.0 %gc (0x), 539 KiB/303 KiB (r/w)net
I200226 13:48:23.482302 316 server/status/runtime.go:498  [n3] runtime stats: 177 MiB RSS, 218 goroutines, 103 MiB/76 MiB/203 MiB GO alloc/idle/total, 43 MiB/59 MiB CGO alloc/total, 31.2 CGO/sec, 1.5/1.1 %(u/s)time, 0.0 %gc (0x), 623 KiB/379 KiB (r/w)net
I200226 13:48:33.482254 316 server/status/runtime.go:498  [n3] runtime stats: 178 MiB RSS, 219 goroutines, 113 MiB/68 MiB/203 MiB GO alloc/idle/total, 43 MiB/59 MiB CGO alloc/total, 27.1 CGO/sec, 1.3/1.0 %(u/s)time, 0.0 %gc (0x), 1006 KiB/334 KiB (r/w)net
I200226 13:48:43.485623 316 server/status/runtime.go:498  [n3] runtime stats: 179 MiB RSS, 219 goroutines, 124 MiB/58 MiB/203 MiB GO alloc/idle/total, 43 MiB/59 MiB CGO alloc/total, 27.6 CGO/sec, 1.4/1.0 %(u/s)time, 0.0 %gc (0x), 579 KiB/329 KiB (r/w)net
I200226 13:48:53.497130 316 server/status/runtime.go:498  [n3] runtime stats: 179 MiB RSS, 219 goroutines, 134 MiB/48 MiB/203 MiB GO alloc/idle/total, 43 MiB/59 MiB CGO alloc/total, 28.1 CGO/sec, 1.4/1.1 %(u/s)time, 0.0 %gc (0x), 769 KiB/325 KiB (r/w)net
I200226 13:49:03.057601 240 gossip/gossip.go:566  [n3] gossip status (ok, 3 nodes)
gossip client (1/3 cur/max conns)
  1: localhost:26257 (18m0s: infos 1082/3941 sent/received, bytes 182814B/1637184B sent/received)
gossip server (0/3 cur/max conns, infos 1082/3941 sent/received, bytes 183450B/1637718B sent/received)
I200226 13:49:03.491574 316 server/status/runtime.go:498  [n3] runtime stats: 180 MiB RSS, 218 goroutines, 145 MiB/38 MiB/203 MiB GO alloc/idle/total, 43 MiB/59 MiB CGO alloc/total, 45.9 CGO/sec, 1.5/1.1 %(u/s)time, 0.0 %gc (0x), 1.8 MiB/457 KiB (r/w)net
I200226 13:49:13.499505 316 server/status/runtime.go:498  [n3] runtime stats: 181 MiB RSS, 218 goroutines, 82 MiB/95 MiB/203 MiB GO alloc/idle/total, 43 MiB/59 MiB CGO alloc/total, 28.0 CGO/sec, 1.7/1.1 %(u/s)time, 0.0 %gc (1x), 578 KiB/293 KiB (r/w)net
I200226 13:49:23.500401 316 server/status/runtime.go:498  [n3] runtime stats: 182 MiB RSS, 218 goroutines, 93 MiB/85 MiB/203 MiB GO alloc/idle/total, 43 MiB/59 MiB CGO alloc/total, 27.3 CGO/sec, 1.3/1.0 %(u/s)time, 0.0 %gc (0x), 4.6 MiB/509 KiB (r/w)net
I200226 13:49:33.504373 316 server/status/runtime.go:498  [n3] runtime stats: 182 MiB RSS, 219 goroutines, 104 MiB/75 MiB/203 MiB GO alloc/idle/total, 43 MiB/59 MiB CGO alloc/total, 28.4 CGO/sec, 1.3/1.0 %(u/s)time, 0.0 %gc (0x), 1.1 MiB/389 KiB (r/w)net
I200226 13:49:43.512783 316 server/status/runtime.go:498  [n3] runtime stats: 183 MiB RSS, 219 goroutines, 114 MiB/66 MiB/203 MiB GO alloc/idle/total, 43 MiB/59 MiB CGO alloc/total, 31.3 CGO/sec, 1.4/1.1 %(u/s)time, 0.0 %gc (0x), 1.2 MiB/387 KiB (r/w)net
I200226 13:49:53.529090 316 server/status/runtime.go:498  [n3] runtime stats: 181 MiB RSS, 219 goroutines, 125 MiB/57 MiB/203 MiB GO alloc/idle/total, 43 MiB/59 MiB CGO alloc/total, 25.0 CGO/sec, 1.3/1.1 %(u/s)time, 0.0 %gc (0x), 612 KiB/307 KiB (r/w)net
I200226 13:50:03.059135 240 gossip/gossip.go:566  [n3] gossip status (ok, 3 nodes)
gossip client (1/3 cur/max conns)
  1: localhost:26257 (19m0s: infos 1138/4148 sent/received, bytes 191805B/1664557B sent/received)
gossip server (0/3 cur/max conns, infos 1138/4148 sent/received, bytes 192441B/1665091B sent/received)
I200226 13:50:03.584881 316 server/status/runtime.go:498  [n3] runtime stats: 182 MiB RSS, 218 goroutines, 136 MiB/47 MiB/203 MiB GO alloc/idle/total, 51 MiB/67 MiB CGO alloc/total, 44.9 CGO/sec, 1.6/1.2 %(u/s)time, 0.0 %gc (0x), 553 KiB/315 KiB (r/w)net
I200226 13:50:13.527887 316 server/status/runtime.go:498  [n3] runtime stats: 182 MiB RSS, 218 goroutines, 146 MiB/37 MiB/203 MiB GO alloc/idle/total, 51 MiB/67 MiB CGO alloc/total, 26.5 CGO/sec, 1.4/1.0 %(u/s)time, 0.0 %gc (0x), 671 KiB/317 KiB (r/w)net
I200226 13:50:23.527200 316 server/status/runtime.go:498  [n3] runtime stats: 183 MiB RSS, 218 goroutines, 82 MiB/95 MiB/203 MiB GO alloc/idle/total, 51 MiB/67 MiB CGO alloc/total, 30.8 CGO/sec, 1.7/1.1 %(u/s)time, 0.0 %gc (1x), 646 KiB/294 KiB (r/w)net
I200226 13:50:33.527633 316 server/status/runtime.go:498  [n3] runtime stats: 182 MiB RSS, 219 goroutines, 92 MiB/85 MiB/203 MiB GO alloc/idle/total, 51 MiB/67 MiB CGO alloc/total, 28.8 CGO/sec, 1.3/1.0 %(u/s)time, 0.0 %gc (0x), 585 KiB/346 KiB (r/w)net
I200226 13:50:43.530418 316 server/status/runtime.go:498  [n3] runtime stats: 183 MiB RSS, 219 goroutines, 104 MiB/76 MiB/203 MiB GO alloc/idle/total, 51 MiB/67 MiB CGO alloc/total, 35.3 CGO/sec, 1.5/1.1 %(u/s)time, 0.0 %gc (0x), 676 KiB/436 KiB (r/w)net
I200226 13:50:53.546562 316 server/status/runtime.go:498  [n3] runtime stats: 183 MiB RSS, 219 goroutines, 114 MiB/66 MiB/203 MiB GO alloc/idle/total, 51 MiB/67 MiB CGO alloc/total, 26.5 CGO/sec, 1.3/1.0 %(u/s)time, 0.0 %gc (0x), 1.1 MiB/372 KiB (r/w)net
I200226 13:51:03.061212 240 gossip/gossip.go:566  [n3] gossip status (ok, 3 nodes)
gossip client (1/3 cur/max conns)
  1: localhost:26257 (20m0s: infos 1196/4358 sent/received, bytes 201109B/1692347B sent/received)
gossip server (0/3 cur/max conns, infos 1196/4358 sent/received, bytes 201745B/1692881B sent/received)
I200226 13:51:03.576870 316 server/status/runtime.go:498  [n3] runtime stats: 182 MiB RSS, 218 goroutines, 125 MiB/56 MiB/203 MiB GO alloc/idle/total, 51 MiB/67 MiB CGO alloc/total, 46.6 CGO/sec, 1.6/1.2 %(u/s)time, 0.0 %gc (0x), 602 KiB/328 KiB (r/w)net
I200226 13:51:13.537326 316 server/status/runtime.go:498  [n3] runtime stats: 182 MiB RSS, 218 goroutines, 136 MiB/47 MiB/203 MiB GO alloc/idle/total, 51 MiB/67 MiB CGO alloc/total, 25.7 CGO/sec, 1.4/1.0 %(u/s)time, 0.0 %gc (0x), 527 KiB/294 KiB (r/w)net
I200226 13:51:23.066000 239 storage/store.go:2364  [n3,s3] sstables (read amplification = 1):
6 [ 2M 1 ]: 2M
I200226 13:51:23.066180 239 storage/store.go:2365  [n3,s3] 
** Compaction Stats [default] **
Level    Files   Size     Score Read(GB)  Rn(GB) Rnp1(GB) Write(GB) Wnew(GB) Moved(GB) W-Amp Rd(MB/s) Wr(MB/s) Comp(sec) CompMergeCPU(sec) Comp(cnt) Avg(sec) KeyIn KeyDrop
----------------------------------------------------------------------------------------------------------------------------------------------------------------------------
  L0      0/0    0.00 KB   0.0      0.0     0.0      0.0       0.0      0.0       0.0   0.9      0.0      2.3      0.99              0.00       109    0.009       0      0
  L6      1/0    1.58 MB   0.0      0.0     0.0      0.0       0.0      0.0       0.0   1.7      9.6      7.9      0.52              0.00        57    0.009    134K    39K
 Sum      1/0    1.58 MB   0.0      0.0     0.0      0.0       0.0      0.0       0.0   2.6      3.3      4.2      1.51              0.00       166    0.009    134K    39K
 Int      0/0    0.00 KB   0.0      0.0     0.0      0.0       0.0      0.0       0.0   1.8      3.3      5.4      0.66              0.00         2    0.332     81K    37K

** Compaction Stats [default] **
Priority    Files   Size     Score Read(GB)  Rn(GB) Rnp1(GB) Write(GB) Wnew(GB) Moved(GB) W-Amp Rd(MB/s) Wr(MB/s) Comp(sec) CompMergeCPU(sec) Comp(cnt) Avg(sec) KeyIn KeyDrop
-------------------------------------------------------------------------------------------------------------------------------------------------------------------------------
 Low      0/0    0.00 KB   0.0      0.0     0.0      0.0       0.0      0.0       0.0   0.0     12.3     10.1      0.41              0.00        45    0.009    134K    39K
High      0/0    0.00 KB   0.0      0.0     0.0      0.0       0.0      0.0       0.0   0.0      0.0      4.0      0.58              0.00        25    0.023       0      0
User      0/0    0.00 KB   0.0      0.0     0.0      0.0       0.0      0.0       0.0   0.0      0.0      0.0      0.52              0.00        96    0.005       0      0
Uptime(secs): 1232.2 total, 600.0 interval
Flush(GB): cumulative 0.002, interval 0.002
AddFile(GB): cumulative 0.000, interval 0.000
AddFile(Total Files): cumulative 96, interval 0
AddFile(L0 Files): cumulative 84, interval 0
AddFile(Keys): cumulative 2745, interval 0
Cumulative compaction: 0.01 GB write, 0.01 MB/s write, 0.00 GB read, 0.00 MB/s read, 1.5 seconds
Interval compaction: 0.00 GB write, 0.01 MB/s write, 0.00 GB read, 0.00 MB/s read, 0.7 seconds
Stalls(count): 0 level0_slowdown, 0 level0_slowdown_with_compaction, 0 level0_numfiles, 0 level0_numfiles_with_compaction, 0 stop for pending_compaction_bytes, 0 slowdown for pending_compaction_bytes, 0 memtable_compaction, 0 memtable_slowdown, interval 0 total count
estimated_pending_compaction_bytes: 0 B
I200226 13:51:23.539902 316 server/status/runtime.go:498  [n3] runtime stats: 177 MiB RSS, 218 goroutines, 146 MiB/37 MiB/203 MiB GO alloc/idle/total, 51 MiB/67 MiB CGO alloc/total, 29.5 CGO/sec, 1.4/1.1 %(u/s)time, 0.0 %gc (0x), 525 KiB/291 KiB (r/w)net
I200226 13:51:33.541649 316 server/status/runtime.go:498  [n3] runtime stats: 172 MiB RSS, 219 goroutines, 156 MiB/28 MiB/203 MiB GO alloc/idle/total, 51 MiB/67 MiB CGO alloc/total, 29.5 CGO/sec, 1.4/1.1 %(u/s)time, 0.0 %gc (0x), 526 KiB/288 KiB (r/w)net
I200226 13:51:43.542937 316 server/status/runtime.go:498  [n3] runtime stats: 181 MiB RSS, 219 goroutines, 94 MiB/84 MiB/203 MiB GO alloc/idle/total, 51 MiB/67 MiB CGO alloc/total, 35.4 CGO/sec, 2.4/1.3 %(u/s)time, 0.0 %gc (1x), 625 KiB/389 KiB (r/w)net
I200226 13:51:53.545010 316 server/status/runtime.go:498  [n3] runtime stats: 180 MiB RSS, 219 goroutines, 105 MiB/75 MiB/203 MiB GO alloc/idle/total, 51 MiB/67 MiB CGO alloc/total, 30.3 CGO/sec, 1.5/1.2 %(u/s)time, 0.0 %gc (0x), 547 KiB/307 KiB (r/w)net
I200226 13:52:03.063325 240 gossip/gossip.go:566  [n3] gossip status (ok, 3 nodes)
gossip client (1/3 cur/max conns)
  1: localhost:26257 (21m0s: infos 1254/4567 sent/received, bytes 210413B/1720012B sent/received)
gossip server (0/3 cur/max conns, infos 1254/4567 sent/received, bytes 211049B/1720546B sent/received)
I200226 13:52:03.559772 316 server/status/runtime.go:498  [n3] runtime stats: 175 MiB RSS, 218 goroutines, 116 MiB/65 MiB/203 MiB GO alloc/idle/total, 59 MiB/75 MiB CGO alloc/total, 48.3 CGO/sec, 1.6/1.3 %(u/s)time, 0.0 %gc (0x), 608 KiB/359 KiB (r/w)net
I200226 13:52:13.546727 316 server/status/runtime.go:498  [n3] runtime stats: 172 MiB RSS, 218 goroutines, 126 MiB/55 MiB/203 MiB GO alloc/idle/total, 59 MiB/75 MiB CGO alloc/total, 24.9 CGO/sec, 1.2/0.9 %(u/s)time, 0.0 %gc (0x), 1.1 MiB/384 KiB (r/w)net
I200226 13:52:23.547175 316 server/status/runtime.go:498  [n3] runtime stats: 174 MiB RSS, 218 goroutines, 137 MiB/46 MiB/203 MiB GO alloc/idle/total, 59 MiB/75 MiB CGO alloc/total, 26.8 CGO/sec, 1.4/1.1 %(u/s)time, 0.0 %gc (0x), 516 KiB/298 KiB (r/w)net
I200226 13:52:33.545736 316 server/status/runtime.go:498  [n3] runtime stats: 177 MiB RSS, 219 goroutines, 147 MiB/36 MiB/203 MiB GO alloc/idle/total, 59 MiB/75 MiB CGO alloc/total, 28.3 CGO/sec, 1.4/1.1 %(u/s)time, 0.0 %gc (0x), 566 KiB/313 KiB (r/w)net
I200226 13:52:43.558569 316 server/status/runtime.go:498  [n3] runtime stats: 180 MiB RSS, 219 goroutines, 82 MiB/94 MiB/203 MiB GO alloc/idle/total, 59 MiB/75 MiB CGO alloc/total, 30.4 CGO/sec, 1.9/1.2 %(u/s)time, 0.0 %gc (1x), 620 KiB/325 KiB (r/w)net
I200226 13:52:53.555710 316 server/status/runtime.go:498  [n3] runtime stats: 181 MiB RSS, 219 goroutines, 93 MiB/84 MiB/203 MiB GO alloc/idle/total, 59 MiB/75 MiB CGO alloc/total, 26.0 CGO/sec, 1.5/1.3 %(u/s)time, 0.0 %gc (0x), 539 KiB/302 KiB (r/w)net
I200226 13:53:03.065132 240 gossip/gossip.go:566  [n3] gossip status (ok, 3 nodes)
gossip client (1/3 cur/max conns)
  1: localhost:26257 (22m0s: infos 1311/4774 sent/received, bytes 219556B/1747385B sent/received)
gossip server (0/3 cur/max conns, infos 1311/4774 sent/received, bytes 220192B/1747919B sent/received)
I200226 13:53:03.589560 316 server/status/runtime.go:498  [n3] runtime stats: 182 MiB RSS, 218 goroutines, 105 MiB/75 MiB/203 MiB GO alloc/idle/total, 59 MiB/75 MiB CGO alloc/total, 43.8 CGO/sec, 1.5/1.2 %(u/s)time, 0.0 %gc (0x), 564 KiB/329 KiB (r/w)net
I200226 13:53:13.572091 316 server/status/runtime.go:498  [n3] runtime stats: 183 MiB RSS, 218 goroutines, 115 MiB/66 MiB/203 MiB GO alloc/idle/total, 59 MiB/75 MiB CGO alloc/total, 29.5 CGO/sec, 1.5/1.2 %(u/s)time, 0.0 %gc (0x), 557 KiB/312 KiB (r/w)net
I200226 13:53:22.888203 1 cli/start.go:865  received signal 'terminated'
I200226 13:53:22.956841 1 cli/start.go:930  initiating graceful shutdown of server
W200226 13:53:23.262958 363 storage/raft_transport.go:634  [n3] while processing outgoing Raft queue to node 1: EOF:
W200226 13:53:23.263216 379 storage/raft_transport.go:634  [n3] while processing outgoing Raft queue to node 1: EOF:
W200226 13:53:23.263345 58 gossip/gossip.go:1517  [n3] no incoming or outgoing connections
I200226 13:53:23.456653 48892 gossip/client.go:124  [n3] started gossip client to localhost:26257
I200226 13:53:23.576609 316 server/status/runtime.go:498  [n3] runtime stats: 184 MiB RSS, 205 goroutines, 127 MiB/56 MiB/203 MiB GO alloc/idle/total, 59 MiB/75 MiB CGO alloc/total, 67.2 CGO/sec, 1.9/1.5 %(u/s)time, 0.0 %gc (0x), 730 KiB/494 KiB (r/w)net
I200226 13:53:23.658393 58 gossip/gossip.go:1531  [n3] node has connected to cluster via gossip
W200226 13:53:23.658949 48881 storage/raft_transport.go:634  [n3] while processing outgoing Raft queue to node 1: rpc error: code = Unknown desc = node unavailable; try another peer:
W200226 13:53:23.659384 98 vendor/google.golang.org/grpc/clientconn.go:1206  grpc: addrConn.createTransport failed to connect to {localhost:26257 0  <nil>}. Err :connection error: desc = "transport: Error while dialing cannot reuse client connection". Reconnecting...
W200226 13:53:23.660434 141 vendor/google.golang.org/grpc/clientconn.go:1206  grpc: addrConn.createTransport failed to connect to {localhost:26257 0  <nil>}. Err :connection error: desc = "transport: Error while dialing cannot reuse client connection". Reconnecting...
W200226 13:53:23.660831 219 vendor/google.golang.org/grpc/clientconn.go:1206  grpc: addrConn.createTransport failed to connect to {localhost:26257 0  <nil>}. Err :connection error: desc = "transport: Error while dialing cannot reuse client connection". Reconnecting...
W200226 13:53:23.691356 48895 vendor/google.golang.org/grpc/clientconn.go:1206  grpc: addrConn.createTransport failed to connect to {localhost:26257 0  <nil>}. Err :connection error: desc = "transport: Error while dialing dial tcp [::1]:26257: connect: connection refused". Reconnecting...
I200226 13:53:23.947637 48894 vendor/github.com/cockroachdb/circuitbreaker/circuitbreaker.go:322  [n3] circuitbreaker: rpc 127.0.0.1:26259 [n1] tripped: failed to connect to n1 at localhost:26257: initial connection heartbeat failed: rpc error: code = Unavailable desc = all SubConns are in TransientFailure, latest connection error: connection error: desc = "transport: Error while dialing dial tcp [::1]:26257: connect: connection refused"
W200226 13:53:23.962533 48950 vendor/google.golang.org/grpc/clientconn.go:1206  grpc: addrConn.createTransport failed to connect to {localhost:26257 0  <nil>}. Err :connection error: desc = "transport: Error while dialing dial tcp [::1]:26257: connect: connection refused". Reconnecting...
I200226 13:53:24.008677 48894 vendor/github.com/cockroachdb/circuitbreaker/circuitbreaker.go:447  [n3] circuitbreaker: rpc 127.0.0.1:26259 [n1] event: BreakerTripped
I200226 13:53:24.067846 48872 vendor/github.com/cockroachdb/circuitbreaker/circuitbreaker.go:322  [n3] circuitbreaker: rpc 127.0.0.1:26259 [n1] tripped: failed to connect to n1 at localhost:26257: initial connection heartbeat failed: rpc error: code = Unavailable desc = all SubConns are in TransientFailure, latest connection error: connection error: desc = "transport: Error while dialing dial tcp [::1]:26257: connect: connection refused"
I200226 13:53:24.165719 48872 vendor/github.com/cockroachdb/circuitbreaker/circuitbreaker.go:447  [n3] circuitbreaker: rpc 127.0.0.1:26259 [n1] event: BreakerTripped
I200226 13:53:24.105544 48894 rpc/nodedialer/nodedialer.go:160  [ct-client] unable to connect to n1: failed to connect to n1 at localhost:26257: initial connection heartbeat failed: rpc error: code = Unavailable desc = all SubConns are in TransientFailure, latest connection error: connection error: desc = "transport: Error while dialing dial tcp [::1]:26257: connect: connection refused"
I200226 13:53:24.205142 48872 rpc/nodedialer/nodedialer.go:160  [server drain process,n3,txn=7fa589bd] unable to connect to n1: failed to connect to n1 at localhost:26257: initial connection heartbeat failed: rpc error: code = Unavailable desc = all SubConns are in TransientFailure, latest connection error: connection error: desc = "transport: Error while dialing dial tcp [::1]:26257: connect: connection refused"
I200226 13:53:24.416044 48872 storage/node_liveness.go:846  [server drain process,n3] retrying liveness update after storage.errRetryLiveness: result is ambiguous (error=failed to connect to n1 at localhost:26257: initial connection heartbeat failed: rpc error: code = Unavailable desc = all SubConns are in TransientFailure, latest connection error: connection error: desc = "transport: Error while dialing dial tcp [::1]:26257: connect: connection refused" [exhausted])
I200226 13:53:24.457433 48872 storage/store.go:1111  [drain] waiting for 31 replicas to transfer their lease away
W200226 13:53:24.473781 411 storage/raft_transport.go:634  [n3] while processing outgoing Raft queue to node 2: EOF:
W200226 13:53:24.474574 421 storage/raft_transport.go:634  [n3] while processing outgoing Raft queue to node 2: EOF:
W200226 13:53:24.495431 353 vendor/google.golang.org/grpc/clientconn.go:1206  grpc: addrConn.createTransport failed to connect to {localhost:26258 0  <nil>}. Err :connection error: desc = "transport: Error while dialing cannot reuse client connection". Reconnecting...
W200226 13:53:24.496330 414 vendor/google.golang.org/grpc/clientconn.go:1206  grpc: addrConn.createTransport failed to connect to {localhost:26258 0  <nil>}. Err :connection error: desc = "transport: Error while dialing cannot reuse client connection". Reconnecting...
W200226 13:53:24.496469 121 vendor/google.golang.org/grpc/clientconn.go:1206  grpc: addrConn.createTransport failed to connect to {localhost:26258 0  <nil>}. Err :connection error: desc = "transport: Error while dialing cannot reuse client connection". Reconnecting...
W200226 13:53:24.668093 49181 vendor/google.golang.org/grpc/clientconn.go:1206  grpc: addrConn.createTransport failed to connect to {localhost:26258 0  <nil>}. Err :connection error: desc = "transport: Error while dialing dial tcp [::1]:26258: connect: connection refused". Reconnecting...
W200226 13:53:24.668203 49218 vendor/google.golang.org/grpc/clientconn.go:1206  grpc: addrConn.createTransport failed to connect to {localhost:26258 0  <nil>}. Err :connection error: desc = "transport: Error while dialing dial tcp [::1]:26258: connect: connection refused". Reconnecting...
I200226 13:53:24.700610 48976 vendor/github.com/cockroachdb/circuitbreaker/circuitbreaker.go:322  [n3] circuitbreaker: rpc 127.0.0.1:26259 [n2] tripped: failed to connect to n2 at localhost:26258: initial connection heartbeat failed: rpc error: code = Unavailable desc = all SubConns are in TransientFailure, latest connection error: connection error: desc = "transport: Error while dialing dial tcp [::1]:26258: connect: connection refused"
I200226 13:53:24.714541 48976 vendor/github.com/cockroachdb/circuitbreaker/circuitbreaker.go:447  [n3] circuitbreaker: rpc 127.0.0.1:26259 [n2] event: BreakerTripped
I200226 13:53:24.748316 48976 rpc/nodedialer/nodedialer.go:160  [ct-client] unable to connect to n2: failed to connect to n2 at localhost:26258: initial connection heartbeat failed: rpc error: code = Unavailable desc = all SubConns are in TransientFailure, latest connection error: connection error: desc = "transport: Error while dialing dial tcp [::1]:26258: connect: connection refused"
W200226 13:53:24.861543 58 gossip/gossip.go:1517  [n3] no incoming or outgoing connections
I200226 13:53:24.895312 49188 vendor/github.com/cockroachdb/circuitbreaker/circuitbreaker.go:322  [n3] circuitbreaker: gossip 127.0.0.1:26259->localhost:26258 tripped: initial connection heartbeat failed: rpc error: code = Unavailable desc = all SubConns are in TransientFailure, latest connection error: connection error: desc = "transport: Error while dialing dial tcp [::1]:26258: connect: connection refused"
I200226 13:53:24.911451 49188 vendor/github.com/cockroachdb/circuitbreaker/circuitbreaker.go:447  [n3] circuitbreaker: gossip 127.0.0.1:26259->localhost:26258 event: BreakerTripped
W200226 13:53:24.922419 49188 gossip/client.go:118  [n3] failed to start gossip client to localhost:26258: initial connection heartbeat failed: rpc error: code = Unavailable desc = all SubConns are in TransientFailure, latest connection error: connection error: desc = "transport: Error while dialing dial tcp [::1]:26258: connect: connection refused"
W200226 13:53:24.950742 48895 vendor/google.golang.org/grpc/clientconn.go:1206  grpc: addrConn.createTransport failed to connect to {localhost:26257 0  <nil>}. Err :connection error: desc = "transport: Error while dialing cannot reuse client connection". Reconnecting...
W200226 13:53:25.062801 49270 vendor/google.golang.org/grpc/clientconn.go:1206  grpc: addrConn.createTransport failed to connect to {localhost:26257 0  <nil>}. Err :connection error: desc = "transport: Error while dialing dial tcp [::1]:26257: connect: connection refused". Reconnecting...
W200226 13:53:25.065931 48950 vendor/google.golang.org/grpc/clientconn.go:1206  grpc: addrConn.createTransport failed to connect to {localhost:26257 0  <nil>}. Err :connection error: desc = "transport: Error while dialing cannot reuse client connection". Reconnecting...
I200226 13:53:25.364652 49318 vendor/github.com/cockroachdb/circuitbreaker/circuitbreaker.go:322  [n3] circuitbreaker: rpc 127.0.0.1:26259 [n2] tripped: failed to connect to n2 at localhost:26258: initial connection heartbeat failed: rpc error: code = Unavailable desc = all SubConns are in TransientFailure, latest connection error: connection error: desc = "transport: Error while dialing dial tcp [::1]:26258: connect: connection refused"
I200226 13:53:25.384180 49318 vendor/github.com/cockroachdb/circuitbreaker/circuitbreaker.go:447  [n3] circuitbreaker: rpc 127.0.0.1:26259 [n2] event: BreakerTripped
I200226 13:53:25.397178 49318 rpc/nodedialer/nodedialer.go:160  [n3] unable to connect to n2: failed to connect to n2 at localhost:26258: initial connection heartbeat failed: rpc error: code = Unavailable desc = all SubConns are in TransientFailure, latest connection error: connection error: desc = "transport: Error while dialing dial tcp [::1]:26258: connect: connection refused"
W200226 13:53:25.464488 49322 vendor/google.golang.org/grpc/clientconn.go:1206  grpc: addrConn.createTransport failed to connect to {localhost:26257 0  <nil>}. Err :connection error: desc = "transport: Error while dialing dial tcp [::1]:26257: connect: connection refused". Reconnecting...
W200226 13:53:25.688090 49181 vendor/google.golang.org/grpc/clientconn.go:1206  grpc: addrConn.createTransport failed to connect to {localhost:26258 0  <nil>}. Err :connection error: desc = "transport: Error while dialing cannot reuse client connection". Reconnecting...
W200226 13:53:25.705661 49218 vendor/google.golang.org/grpc/clientconn.go:1206  grpc: addrConn.createTransport failed to connect to {localhost:26258 0  <nil>}. Err :connection error: desc = "transport: Error while dialing cannot reuse client connection". Reconnecting...
I200226 13:53:25.889015 48872 storage/store.go:1111  [drain] waiting for 31 replicas to transfer their lease away
I200226 13:53:25.898318 49056 vendor/github.com/cockroachdb/circuitbreaker/circuitbreaker.go:322  [n3] circuitbreaker: gossip 127.0.0.1:26259->localhost:26257 tripped: initial connection heartbeat failed: rpc error: code = Unavailable desc = all SubConns are in TransientFailure, latest connection error: connection error: desc = "transport: Error while dialing dial tcp [::1]:26257: connect: connection refused"
I200226 13:53:25.912849 49056 vendor/github.com/cockroachdb/circuitbreaker/circuitbreaker.go:447  [n3] circuitbreaker: gossip 127.0.0.1:26259->localhost:26257 event: BreakerTripped
W200226 13:53:25.927592 49056 gossip/client.go:118  [n3] failed to start gossip client to localhost:26257: initial connection heartbeat failed: rpc error: code = Unavailable desc = all SubConns are in TransientFailure, latest connection error: connection error: desc = "transport: Error while dialing dial tcp [::1]:26257: connect: connection refused"
W200226 13:53:26.062558 49381 vendor/google.golang.org/grpc/clientconn.go:1206  grpc: addrConn.createTransport failed to connect to {localhost:26258 0  <nil>}. Err :connection error: desc = "transport: Error while dialing dial tcp [::1]:26258: connect: connection refused". Reconnecting...
W200226 13:53:26.062624 49226 vendor/google.golang.org/grpc/clientconn.go:1206  grpc: addrConn.createTransport failed to connect to {localhost:26258 0  <nil>}. Err :connection error: desc = "transport: Error while dialing dial tcp [::1]:26258: connect: connection refused". Reconnecting...
W200226 13:53:26.077172 49270 vendor/google.golang.org/grpc/clientconn.go:1206  grpc: addrConn.createTransport failed to connect to {localhost:26257 0  <nil>}. Err :connection error: desc = "transport: Error while dialing cannot reuse client connection". Reconnecting...
W200226 13:53:26.462473 49414 vendor/google.golang.org/grpc/clientconn.go:1206  grpc: addrConn.createTransport failed to connect to {localhost:26257 0  <nil>}. Err :connection error: desc = "transport: Error while dialing dial tcp [::1]:26257: connect: connection refused". Reconnecting...
W200226 13:53:26.483711 49322 vendor/google.golang.org/grpc/clientconn.go:1206  grpc: addrConn.createTransport failed to connect to {localhost:26257 0  <nil>}. Err :connection error: desc = "transport: Error while dialing cannot reuse client connection". Reconnecting...
I200226 13:53:26.940736 48872 storage/store.go:1111  [drain] waiting for 31 replicas to transfer their lease away
W200226 13:53:27.062547 49430 vendor/google.golang.org/grpc/clientconn.go:1206  grpc: addrConn.createTransport failed to connect to {localhost:26257 0  <nil>}. Err :connection error: desc = "transport: Error while dialing dial tcp [::1]:26257: connect: connection refused". Reconnecting...
W200226 13:53:27.084991 49381 vendor/google.golang.org/grpc/clientconn.go:1206  grpc: addrConn.createTransport failed to connect to {localhost:26258 0  <nil>}. Err :connection error: desc = "transport: Error while dialing cannot reuse client connection". Reconnecting...
W200226 13:53:27.103956 49226 vendor/google.golang.org/grpc/clientconn.go:1206  grpc: addrConn.createTransport failed to connect to {localhost:26258 0  <nil>}. Err :connection error: desc = "transport: Error while dialing cannot reuse client connection". Reconnecting...
W200226 13:53:27.263960 49455 vendor/google.golang.org/grpc/clientconn.go:1206  grpc: addrConn.createTransport failed to connect to {localhost:26258 0  <nil>}. Err :connection error: desc = "transport: Error while dialing dial tcp [::1]:26258: connect: connection refused". Reconnecting...
W200226 13:53:27.479099 49414 vendor/google.golang.org/grpc/clientconn.go:1206  grpc: addrConn.createTransport failed to connect to {localhost:26257 0  <nil>}. Err :connection error: desc = "transport: Error while dialing cannot reuse client connection". Reconnecting...
W200226 13:53:27.662336 49425 vendor/google.golang.org/grpc/clientconn.go:1206  grpc: addrConn.createTransport failed to connect to {localhost:26258 0  <nil>}. Err :connection error: desc = "transport: Error while dialing dial tcp [::1]:26258: connect: connection refused". Reconnecting...
W200226 13:53:27.862433 49472 vendor/google.golang.org/grpc/clientconn.go:1206  grpc: addrConn.createTransport failed to connect to {localhost:26257 0  <nil>}. Err :connection error: desc = "transport: Error while dialing dial tcp [::1]:26257: connect: connection refused". Reconnecting...
I200226 13:53:28.009404 48850 cli/start.go:940  3 running tasks
W200226 13:53:28.082893 49430 vendor/google.golang.org/grpc/clientconn.go:1206  grpc: addrConn.createTransport failed to connect to {localhost:26257 0  <nil>}. Err :connection error: desc = "transport: Error while dialing cannot reuse client connection". Reconnecting...
W200226 13:53:28.261962 49443 vendor/google.golang.org/grpc/clientconn.go:1206  grpc: addrConn.createTransport failed to connect to {localhost:26257 0  <nil>}. Err :connection error: desc = "transport: Error while dialing dial tcp [::1]:26257: connect: connection refused". Reconnecting...
W200226 13:53:28.282985 49455 vendor/google.golang.org/grpc/clientconn.go:1206  grpc: addrConn.createTransport failed to connect to {localhost:26258 0  <nil>}. Err :connection error: desc = "transport: Error while dialing cannot reuse client connection". Reconnecting...
W200226 13:53:28.685586 49425 vendor/google.golang.org/grpc/clientconn.go:1206  grpc: addrConn.createTransport failed to connect to {localhost:26258 0  <nil>}. Err :connection error: desc = "transport: Error while dialing cannot reuse client connection". Reconnecting...
W200226 13:53:28.865632 49546 vendor/google.golang.org/grpc/clientconn.go:1206  grpc: addrConn.createTransport failed to connect to {localhost:26258 0  <nil>}. Err :connection error: desc = "transport: Error while dialing dial tcp [::1]:26258: connect: connection refused". Reconnecting...
W200226 13:53:28.879321 49472 vendor/google.golang.org/grpc/clientconn.go:1206  grpc: addrConn.createTransport failed to connect to {localhost:26257 0  <nil>}. Err :connection error: desc = "transport: Error while dialing cannot reuse client connection". Reconnecting...
I200226 13:53:28.888831 48872 storage/store.go:1111  [drain] waiting for 31 replicas to transfer their lease away
W200226 13:53:29.064213 49606 vendor/google.golang.org/grpc/clientconn.go:1206  grpc: addrConn.createTransport failed to connect to {localhost:26258 0  <nil>}. Err :connection error: desc = "transport: Error while dialing dial tcp [::1]:26258: connect: connection refused". Reconnecting...
W200226 13:53:29.282818 49443 vendor/google.golang.org/grpc/clientconn.go:1206  grpc: addrConn.createTransport failed to connect to {localhost:26257 0  <nil>}. Err :connection error: desc = "transport: Error while dialing cannot reuse client connection". Reconnecting...
W200226 13:53:29.362671 49572 vendor/google.golang.org/grpc/clientconn.go:1206  grpc: addrConn.createTransport failed to connect to {localhost:26257 0  <nil>}. Err :connection error: desc = "transport: Error while dialing dial tcp [::1]:26257: connect: connection refused". Reconnecting...
W200226 13:53:29.459458 48872 storage/store.go:1120  [drain] unable to drain cleanly within 5s, service might briefly deteriorate: operation "wait for raft leadership transfer" timed out after 5s:
  - waiting for 31 replicas to transfer their lease away
    github.com/cockroachdb/cockroach/pkg/storage.(*Store).SetDraining.func3.1
    	/go/src/github.com/cockroachdb/cockroach/pkg/storage/store.go:1109
    github.com/cockroachdb/cockroach/pkg/util/retry.WithMaxAttempts
    	/go/src/github.com/cockroachdb/cockroach/pkg/util/retry/retry.go:159
    github.com/cockroachdb/cockroach/pkg/storage.(*Store).SetDraining.func3
    	/go/src/github.com/cockroachdb/cockroach/pkg/storage/store.go:1107
    github.com/cockroachdb/cockroach/pkg/util/contextutil.RunWithTimeout
    	/go/src/github.com/cockroachdb/cockroach/pkg/util/contextutil/context.go:135
    github.com/cockroachdb/cockroach/pkg/storage.(*Store).SetDraining
    	/go/src/github.com/cockroachdb/cockroach/pkg/storage/store.go:1098
    github.com/cockroachdb/cockroach/pkg/server.(*Node).SetDraining.func1
    	/go/src/github.com/cockroachdb/cockroach/pkg/server/node.go:532
    github.com/cockroachdb/cockroach/pkg/storage.(*Stores).VisitStores.func1
    	/go/src/github.com/cockroachdb/cockroach/pkg/storage/stores.go:126
    github.com/cockroachdb/cockroach/pkg/util/syncutil.(*IntMap).Range
    	/go/src/github.com/cockroachdb/cockroach/pkg/util/syncutil/int_map.go:352
    github.com/cockroachdb/cockroach/pkg/storage.(*Stores).VisitStores
    	/go/src/github.com/cockroachdb/cockroach/pkg/storage/stores.go:125
    github.com/cockroachdb/cockroach/pkg/server.(*Node).SetDraining
    	/go/src/github.com/cockroachdb/cockroach/pkg/server/node.go:531
    github.com/cockroachdb/cockroach/pkg/server.(*Server).doDrain
    	/go/src/github.com/cockroachdb/cockroach/pkg/server/server.go:1954
    github.com/cockroachdb/cockroach/pkg/server.(*Server).Drain
    	/go/src/github.com/cockroachdb/cockroach/pkg/server/server.go:1979
    github.com/cockroachdb/cockroach/pkg/cli.runStart.func4
    	/go/src/github.com/cockroachdb/cockroach/pkg/cli/start.go:901
    runtime.goexit
    	/usr/local/go/src/runtime/asm_amd64.s:1337
W200226 13:53:29.460743 49630 vendor/google.golang.org/grpc/clientconn.go:1206  grpc: addrConn.createTransport failed to connect to {localhost:26257 0  <nil>}. Err :connection error: desc = "transport: Error while dialing dial tcp [::1]:26257: connect: connection refused". Reconnecting...
I200226 13:53:29.479202 48872 util/stop/stopper.go:542  [server drain process] quiescing; tasks left:
1      rpc heartbeat
1      node.Node: batch
1      [async] intent_resolver_ir_batcher
1      [async] intent_resolver_gc_batcher
1      [async] closedts-rangefeed-subscriber
W200226 13:53:29.481823 53 vendor/google.golang.org/grpc/clientconn.go:1206  grpc: addrConn.createTransport failed to connect to {localhost:26259 0  <nil>}. Err :connection error: desc = "transport: failed to write client preface: io: read/write on closed pipe". Reconnecting...
I200226 13:53:29.521602 48872 util/stop/stopper.go:542  [server drain process] quiescing; tasks left:
1      rpc heartbeat
1      node.Node: batch
1      [async] closedts-rangefeed-subscriber
W200226 13:53:29.558091 338 internal/client/txn.go:520  [n3,liveness-hb] failure aborting transaction: node unavailable; try another peer; abort caused by: result is ambiguous (server shutdown)
I200226 13:53:29.575386 338 storage/node_liveness.go:846  [n3,liveness-hb] retrying liveness update after storage.errRetryLiveness: result is ambiguous (server shutdown)
W200226 13:53:29.601263 338 storage/node_liveness.go:559  [n3,liveness-hb] slow heartbeat took 1.0s
W200226 13:53:29.616606 338 storage/node_liveness.go:484  [n3,liveness-hb] failed node liveness heartbeat: context canceled
I200226 13:53:29.666356 48872 storage/engine/rocksdb.go:762  closing rocksdb instance at "/Users/ekp/Projects/bmb-gw/node3/cockroach-temp671835431"
I200226 13:53:29.875473 48872 storage/engine/rocksdb.go:762  closing rocksdb instance at "/Users/ekp/Projects/bmb-gw/node3"
I200226 13:53:29.991357 1 cli/start.go:976  server drained and shutdown completed
