I200226 13:30:39.913368 1 util/log/clog.go:1196  [config] file created at: 2020/02/26 13:30:39
I200226 13:30:39.913368 1 util/log/clog.go:1196  [config] running on machine: ekp-mac-01
I200226 13:30:39.913368 1 util/log/clog.go:1196  [config] binary: CockroachDB CCL v19.2.4 (x86_64-apple-darwin14, built 2020/02/06 21:49:44, go1.12.12)
I200226 13:30:39.913368 1 util/log/clog.go:1196  [config] arguments: [cockroach start --insecure --store=node2 --listen-addr=localhost:26258 --http-addr=localhost:8081 --join=localhost:26257,localhost:26258,localhost:26259]
I200226 13:30:39.913368 1 util/log/clog.go:1196  line format: [IWEF]yymmdd hh:mm:ss.uuuuuu goid file:line msg utf8=✓
I200226 13:30:39.913367 1 cli/start.go:1144  logging to directory /Users/ekp/Projects/bmb-gw/node2/logs
W200226 13:30:39.914013 1 cli/start.go:1182  RUNNING IN INSECURE MODE!

- Your cluster is open for any client that can access localhost.
- Any user, even root, can log in without providing a password.
- Any user, connecting as root, can read or write any data in your cluster.
- There is no network encryption nor authentication, and thus no confidentiality.

Check out how to secure your cluster: https://www.cockroachlabs.com/docs/v19.2/secure-a-cluster.html
W200226 13:30:39.914286 1 cli/start.go:1052  Using the default setting for --cache (128 MiB).
  A significantly larger value is usually needed for good performance.
  If you have a dedicated server a reasonable setting is --cache=.25 (2.0 GiB).
W200226 13:30:39.914368 1 cli/start.go:1065  Using the default setting for --max-sql-memory (128 MiB).
  A significantly larger value is usually needed in production.
  If you have a dedicated server a reasonable setting is --max-sql-memory=.25 (2.0 GiB).
I200226 13:30:39.914400 1 cli/start.go:1196  CockroachDB CCL v19.2.4 (x86_64-apple-darwin14, built 2020/02/06 21:49:44, go1.12.12)
I200226 13:30:40.022403 1 server/config.go:394  system total memory: 8.0 GiB
I200226 13:30:40.022514 1 server/config.go:396  server configuration:
max offset             500000000
cache size             128 MiB
SQL memory pool size   128 MiB
scan interval          10m0s
scan min idle time     10ms
scan max idle time     1s
event log enabled      true
I200226 13:30:40.022558 1 cli/start.go:1030  using local environment variables: COCKROACH_BACKGROUND_RESTART=1
I200226 13:30:40.022668 1 cli/start.go:1037  process identity: uid 501 euid 501 gid 20 egid 20
I200226 13:30:40.023418 1 cli/start.go:644  starting cockroach node
I200226 13:30:40.033119 24 storage/engine/rocksdb.go:622  opening rocksdb instance at "/Users/ekp/Projects/bmb-gw/node2/cockroach-temp882037682"
I200226 13:30:40.068588 24 server/server.go:928  [n?] monitoring forward clock jumps based on server.clock.forward_jump_check_enabled
W200226 13:30:40.069934 24 server/config_unix.go:112  soft open file descriptor limit 10240 is under the recommended limit 15000; this may decrease performance
please see https://www.cockroachlabs.com/docs/v19.2/recommended-production-settings.html for more details
I200226 13:30:40.070226 24 storage/engine/rocksdb.go:622  opening rocksdb instance at "/Users/ekp/Projects/bmb-gw/node2"
I200226 13:30:40.081642 24 server/config.go:502  [n?] 1 storage engine initialized
I200226 13:30:40.081686 24 server/config.go:505  [n?] RocksDB cache size: 128 MiB
I200226 13:30:40.081694 24 server/config.go:505  [n?] store 0: RocksDB, max size 0 B, max open file limit 9984
W200226 13:30:40.082934 24 gossip/gossip.go:1517  [n?] no incoming or outgoing connections
I200226 13:30:40.083010 24 server/server.go:1386  [n?] no stores bootstrapped and --join flag specified, awaiting init command or join with an already initialized node.
I200226 13:30:40.087586 71 gossip/client.go:124  [n?] started gossip client to localhost:26257
I200226 13:30:40.088047 71 gossip/client.go:131  [n?] closing client to localhost:26257: stopping outgoing client to n0 (localhost:26257); loopback connection
W200226 13:30:41.091493 108 vendor/google.golang.org/grpc/clientconn.go:1206  grpc: addrConn.createTransport failed to connect to {localhost:26259 0  <nil>}. Err :connection error: desc = "transport: Error while dialing dial tcp [::1]:26259: connect: connection refused". Reconnecting...
I200226 13:30:41.091759 78 vendor/github.com/cockroachdb/circuitbreaker/circuitbreaker.go:322  [n?] circuitbreaker: gossip 127.0.0.1:26258->localhost:26259 tripped: initial connection heartbeat failed: rpc error: code = Unavailable desc = all SubConns are in TransientFailure, latest connection error: connection error: desc = "transport: Error while dialing dial tcp [::1]:26259: connect: connection refused"
I200226 13:30:41.091811 78 vendor/github.com/cockroachdb/circuitbreaker/circuitbreaker.go:447  [n?] circuitbreaker: gossip 127.0.0.1:26258->localhost:26259 event: BreakerTripped
W200226 13:30:41.091899 78 gossip/client.go:118  [n?] failed to start gossip client to localhost:26259: initial connection heartbeat failed: rpc error: code = Unavailable desc = all SubConns are in TransientFailure, latest connection error: connection error: desc = "transport: Error while dialing dial tcp [::1]:26259: connect: connection refused"
I200226 13:30:41.610242 62 gossip/server.go:227  [n?] received initial cluster-verification connection from localhost:26257
I200226 13:30:42.087562 116 cli/start.go:603  initial startup completed.
Node will now attempt to join a running cluster, or wait for `cockroach init`.
Client connections will be accepted after this completes successfully.
Check the log file(s) for progress. 
W200226 13:30:42.093099 108 vendor/google.golang.org/grpc/clientconn.go:1206  grpc: addrConn.createTransport failed to connect to {localhost:26259 0  <nil>}. Err :connection error: desc = "transport: Error while dialing cannot reuse client connection". Reconnecting...
I200226 13:30:42.094977 65 gossip/client.go:124  [n?] started gossip client to localhost:26257
I200226 13:30:42.111338 65 gossip/client.go:131  [n?] closing client to localhost:26257: stopping outgoing client to n0 (localhost:26257); loopback connection
W200226 13:30:43.099557 124 vendor/google.golang.org/grpc/clientconn.go:1206  grpc: addrConn.createTransport failed to connect to {localhost:26259 0  <nil>}. Err :connection error: desc = "transport: Error while dialing dial tcp [::1]:26259: connect: connection refused". Reconnecting...
I200226 13:30:43.614670 129 gossip/server.go:227  [n?] received initial cluster-verification connection from localhost:26257
W200226 13:30:44.100262 124 vendor/google.golang.org/grpc/clientconn.go:1206  grpc: addrConn.createTransport failed to connect to {localhost:26259 0  <nil>}. Err :connection error: desc = "transport: Error while dialing cannot reuse client connection". Reconnecting...
I200226 13:30:44.101294 153 gossip/client.go:124  [n?] started gossip client to localhost:26257
I200226 13:30:44.102237 153 gossip/client.go:131  [n?] closing client to localhost:26257: stopping outgoing client to n0 (localhost:26257); loopback connection
W200226 13:30:45.108585 178 vendor/google.golang.org/grpc/clientconn.go:1206  grpc: addrConn.createTransport failed to connect to {localhost:26259 0  <nil>}. Err :connection error: desc = "transport: Error while dialing dial tcp [::1]:26259: connect: connection refused". Reconnecting...
I200226 13:30:45.623273 165 gossip/server.go:227  [n?] received initial cluster-verification connection from localhost:26257
W200226 13:30:46.110139 178 vendor/google.golang.org/grpc/clientconn.go:1206  grpc: addrConn.createTransport failed to connect to {localhost:26259 0  <nil>}. Err :connection error: desc = "transport: Error while dialing cannot reuse client connection". Reconnecting...
I200226 13:30:46.111845 158 gossip/client.go:124  [n?] started gossip client to localhost:26257
I200226 13:30:46.112617 158 gossip/client.go:131  [n?] closing client to localhost:26257: stopping outgoing client to n0 (localhost:26257); loopback connection
W200226 13:30:47.117814 141 vendor/google.golang.org/grpc/clientconn.go:1206  grpc: addrConn.createTransport failed to connect to {localhost:26259 0  <nil>}. Err :connection error: desc = "transport: Error while dialing dial tcp [::1]:26259: connect: connection refused". Reconnecting...
I200226 13:30:47.626714 196 gossip/server.go:227  [n?] received initial cluster-verification connection from localhost:26257
I200226 13:30:48.120292 173 gossip/client.go:124  [n?] started gossip client to localhost:26257
I200226 13:30:48.121260 173 gossip/client.go:131  [n?] closing client to localhost:26257: stopping outgoing client to n0 (localhost:26257); loopback connection
W200226 13:30:48.122155 141 vendor/google.golang.org/grpc/clientconn.go:1206  grpc: addrConn.createTransport failed to connect to {localhost:26259 0  <nil>}. Err :connection error: desc = "transport: Error while dialing cannot reuse client connection". Reconnecting...
W200226 13:30:49.124857 211 vendor/google.golang.org/grpc/clientconn.go:1206  grpc: addrConn.createTransport failed to connect to {localhost:26259 0  <nil>}. Err :connection error: desc = "transport: Error while dialing dial tcp [::1]:26259: connect: connection refused". Reconnecting...
I200226 13:30:49.635422 176 gossip/server.go:227  [n?] received initial cluster-verification connection from localhost:26257
W200226 13:30:50.128125 211 vendor/google.golang.org/grpc/clientconn.go:1206  grpc: addrConn.createTransport failed to connect to {localhost:26259 0  <nil>}. Err :connection error: desc = "transport: Error while dialing cannot reuse client connection". Reconnecting...
I200226 13:30:50.130053 199 gossip/client.go:124  [n?] started gossip client to localhost:26257
I200226 13:30:50.130739 199 gossip/client.go:131  [n?] closing client to localhost:26257: stopping outgoing client to n0 (localhost:26257); loopback connection
I200226 13:30:51.140156 221 vendor/github.com/cockroachdb/circuitbreaker/circuitbreaker.go:447  [n?] circuitbreaker: gossip 127.0.0.1:26258->localhost:26259 event: BreakerReset
I200226 13:30:51.140196 221 gossip/client.go:124  [n?] started gossip client to localhost:26259
I200226 13:30:51.141111 221 gossip/client.go:131  [n?] closing client to localhost:26259: stopping outgoing client to n0 (localhost:26259); loopback connection
I200226 13:30:51.683911 231 gossip/server.go:227  [n?] received initial cluster-verification connection from localhost:26257
I200226 13:30:51.886058 238 gossip/server.go:227  [n?] received initial cluster-verification connection from localhost:26259
I200226 13:30:52.140123 260 gossip/client.go:124  [n?] started gossip client to localhost:26257
I200226 13:30:52.140828 260 gossip/client.go:131  [n?] closing client to localhost:26257: stopping outgoing client to n0 (localhost:26257); loopback connection
I200226 13:30:53.142325 265 gossip/client.go:124  [n?] started gossip client to localhost:26259
I200226 13:30:53.143177 265 gossip/client.go:131  [n?] closing client to localhost:26259: stopping outgoing client to n0 (localhost:26259); loopback connection
I200226 13:30:53.683139 245 gossip/server.go:227  [n?] received initial cluster-verification connection from localhost:26257
I200226 13:30:53.887216 206 gossip/server.go:227  [n?] received initial cluster-verification connection from localhost:26259
I200226 13:30:54.143537 241 gossip/client.go:124  [n?] started gossip client to localhost:26257
I200226 13:30:54.143965 241 gossip/client.go:131  [n?] closing client to localhost:26257: stopping outgoing client to n0 (localhost:26257); loopback connection
I200226 13:30:55.149884 276 gossip/client.go:124  [n?] started gossip client to localhost:26259
I200226 13:30:55.151150 276 gossip/client.go:131  [n?] closing client to localhost:26259: stopping outgoing client to n0 (localhost:26259); loopback connection
I200226 13:30:55.695550 270 gossip/server.go:227  [n?] received initial cluster-verification connection from localhost:26257
I200226 13:30:55.896716 207 gossip/server.go:227  [n?] received initial cluster-verification connection from localhost:26259
I200226 13:30:56.155720 290 gossip/client.go:124  [n?] started gossip client to localhost:26257
I200226 13:30:56.156484 290 gossip/client.go:131  [n?] closing client to localhost:26257: stopping outgoing client to n0 (localhost:26257); loopback connection
I200226 13:30:57.157562 252 gossip/client.go:124  [n?] started gossip client to localhost:26259
I200226 13:30:57.158381 252 gossip/client.go:131  [n?] closing client to localhost:26259: stopping outgoing client to n0 (localhost:26259); loopback connection
I200226 13:30:57.707902 291 gossip/server.go:227  [n?] received initial cluster-verification connection from localhost:26257
I200226 13:30:57.902297 293 gossip/server.go:227  [n?] received initial cluster-verification connection from localhost:26259
I200226 13:30:58.160382 309 gossip/client.go:124  [n?] started gossip client to localhost:26257
I200226 13:30:58.161047 309 gossip/client.go:131  [n?] closing client to localhost:26257: stopping outgoing client to n0 (localhost:26257); loopback connection
I200226 13:30:59.164987 284 gossip/client.go:124  [n?] started gossip client to localhost:26259
I200226 13:30:59.165744 284 gossip/client.go:131  [n?] closing client to localhost:26259: stopping outgoing client to n0 (localhost:26259); loopback connection
I200226 13:30:59.718363 288 gossip/server.go:227  [n?] received initial cluster-verification connection from localhost:26257
I200226 13:30:59.917512 254 gossip/server.go:227  [n?] received initial cluster-verification connection from localhost:26259
I200226 13:31:00.171093 257 gossip/client.go:124  [n?] started gossip client to localhost:26257
I200226 13:31:00.172801 257 gossip/client.go:131  [n?] closing client to localhost:26257: stopping outgoing client to n0 (localhost:26257); loopback connection
I200226 13:31:01.174358 297 gossip/client.go:124  [n?] started gossip client to localhost:26259
I200226 13:31:01.175533 297 gossip/client.go:131  [n?] closing client to localhost:26259: stopping outgoing client to n0 (localhost:26259); loopback connection
I200226 13:31:01.925420 302 gossip/server.go:227  [n?] received initial cluster-verification connection from localhost:26259
I200226 13:31:02.176703 340 gossip/client.go:124  [n?] started gossip client to localhost:26257
I200226 13:31:02.177885 24 server/node.go:645  [n?] connecting to gossip network to verify cluster ID...
I200226 13:31:02.177975 24 server/node.go:665  [n?] node connected via gossip and verified as part of cluster "6ca8572f-3e9d-4dc6-b3d7-2a90ca0538c2"
I200226 13:31:02.204062 24 server/node.go:381  [n?] new node allocated ID 2
I200226 13:31:02.204390 24 gossip/gossip.go:394  [n2] NodeDescriptor set to node_id:2 address:<network_field:"tcp" address_field:"localhost:26258" > attrs:<> locality:<> ServerVersion:<major_val:19 minor_val:2 patch:0 unstable:0 > build_tag:"v19.2.4" started_at:1582723862204074000 cluster_name:"" sql_address:<network_field:"tcp" address_field:"localhost:26258" > 
I200226 13:31:02.204482 24 storage/stores.go:240  [n2] read 0 node addresses from persistent storage
I200226 13:31:02.204700 24 storage/stores.go:259  [n2] wrote 1 node addresses to persistent storage
I200226 13:31:02.389993 24 server/node.go:620  [n2] bootstrapped store [n2,s2]
I200226 13:31:02.396698 24 server/node.go:512  [n2] node=2: started with [<no-attributes>=/Users/ekp/Projects/bmb-gw/node2] engine(s) and attributes []
I200226 13:31:02.397462 24 server/server.go:1514  [n2] starting http server at 127.0.0.1:8081 (use: localhost:8081)
I200226 13:31:02.397494 24 server/server.go:1521  [n2] starting grpc/postgres server at 127.0.0.1:26258
I200226 13:31:02.397520 24 server/server.go:1522  [n2] advertising CockroachDB node at localhost:26258
I200226 13:31:02.489426 415 sql/event_log.go:130  [n2,intExec=add-constraints-ttl] Event: "set_zone_config", target: 25, info: {Target:TABLE system.public.replication_constraint_stats Config: Options:"gc.ttlseconds" = 600 User:root}
I200226 13:31:02.567936 334 sql/event_log.go:130  [n2,intExec=add-replication-status-ttl] Event: "set_zone_config", target: 27, info: {Target:TABLE system.public.replication_stats Config: Options:"gc.ttlseconds" = 600 User:root}
I200226 13:31:02.573964 466 sql/sqlbase/structured.go:1529  [n2,intExec=update-reports-meta-generated] publish: descID=28 (reports_meta) version=2 mtime=1970-01-01 00:00:00 +0000 UTC
I200226 13:31:02.606900 466 sql/event_log.go:130  [n2,intExec=update-reports-meta-generated] Event: "alter_table", target: 28, info: {TableName:system.public.reports_meta Statement:ALTER TABLE system.reports_meta ALTER COLUMN generated SET DATA TYPE TIMESTAMPTZ User:node MutationID:0 CascadeDroppedViews:[]}
I200226 13:31:02.608545 466 sql/schema_changer.go:965  [n2,intExec=update-reports-meta-generated,scExec] schema change on reports_meta (28 v2) mutation 0 starting execution...
I200226 13:31:02.608587 466 sql/schema_changer.go:1258  [n2,intExec=update-reports-meta-generated,scExec] waiting for a single version of table 28...
I200226 13:31:02.620032 466 sql/schema_changer.go:1260  [n2,intExec=update-reports-meta-generated,scExec] waiting for a single version of table 28... done (at v 2)
I200226 13:31:02.623072 485 sql/sqlbase/structured.go:1529  [n2,intExec=update-reports-meta-generated] publish: descID=25 (replication_constraint_stats) version=2 mtime=1970-01-01 00:00:00 +0000 UTC
I200226 13:31:02.633245 114 gossip/gossip.go:1531  [n2] node has connected to cluster via gossip
I200226 13:31:02.633393 114 storage/stores.go:259  [n2] wrote 1 node addresses to persistent storage
I200226 13:31:02.640899 485 sql/event_log.go:130  [n2,intExec=update-reports-meta-generated] Event: "alter_table", target: 25, info: {TableName:system.public.replication_constraint_stats Statement:ALTER TABLE system.replication_constraint_stats ALTER COLUMN violation_start SET DATA TYPE TIMESTAMPTZ User:node MutationID:0 CascadeDroppedViews:[]}
I200226 13:31:02.641756 485 sql/schema_changer.go:965  [n2,intExec=update-reports-meta-generated,scExec] schema change on replication_constraint_stats (25 v2) mutation 0 starting execution...
I200226 13:31:02.641769 485 sql/schema_changer.go:1258  [n2,intExec=update-reports-meta-generated,scExec] waiting for a single version of table 25...
I200226 13:31:02.648118 485 sql/schema_changer.go:1260  [n2,intExec=update-reports-meta-generated,scExec] waiting for a single version of table 25... done (at v 2)
I200226 13:31:02.651776 24 server/server.go:1590  [n2] done ensuring all necessary migrations have run
I200226 13:31:02.651859 24 server/server.go:1841  [n2] serving sql connections
I200226 13:31:02.651997 24 cli/start.go:803  [config] clusterID: 6ca8572f-3e9d-4dc6-b3d7-2a90ca0538c2
I200226 13:31:02.652034 24 cli/start.go:812  node startup completed:
CockroachDB node starting at 2020-02-26 13:31:02.651907 +0000 UTC (took 22.7s)
build:               CCL v19.2.4 @ 2020/02/06 21:49:44 (go1.12.12)
webui:               http://localhost:8081
sql:                 postgresql://root@localhost:26258?sslmode=disable
RPC client flags:    cockroach <client cmd> --host=localhost:26258 --insecure
logs:                /Users/ekp/Projects/bmb-gw/node2/logs
temp dir:            /Users/ekp/Projects/bmb-gw/node2/cockroach-temp882037682
external I/O path:   /Users/ekp/Projects/bmb-gw/node2/extern
store[0]:            path=/Users/ekp/Projects/bmb-gw/node2
status:              initialized new node, joined pre-existing cluster
clusterID:           6ca8572f-3e9d-4dc6-b3d7-2a90ca0538c2
nodeID:              2
I200226 13:31:02.678907 473 server/server_update.go:53  [n2] no need to upgrade, cluster already at the newest version
I200226 13:31:02.697022 475 sql/event_log.go:130  [n2] Event: "node_join", target: 2, info: {Descriptor:{NodeID:2 Address:localhost:26258 Attrs: Locality: ServerVersion:19.2 BuildTag:v19.2.4 StartedAt:1582723862204074000 LocalityAddress:[] ClusterName: SQLAddress:localhost:26258} ClusterID:6ca8572f-3e9d-4dc6-b3d7-2a90ca0538c2 StartedAt:1582723862204074000 LastUp:1582723862204074000}
I200226 13:31:02.950499 66 storage/stores.go:259  [n2] wrote 2 node addresses to persistent storage
I200226 13:31:03.094686 492 storage/replica_raftstorage.go:794  [n2,s2,r5/2:{-}] applying LEARNER snapshot [id=51bb9426 index=19]
I200226 13:31:03.126457 492 storage/replica_raftstorage.go:815  [n2,s2,r5/2:/{Systemtse-Table/System…}] applied LEARNER snapshot [total=32ms ingestion=4@27ms id=51bb9426 index=19]
I200226 13:31:03.364284 580 storage/replica_raftstorage.go:794  [n2,s2,r8/3:{-}] applying LEARNER snapshot [id=ff79fa59 index=53]
I200226 13:31:03.392772 580 storage/replica_raftstorage.go:815  [n2,s2,r8/3:/Table/1{2-3}] applied LEARNER snapshot [total=28ms ingestion=4@26ms id=ff79fa59 index=53]
I200226 13:31:03.424513 557 storage/replica_raftstorage.go:794  [n2,s2,r7/2:{-}] applying LEARNER snapshot [id=4a73c59c index=19]
I200226 13:31:03.440564 557 storage/replica_raftstorage.go:815  [n2,s2,r7/2:/Table/1{1-2}] applied LEARNER snapshot [total=16ms ingestion=4@14ms id=4a73c59c index=19]
I200226 13:31:03.527951 581 storage/replica_raftstorage.go:794  [n2,s2,r19/2:{-}] applying LEARNER snapshot [id=3a56ef7d index=17]
I200226 13:31:03.553029 581 storage/replica_raftstorage.go:815  [n2,s2,r19/2:/Table/2{3-4}] applied LEARNER snapshot [total=25ms ingestion=4@23ms id=3a56ef7d index=17]
I200226 13:31:03.623904 583 storage/replica_raftstorage.go:794  [n2,s2,r17/2:{-}] applying LEARNER snapshot [id=6cf5ad6a index=21]
I200226 13:31:03.640197 583 storage/replica_raftstorage.go:815  [n2,s2,r17/2:/Table/2{1-2}] applied LEARNER snapshot [total=16ms ingestion=4@15ms id=6cf5ad6a index=21]
I200226 13:31:03.702923 621 storage/replica_raftstorage.go:794  [n2,s2,r9/2:{-}] applying LEARNER snapshot [id=ede3e999 index=60]
I200226 13:31:03.715114 621 storage/replica_raftstorage.go:815  [n2,s2,r9/2:/Table/1{3-4}] applied LEARNER snapshot [total=12ms ingestion=4@10ms id=ede3e999 index=60]
I200226 13:31:03.776282 601 storage/replica_raftstorage.go:794  [n2,s2,r15/2:{-}] applying LEARNER snapshot [id=d17e4bee index=18]
I200226 13:31:03.801045 601 storage/replica_raftstorage.go:815  [n2,s2,r15/2:/Table/{19-20}] applied LEARNER snapshot [total=25ms ingestion=4@22ms id=d17e4bee index=18]
I200226 13:31:04.311089 632 storage/replica_raftstorage.go:794  [n2,s2,r16/2:{-}] applying LEARNER snapshot [id=19dad3cf index=17]
I200226 13:31:04.334941 632 storage/replica_raftstorage.go:815  [n2,s2,r16/2:/Table/2{0-1}] applied LEARNER snapshot [total=24ms ingestion=4@21ms id=19dad3cf index=17]
I200226 13:31:05.315599 651 storage/replica_raftstorage.go:794  [n2,s2,r3/2:{-}] applying LEARNER snapshot [id=0e9510ec index=60]
I200226 13:31:05.342760 651 storage/replica_raftstorage.go:815  [n2,s2,r3/2:/System/{NodeLive…-tsd}] applied LEARNER snapshot [total=27ms ingestion=4@19ms id=0e9510ec index=60]
I200226 13:31:06.313914 732 storage/replica_raftstorage.go:794  [n2,s2,r23/2:{-}] applying LEARNER snapshot [id=0edfde82 index=17]
I200226 13:31:06.328165 732 storage/replica_raftstorage.go:815  [n2,s2,r23/2:/Table/2{7-8}] applied LEARNER snapshot [total=14ms ingestion=4@12ms id=0edfde82 index=17]
I200226 13:31:07.311793 703 storage/replica_raftstorage.go:794  [n2,s2,r13/2:{-}] applying LEARNER snapshot [id=cca81655 index=17]
I200226 13:31:07.326632 703 storage/replica_raftstorage.go:815  [n2,s2,r13/2:/Table/1{7-8}] applied LEARNER snapshot [total=15ms ingestion=4@13ms id=cca81655 index=17]
I200226 13:31:08.346001 705 storage/replica_raftstorage.go:794  [n2,s2,r1/3:{-}] applying LEARNER snapshot [id=735ec729 index=126]
I200226 13:31:08.356231 705 storage/replica_raftstorage.go:815  [n2,s2,r1/3:/{Min-System/NodeL…}] applied LEARNER snapshot [total=10ms ingestion=4@8ms id=735ec729 index=126]
I200226 13:31:09.345278 789 storage/replica_raftstorage.go:794  [n2,s2,r10/2:{-}] applying LEARNER snapshot [id=fc85d35a index=17]
I200226 13:31:09.364116 789 storage/replica_raftstorage.go:815  [n2,s2,r10/2:/Table/1{4-5}] applied LEARNER snapshot [total=19ms ingestion=4@16ms id=fc85d35a index=17]
I200226 13:31:10.370872 816 storage/replica_raftstorage.go:794  [n2,s2,r24/3:{-}] applying LEARNER snapshot [id=86f1fc3d index=21]
I200226 13:31:10.388276 816 storage/replica_raftstorage.go:815  [n2,s2,r24/3:/{Table/28-Max}] applied LEARNER snapshot [total=17ms ingestion=4@16ms id=86f1fc3d index=21]
I200226 13:31:11.368993 853 storage/replica_raftstorage.go:794  [n2,s2,r6/3:{-}] applying LEARNER snapshot [id=4cfbca70 index=57]
I200226 13:31:11.385250 853 storage/replica_raftstorage.go:815  [n2,s2,r6/3:/Table/{SystemCon…-11}] applied LEARNER snapshot [total=16ms ingestion=4@14ms id=4cfbca70 index=57]
I200226 13:31:12.381955 842 storage/replica_raftstorage.go:794  [n2,s2,r22/2:{-}] applying LEARNER snapshot [id=af2d5c1b index=17]
I200226 13:31:12.398354 842 storage/replica_raftstorage.go:815  [n2,s2,r22/2:/Table/2{6-7}] applied LEARNER snapshot [total=16ms ingestion=4@14ms id=af2d5c1b index=17]
W200226 13:31:12.399399 434 server/status/runtime.go:420  [n2] unable to get file descriptor usage (will not try again): not implemented on darwin
I200226 13:31:12.412901 434 server/status/runtime.go:498  [n2] runtime stats: 123 MiB RSS, 218 goroutines, 97 MiB/25 MiB/135 MiB GO alloc/idle/total, 16 MiB/26 MiB CGO alloc/total, 0.0 CGO/sec, 0.0/0.0 %(u/s)time, 0.0 %gc (10x), 2.0 MiB/1.2 MiB (r/w)net
I200226 13:31:13.336526 878 storage/replica_raftstorage.go:794  [n2,s2,r12/2:{-}] applying LEARNER snapshot [id=16b67d97 index=17]
I200226 13:31:13.349430 878 storage/replica_raftstorage.go:815  [n2,s2,r12/2:/Table/1{6-7}] applied LEARNER snapshot [total=13ms ingestion=4@11ms id=16b67d97 index=17]
I200226 13:31:14.387669 956 storage/replica_raftstorage.go:794  [n2,s2,r11/3:{-}] applying LEARNER snapshot [id=bdd519f8 index=21]
I200226 13:31:14.403182 956 storage/replica_raftstorage.go:815  [n2,s2,r11/3:/Table/1{5-6}] applied LEARNER snapshot [total=15ms ingestion=4@13ms id=bdd519f8 index=21]
I200226 13:31:15.343126 997 storage/replica_raftstorage.go:794  [n2,s2,r20/2:{-}] applying LEARNER snapshot [id=75891eab index=17]
I200226 13:31:15.361504 997 storage/replica_raftstorage.go:815  [n2,s2,r20/2:/Table/2{4-5}] applied LEARNER snapshot [total=18ms ingestion=4@15ms id=75891eab index=17]
I200226 13:31:16.459932 1006 storage/replica_raftstorage.go:794  [n2,s2,r4/2:{-}] applying LEARNER snapshot [id=ed2b46fb index=36]
I200226 13:31:16.478062 1006 storage/replica_raftstorage.go:815  [n2,s2,r4/2:/System{/tsd-tse}] applied LEARNER snapshot [total=18ms ingestion=4@15ms id=ed2b46fb index=36]
I200226 13:31:18.415948 1106 storage/replica_raftstorage.go:794  [n2,s2,r14/3:{-}] applying LEARNER snapshot [id=63ff9cda index=21]
I200226 13:31:18.427856 1106 storage/replica_raftstorage.go:815  [n2,s2,r14/3:/Table/1{8-9}] applied LEARNER snapshot [total=12ms ingestion=4@11ms id=63ff9cda index=21]
I200226 13:31:21.421874 1172 storage/replica_raftstorage.go:794  [n2,s2,r18/3:{-}] applying LEARNER snapshot [id=77b4f24c index=21]
I200226 13:31:21.444398 1172 storage/replica_raftstorage.go:815  [n2,s2,r18/3:/Table/2{2-3}] applied LEARNER snapshot [total=22ms ingestion=4@21ms id=77b4f24c index=21]
I200226 13:31:22.418141 434 server/status/runtime.go:498  [n2] runtime stats: 149 MiB RSS, 218 goroutines, 114 MiB/7.6 MiB/135 MiB GO alloc/idle/total, 24 MiB/38 MiB CGO alloc/total, 589.8 CGO/sec, 5.4/3.6 %(u/s)time, 0.0 %gc (0x), 1.1 MiB/853 KiB (r/w)net
I200226 13:31:22.419459 317 storage/store.go:2364  [n2,s2] sstables (read amplification = 2):
0 [   1K  1 ]: 1K
6 [ 135K 14 ]: 123K 1K[13]
I200226 13:31:22.419902 317 storage/store.go:2365  [n2,s2] 
** Compaction Stats [default] **
Level    Files   Size     Score Read(GB)  Rn(GB) Rnp1(GB) Write(GB) Wnew(GB) Moved(GB) W-Amp Rd(MB/s) Wr(MB/s) Comp(sec) CompMergeCPU(sec) Comp(cnt) Avg(sec) KeyIn KeyDrop
----------------------------------------------------------------------------------------------------------------------------------------------------------------------------
  L0      1/0    0.87 KB   0.5      0.0     0.0      0.0       0.0      0.0       0.0   0.6      0.0      0.4      0.43              0.00        98    0.004       0      0
  L6     14/0   135.00 KB   0.0      0.0     0.0      0.0       0.0      0.0       0.0   7.0      8.5      7.8      0.27              0.00        52    0.005     38K   1007
 Sum     15/0   135.87 KB   0.0      0.0     0.0      0.0       0.0      0.0       0.0   7.1      3.3      3.3      0.70              0.00       150    0.005     38K   1007
 Int      0/0    0.00 KB   0.0      0.0     0.0      0.0       0.0      0.0       0.0   7.1      3.3      3.3      0.70              0.00       150    0.005     38K   1007

** Compaction Stats [default] **
Priority    Files   Size     Score Read(GB)  Rn(GB) Rnp1(GB) Write(GB) Wnew(GB) Moved(GB) W-Amp Rd(MB/s) Wr(MB/s) Comp(sec) CompMergeCPU(sec) Comp(cnt) Avg(sec) KeyIn KeyDrop
-------------------------------------------------------------------------------------------------------------------------------------------------------------------------------
 Low      0/0    0.00 KB   0.0      0.0     0.0      0.0       0.0      0.0       0.0   0.0     11.5     10.5      0.20              0.00        40    0.005     38K   1007
High      0/0    0.00 KB   0.0      0.0     0.0      0.0       0.0      0.0       0.0   0.0      0.0      3.7      0.05              0.00        22    0.002       0      0
User      0/0    0.00 KB   0.0      0.0     0.0      0.0       0.0      0.0       0.0   0.0      0.0      0.0      0.45              0.00        88    0.005       0      0
Uptime(secs): 42.3 total, 42.3 interval
Flush(GB): cumulative 0.000, interval 0.000
AddFile(GB): cumulative 0.000, interval 0.000
AddFile(Total Files): cumulative 88, interval 88
AddFile(L0 Files): cumulative 76, interval 76
AddFile(Keys): cumulative 2665, interval 2665
Cumulative compaction: 0.00 GB write, 0.05 MB/s write, 0.00 GB read, 0.05 MB/s read, 0.7 seconds
Interval compaction: 0.00 GB write, 0.05 MB/s write, 0.00 GB read, 0.05 MB/s read, 0.7 seconds
Stalls(count): 0 level0_slowdown, 0 level0_slowdown_with_compaction, 0 level0_numfiles, 0 level0_numfiles_with_compaction, 0 stop for pending_compaction_bytes, 0 slowdown for pending_compaction_bytes, 0 memtable_compaction, 0 memtable_slowdown, interval 0 total count
estimated_pending_compaction_bytes: 0 B
I200226 13:31:23.427906 1197 storage/replica_raftstorage.go:794  [n2,s2,r2/3:{-}] applying LEARNER snapshot [id=8cbfd0f1 index=55]
I200226 13:31:23.446971 1197 storage/replica_raftstorage.go:815  [n2,s2,r2/3:/System/NodeLiveness{-Max}] applied LEARNER snapshot [total=19ms ingestion=4@17ms id=8cbfd0f1 index=55]
I200226 13:31:25.429445 1312 storage/replica_raftstorage.go:794  [n2,s2,r21/3:{-}] applying LEARNER snapshot [id=96269b07 index=21]
I200226 13:31:25.443113 1312 storage/replica_raftstorage.go:815  [n2,s2,r21/3:/Table/2{5-6}] applied LEARNER snapshot [total=14ms ingestion=4@12ms id=96269b07 index=21]
I200226 13:31:32.416122 434 server/status/runtime.go:498  [n2] runtime stats: 129 MiB RSS, 218 goroutines, 92 MiB/24 MiB/135 MiB GO alloc/idle/total, 24 MiB/38 MiB CGO alloc/total, 144.2 CGO/sec, 3.6/2.2 %(u/s)time, 0.0 %gc (1x), 738 KiB/500 KiB (r/w)net
I200226 13:31:42.419870 434 server/status/runtime.go:498  [n2] runtime stats: 122 MiB RSS, 219 goroutines, 103 MiB/14 MiB/135 MiB GO alloc/idle/total, 25 MiB/38 MiB CGO alloc/total, 97.1 CGO/sec, 2.1/1.5 %(u/s)time, 0.0 %gc (0x), 833 KiB/527 KiB (r/w)net
I200226 13:31:52.424647 434 server/status/runtime.go:498  [n2] runtime stats: 125 MiB RSS, 219 goroutines, 112 MiB/6.5 MiB/135 MiB GO alloc/idle/total, 25 MiB/38 MiB CGO alloc/total, 31.9 CGO/sec, 1.3/1.1 %(u/s)time, 0.0 %gc (0x), 554 KiB/325 KiB (r/w)net
I200226 13:32:02.401001 318 gossip/gossip.go:566  [n2] gossip status (ok, 3 nodes)
gossip client (1/3 cur/max conns)
  1: localhost:26257 (1m0s: infos 140/244 sent/received, bytes 59829B/104174B sent/received)
gossip server (0/3 cur/max conns, infos 140/244 sent/received, bytes 60735B/104948B sent/received)
gossip connectivity
  n2 [sentinel];
  n2 -> n1; n3 -> n1;
I200226 13:32:02.520207 434 server/status/runtime.go:498  [n2] runtime stats: 129 MiB RSS, 224 goroutines, 122 MiB/61 MiB/201 MiB GO alloc/idle/total, 24 MiB/38 MiB CGO alloc/total, 38.1 CGO/sec, 1.6/1.3 %(u/s)time, 0.0 %gc (0x), 588 KiB/345 KiB (r/w)net
I200226 13:32:12.431057 434 server/status/runtime.go:498  [n2] runtime stats: 140 MiB RSS, 218 goroutines, 136 MiB/48 MiB/201 MiB GO alloc/idle/total, 24 MiB/39 MiB CGO alloc/total, 80.1 CGO/sec, 2.7/1.5 %(u/s)time, 0.0 %gc (0x), 634 KiB/412 KiB (r/w)net
I200226 13:32:22.442601 434 server/status/runtime.go:498  [n2] runtime stats: 147 MiB RSS, 220 goroutines, 120 MiB/65 MiB/202 MiB GO alloc/idle/total, 24 MiB/39 MiB CGO alloc/total, 836.7 CGO/sec, 11.5/5.5 %(u/s)time, 0.0 %gc (1x), 3.8 MiB/3.5 MiB (r/w)net
I200226 13:32:32.434522 434 server/status/runtime.go:498  [n2] runtime stats: 155 MiB RSS, 218 goroutines, 140 MiB/45 MiB/202 MiB GO alloc/idle/total, 23 MiB/39 MiB CGO alloc/total, 280.3 CGO/sec, 4.6/2.6 %(u/s)time, 0.0 %gc (0x), 1.2 MiB/1013 KiB (r/w)net
I200226 13:32:42.440448 434 server/status/runtime.go:498  [n2] runtime stats: 167 MiB RSS, 219 goroutines, 151 MiB/34 MiB/202 MiB GO alloc/idle/total, 23 MiB/39 MiB CGO alloc/total, 45.6 CGO/sec, 2.0/1.2 %(u/s)time, 0.0 %gc (0x), 542 KiB/316 KiB (r/w)net
I200226 13:32:52.439123 434 server/status/runtime.go:498  [n2] runtime stats: 172 MiB RSS, 219 goroutines, 93 MiB/83 MiB/202 MiB GO alloc/idle/total, 23 MiB/39 MiB CGO alloc/total, 274.6 CGO/sec, 2.8/1.6 %(u/s)time, 0.0 %gc (1x), 707 KiB/460 KiB (r/w)net
I200226 13:33:02.400586 318 gossip/gossip.go:566  [n2] gossip status (ok, 3 nodes)
gossip client (1/3 cur/max conns)
  1: localhost:26257 (2m0s: infos 302/418 sent/received, bytes 747121B/135152B sent/received)
gossip server (0/3 cur/max conns, infos 302/418 sent/received, bytes 748027B/135926B sent/received)
I200226 13:33:02.441376 434 server/status/runtime.go:498  [n2] runtime stats: 174 MiB RSS, 224 goroutines, 136 MiB/48 MiB/202 MiB GO alloc/idle/total, 29 MiB/47 MiB CGO alloc/total, 1386.4 CGO/sec, 18.1/13.8 %(u/s)time, 0.0 %gc (0x), 8.3 MiB/8.1 MiB (r/w)net
I200226 13:33:12.441173 434 server/status/runtime.go:498  [n2] runtime stats: 177 MiB RSS, 218 goroutines, 101 MiB/78 MiB/202 MiB GO alloc/idle/total, 28 MiB/47 MiB CGO alloc/total, 1106.3 CGO/sec, 17.2/13.6 %(u/s)time, 0.0 %gc (1x), 8.5 MiB/8.3 MiB (r/w)net
I200226 13:33:22.447216 434 server/status/runtime.go:498  [n2] runtime stats: 179 MiB RSS, 218 goroutines, 133 MiB/49 MiB/202 MiB GO alloc/idle/total, 29 MiB/47 MiB CGO alloc/total, 768.4 CGO/sec, 13.5/11.6 %(u/s)time, 0.0 %gc (0x), 8.8 MiB/8.5 MiB (r/w)net
I200226 13:33:24.182502 436 sql/schema_changer.go:965  [n2,scExec] schema change on vehicles (56 v7) mutation 1 starting execution...
I200226 13:33:25.158583 436 sql/schema_changer.go:965  [n2,scExec] schema change on rides (57 v11) mutation 2 starting execution...
I200226 13:33:25.611758 436 sql/schema_changer.go:965  [n2,scExec] schema change on vehicle_location_histories (58 v5) mutation 1 starting execution...
I200226 13:33:25.953438 436 sql/schema_changer.go:965  [n2,scExec] schema change on user_promo_codes (60 v5) mutation 1 starting execution...
I200226 13:33:32.444709 434 server/status/runtime.go:498  [n2] runtime stats: 180 MiB RSS, 219 goroutines, 95 MiB/84 MiB/203 MiB GO alloc/idle/total, 29 MiB/47 MiB CGO alloc/total, 746.2 CGO/sec, 13.5/10.9 %(u/s)time, 0.0 %gc (1x), 8.1 MiB/7.8 MiB (r/w)net
I200226 13:33:42.455044 434 server/status/runtime.go:498  [n2] runtime stats: 140 MiB RSS, 219 goroutines, 120 MiB/62 MiB/203 MiB GO alloc/idle/total, 29 MiB/47 MiB CGO alloc/total, 563.9 CGO/sec, 10.4/9.0 %(u/s)time, 0.0 %gc (0x), 6.8 MiB/6.5 MiB (r/w)net
I200226 13:33:52.441485 434 server/status/runtime.go:498  [n2] runtime stats: 149 MiB RSS, 219 goroutines, 145 MiB/38 MiB/203 MiB GO alloc/idle/total, 37 MiB/55 MiB CGO alloc/total, 556.9 CGO/sec, 10.3/8.9 %(u/s)time, 0.0 %gc (0x), 13 MiB/13 MiB (r/w)net
I200226 13:34:02.402455 318 gossip/gossip.go:566  [n2] gossip status (ok, 3 nodes)
gossip client (1/3 cur/max conns)
  1: localhost:26257 (3m0s: infos 438/582 sent/received, bytes 1155521B/161713B sent/received)
gossip server (0/3 cur/max conns, infos 438/582 sent/received, bytes 1156427B/162487B sent/received)
I200226 13:34:02.448776 434 server/status/runtime.go:498  [n2] runtime stats: 171 MiB RSS, 218 goroutines, 123 MiB/61 MiB/203 MiB GO alloc/idle/total, 36 MiB/55 MiB CGO alloc/total, 1095.2 CGO/sec, 18.7/11.5 %(u/s)time, 0.0 %gc (1x), 9.0 MiB/8.8 MiB (r/w)net
I200226 13:34:12.453196 434 server/status/runtime.go:498  [n2] runtime stats: 174 MiB RSS, 218 goroutines, 87 MiB/88 MiB/203 MiB GO alloc/idle/total, 36 MiB/55 MiB CGO alloc/total, 902.1 CGO/sec, 15.0/10.6 %(u/s)time, 0.0 %gc (1x), 8.5 MiB/8.3 MiB (r/w)net
I200226 13:34:22.451872 434 server/status/runtime.go:498  [n2] runtime stats: 176 MiB RSS, 218 goroutines, 115 MiB/65 MiB/203 MiB GO alloc/idle/total, 36 MiB/55 MiB CGO alloc/total, 680.0 CGO/sec, 12.4/10.7 %(u/s)time, 0.0 %gc (0x), 8.6 MiB/8.3 MiB (r/w)net
I200226 13:34:32.451691 434 server/status/runtime.go:498  [n2] runtime stats: 173 MiB RSS, 219 goroutines, 141 MiB/42 MiB/203 MiB GO alloc/idle/total, 36 MiB/55 MiB CGO alloc/total, 590.7 CGO/sec, 10.9/9.0 %(u/s)time, 0.0 %gc (0x), 7.7 MiB/7.5 MiB (r/w)net
I200226 13:34:42.456562 434 server/status/runtime.go:498  [n2] runtime stats: 175 MiB RSS, 219 goroutines, 95 MiB/83 MiB/203 MiB GO alloc/idle/total, 36 MiB/55 MiB CGO alloc/total, 645.6 CGO/sec, 12.0/9.7 %(u/s)time, 0.0 %gc (1x), 8.4 MiB/7.8 MiB (r/w)net
I200226 13:34:52.453338 434 server/status/runtime.go:498  [n2] runtime stats: 175 MiB RSS, 219 goroutines, 146 MiB/38 MiB/203 MiB GO alloc/idle/total, 43 MiB/63 MiB CGO alloc/total, 1051.8 CGO/sec, 18.5/11.4 %(u/s)time, 0.0 %gc (0x), 9.0 MiB/8.8 MiB (r/w)net
I200226 13:35:02.407755 318 gossip/gossip.go:566  [n2] gossip status (ok, 3 nodes)
gossip client (1/3 cur/max conns)
  1: localhost:26257 (4m0s: infos 548/743 sent/received, bytes 1170072B/185512B sent/received)
gossip server (0/3 cur/max conns, infos 548/743 sent/received, bytes 1170978B/186286B sent/received)
I200226 13:35:02.449480 434 server/status/runtime.go:498  [n2] runtime stats: 177 MiB RSS, 218 goroutines, 138 MiB/45 MiB/203 MiB GO alloc/idle/total, 43 MiB/63 MiB CGO alloc/total, 1337.5 CGO/sec, 22.8/14.1 %(u/s)time, 0.0 %gc (1x), 11 MiB/11 MiB (r/w)net
I200226 13:35:12.455589 434 server/status/runtime.go:498  [n2] runtime stats: 179 MiB RSS, 218 goroutines, 130 MiB/54 MiB/203 MiB GO alloc/idle/total, 43 MiB/63 MiB CGO alloc/total, 1540.9 CGO/sec, 23.6/13.3 %(u/s)time, 0.0 %gc (1x), 10 MiB/10 MiB (r/w)net
I200226 13:35:22.499720 434 server/status/runtime.go:498  [n2] runtime stats: 181 MiB RSS, 218 goroutines, 118 MiB/65 MiB/203 MiB GO alloc/idle/total, 43 MiB/63 MiB CGO alloc/total, 1232.8 CGO/sec, 21.6/13.5 %(u/s)time, 0.0 %gc (1x), 11 MiB/11 MiB (r/w)net
I200226 13:35:32.467920 434 server/status/runtime.go:498  [n2] runtime stats: 182 MiB RSS, 219 goroutines, 111 MiB/72 MiB/203 MiB GO alloc/idle/total, 43 MiB/63 MiB CGO alloc/total, 1307.3 CGO/sec, 22.5/13.6 %(u/s)time, 0.0 %gc (1x), 12 MiB/11 MiB (r/w)net
I200226 13:35:42.468682 434 server/status/runtime.go:498  [n2] runtime stats: 184 MiB RSS, 219 goroutines, 107 MiB/75 MiB/203 MiB GO alloc/idle/total, 43 MiB/63 MiB CGO alloc/total, 1306.7 CGO/sec, 22.6/13.7 %(u/s)time, 0.0 %gc (1x), 12 MiB/12 MiB (r/w)net
I200226 13:35:52.467383 434 server/status/runtime.go:498  [n2] runtime stats: 186 MiB RSS, 219 goroutines, 103 MiB/77 MiB/203 MiB GO alloc/idle/total, 51 MiB/71 MiB CGO alloc/total, 1276.5 CGO/sec, 22.0/13.2 %(u/s)time, 0.0 %gc (1x), 12 MiB/12 MiB (r/w)net
I200226 13:36:02.409499 318 gossip/gossip.go:566  [n2] gossip status (ok, 3 nodes)
gossip client (1/3 cur/max conns)
  1: localhost:26257 (5m0s: infos 660/901 sent/received, bytes 1184322B/208400B sent/received)
gossip server (0/3 cur/max conns, infos 660/901 sent/received, bytes 1185228B/209174B sent/received)
I200226 13:36:02.471980 434 server/status/runtime.go:498  [n2] runtime stats: 187 MiB RSS, 218 goroutines, 89 MiB/87 MiB/203 MiB GO alloc/idle/total, 51 MiB/71 MiB CGO alloc/total, 1127.2 CGO/sec, 19.9/12.1 %(u/s)time, 0.0 %gc (1x), 11 MiB/11 MiB (r/w)net
I200226 13:36:12.466045 434 server/status/runtime.go:498  [n2] runtime stats: 189 MiB RSS, 218 goroutines, 152 MiB/33 MiB/203 MiB GO alloc/idle/total, 51 MiB/71 MiB CGO alloc/total, 1235.8 CGO/sec, 20.9/12.3 %(u/s)time, 0.0 %gc (0x), 11 MiB/11 MiB (r/w)net
I200226 13:36:22.470747 434 server/status/runtime.go:498  [n2] runtime stats: 191 MiB RSS, 218 goroutines, 148 MiB/35 MiB/203 MiB GO alloc/idle/total, 51 MiB/71 MiB CGO alloc/total, 1295.8 CGO/sec, 22.6/13.7 %(u/s)time, 0.0 %gc (1x), 13 MiB/12 MiB (r/w)net
I200226 13:36:32.477659 434 server/status/runtime.go:498  [n2] runtime stats: 195 MiB RSS, 219 goroutines, 125 MiB/58 MiB/203 MiB GO alloc/idle/total, 51 MiB/71 MiB CGO alloc/total, 1036.9 CGO/sec, 19.1/11.2 %(u/s)time, 0.0 %gc (1x), 11 MiB/10 MiB (r/w)net
I200226 13:36:42.476955 434 server/status/runtime.go:498  [n2] runtime stats: 197 MiB RSS, 220 goroutines, 114 MiB/69 MiB/203 MiB GO alloc/idle/total, 51 MiB/71 MiB CGO alloc/total, 1090.4 CGO/sec, 19.8/11.9 %(u/s)time, 0.0 %gc (1x), 12 MiB/11 MiB (r/w)net
I200226 13:36:52.495083 434 server/status/runtime.go:498  [n2] runtime stats: 199 MiB RSS, 219 goroutines, 109 MiB/72 MiB/203 MiB GO alloc/idle/total, 59 MiB/79 MiB CGO alloc/total, 1268.2 CGO/sec, 22.2/13.9 %(u/s)time, 0.0 %gc (1x), 13 MiB/13 MiB (r/w)net
I200226 13:37:02.411911 318 gossip/gossip.go:566  [n2] gossip status (ok, 3 nodes)
gossip client (1/3 cur/max conns)
  1: localhost:26257 (6m0s: infos 772/1057 sent/received, bytes 1198486B/231003B sent/received)
gossip server (0/3 cur/max conns, infos 772/1057 sent/received, bytes 1199392B/231777B sent/received)
I200226 13:37:02.483112 434 server/status/runtime.go:498  [n2] runtime stats: 200 MiB RSS, 218 goroutines, 126 MiB/57 MiB/203 MiB GO alloc/idle/total, 59 MiB/79 MiB CGO alloc/total, 178.7 CGO/sec, 3.8/2.8 %(u/s)time, 0.0 %gc (0x), 2.0 MiB/1.8 MiB (r/w)net
I200226 13:37:12.497735 434 server/status/runtime.go:498  [n2] runtime stats: 201 MiB RSS, 218 goroutines, 139 MiB/45 MiB/203 MiB GO alloc/idle/total, 59 MiB/79 MiB CGO alloc/total, 145.5 CGO/sec, 2.5/1.5 %(u/s)time, 0.0 %gc (0x), 948 KiB/540 KiB (r/w)net
I200226 13:37:22.493222 434 server/status/runtime.go:498  [n2] runtime stats: 201 MiB RSS, 218 goroutines, 148 MiB/36 MiB/203 MiB GO alloc/idle/total, 59 MiB/79 MiB CGO alloc/total, 32.5 CGO/sec, 1.4/1.1 %(u/s)time, 0.0 %gc (0x), 536 KiB/287 KiB (r/w)net
I200226 13:37:32.494714 434 server/status/runtime.go:498  [n2] runtime stats: 202 MiB RSS, 219 goroutines, 85 MiB/90 MiB/203 MiB GO alloc/idle/total, 59 MiB/79 MiB CGO alloc/total, 29.2 CGO/sec, 1.7/1.1 %(u/s)time, 0.0 %gc (1x), 524 KiB/293 KiB (r/w)net
I200226 13:37:42.501266 434 server/status/runtime.go:498  [n2] runtime stats: 203 MiB RSS, 219 goroutines, 94 MiB/82 MiB/203 MiB GO alloc/idle/total, 59 MiB/79 MiB CGO alloc/total, 32.7 CGO/sec, 1.4/1.1 %(u/s)time, 0.0 %gc (0x), 598 KiB/300 KiB (r/w)net
I200226 13:37:52.501521 434 server/status/runtime.go:498  [n2] runtime stats: 204 MiB RSS, 219 goroutines, 104 MiB/74 MiB/203 MiB GO alloc/idle/total, 59 MiB/79 MiB CGO alloc/total, 30.1 CGO/sec, 1.3/1.1 %(u/s)time, 0.0 %gc (0x), 518 KiB/284 KiB (r/w)net
I200226 13:38:02.413390 318 gossip/gossip.go:566  [n2] gossip status (ok, 3 nodes)
gossip client (1/3 cur/max conns)
  1: localhost:26257 (7m0s: infos 881/1215 sent/received, bytes 1212567B/253962B sent/received)
gossip server (0/3 cur/max conns, infos 881/1215 sent/received, bytes 1213473B/254736B sent/received)
I200226 13:38:02.503842 434 server/status/runtime.go:498  [n2] runtime stats: 204 MiB RSS, 218 goroutines, 114 MiB/65 MiB/203 MiB GO alloc/idle/total, 59 MiB/79 MiB CGO alloc/total, 93.3 CGO/sec, 1.7/1.2 %(u/s)time, 0.0 %gc (0x), 611 KiB/377 KiB (r/w)net
I200226 13:38:12.512795 434 server/status/runtime.go:498  [n2] runtime stats: 205 MiB RSS, 218 goroutines, 125 MiB/57 MiB/203 MiB GO alloc/idle/total, 59 MiB/79 MiB CGO alloc/total, 56.0 CGO/sec, 1.9/1.4 %(u/s)time, 0.0 %gc (0x), 585 KiB/338 KiB (r/w)net
I200226 13:38:22.513963 434 server/status/runtime.go:498  [n2] runtime stats: 206 MiB RSS, 218 goroutines, 134 MiB/49 MiB/203 MiB GO alloc/idle/total, 59 MiB/79 MiB CGO alloc/total, 32.1 CGO/sec, 1.4/1.4 %(u/s)time, 0.0 %gc (0x), 539 KiB/292 KiB (r/w)net
I200226 13:38:32.512761 434 server/status/runtime.go:498  [n2] runtime stats: 206 MiB RSS, 219 goroutines, 143 MiB/41 MiB/203 MiB GO alloc/idle/total, 67 MiB/87 MiB CGO alloc/total, 33.2 CGO/sec, 1.4/1.1 %(u/s)time, 0.0 %gc (0x), 574 KiB/307 KiB (r/w)net
I200226 13:38:42.521313 434 server/status/runtime.go:498  [n2] runtime stats: 207 MiB RSS, 219 goroutines, 152 MiB/32 MiB/203 MiB GO alloc/idle/total, 67 MiB/87 MiB CGO alloc/total, 36.0 CGO/sec, 1.2/1.0 %(u/s)time, 0.0 %gc (0x), 531 KiB/299 KiB (r/w)net
I200226 13:38:52.517765 434 server/status/runtime.go:498  [n2] runtime stats: 208 MiB RSS, 219 goroutines, 87 MiB/88 MiB/203 MiB GO alloc/idle/total, 67 MiB/87 MiB CGO alloc/total, 31.5 CGO/sec, 2.1/1.2 %(u/s)time, 0.0 %gc (1x), 514 KiB/278 KiB (r/w)net
I200226 13:39:02.412523 318 gossip/gossip.go:566  [n2] gossip status (ok, 3 nodes)
gossip client (1/3 cur/max conns)
  1: localhost:26257 (8m0s: infos 993/1369 sent/received, bytes 1227333B/276674B sent/received)
gossip server (0/3 cur/max conns, infos 993/1369 sent/received, bytes 1228239B/277448B sent/received)
I200226 13:39:02.525528 434 server/status/runtime.go:498  [n2] runtime stats: 208 MiB RSS, 218 goroutines, 97 MiB/80 MiB/203 MiB GO alloc/idle/total, 67 MiB/87 MiB CGO alloc/total, 35.1 CGO/sec, 1.4/1.2 %(u/s)time, 0.0 %gc (0x), 544 KiB/300 KiB (r/w)net
I200226 13:39:12.527289 434 server/status/runtime.go:498  [n2] runtime stats: 209 MiB RSS, 218 goroutines, 108 MiB/72 MiB/203 MiB GO alloc/idle/total, 67 MiB/87 MiB CGO alloc/total, 42.1 CGO/sec, 1.7/1.2 %(u/s)time, 0.0 %gc (0x), 550 KiB/312 KiB (r/w)net
I200226 13:39:22.528362 434 server/status/runtime.go:498  [n2] runtime stats: 210 MiB RSS, 218 goroutines, 116 MiB/64 MiB/203 MiB GO alloc/idle/total, 67 MiB/87 MiB CGO alloc/total, 30.7 CGO/sec, 1.4/1.2 %(u/s)time, 0.0 %gc (0x), 525 KiB/286 KiB (r/w)net
I200226 13:39:32.531118 434 server/status/runtime.go:498  [n2] runtime stats: 210 MiB RSS, 219 goroutines, 126 MiB/56 MiB/203 MiB GO alloc/idle/total, 67 MiB/87 MiB CGO alloc/total, 31.4 CGO/sec, 1.4/1.2 %(u/s)time, 0.0 %gc (0x), 549 KiB/300 KiB (r/w)net
I200226 13:39:42.536728 434 server/status/runtime.go:498  [n2] runtime stats: 211 MiB RSS, 219 goroutines, 135 MiB/48 MiB/203 MiB GO alloc/idle/total, 67 MiB/87 MiB CGO alloc/total, 33.1 CGO/sec, 1.3/1.0 %(u/s)time, 0.0 %gc (0x), 934 KiB/322 KiB (r/w)net
I200226 13:39:52.542209 434 server/status/runtime.go:498  [n2] runtime stats: 212 MiB RSS, 219 goroutines, 144 MiB/39 MiB/203 MiB GO alloc/idle/total, 67 MiB/87 MiB CGO alloc/total, 31.8 CGO/sec, 1.4/1.1 %(u/s)time, 0.0 %gc (0x), 523 KiB/288 KiB (r/w)net
I200226 13:40:02.416929 318 gossip/gossip.go:566  [n2] gossip status (ok, 3 nodes)
gossip client (1/3 cur/max conns)
  1: localhost:26257 (9m0s: infos 1105/1524 sent/received, bytes 1241841B/299309B sent/received)
gossip server (0/3 cur/max conns, infos 1105/1524 sent/received, bytes 1242747B/300083B sent/received)
I200226 13:40:02.546324 434 server/status/runtime.go:498  [n2] runtime stats: 212 MiB RSS, 218 goroutines, 153 MiB/31 MiB/203 MiB GO alloc/idle/total, 67 MiB/87 MiB CGO alloc/total, 33.8 CGO/sec, 1.4/1.3 %(u/s)time, 0.0 %gc (0x), 543 KiB/302 KiB (r/w)net
I200226 13:40:12.546727 434 server/status/runtime.go:498  [n2] runtime stats: 206 MiB RSS, 218 goroutines, 94 MiB/83 MiB/203 MiB GO alloc/idle/total, 67 MiB/87 MiB CGO alloc/total, 52.4 CGO/sec, 2.3/1.2 %(u/s)time, 0.0 %gc (1x), 566 KiB/328 KiB (r/w)net
I200226 13:40:22.554728 434 server/status/runtime.go:498  [n2] runtime stats: 198 MiB RSS, 218 goroutines, 103 MiB/76 MiB/203 MiB GO alloc/idle/total, 67 MiB/87 MiB CGO alloc/total, 26.7 CGO/sec, 1.2/1.0 %(u/s)time, 0.0 %gc (0x), 515 KiB/282 KiB (r/w)net
I200226 13:40:32.552648 434 server/status/runtime.go:498  [n2] runtime stats: 198 MiB RSS, 219 goroutines, 114 MiB/67 MiB/203 MiB GO alloc/idle/total, 75 MiB/95 MiB CGO alloc/total, 101.1 CGO/sec, 2.1/1.4 %(u/s)time, 0.0 %gc (0x), 632 KiB/392 KiB (r/w)net
I200226 13:40:42.560871 434 server/status/runtime.go:498  [n2] runtime stats: 199 MiB RSS, 219 goroutines, 123 MiB/59 MiB/203 MiB GO alloc/idle/total, 75 MiB/95 MiB CGO alloc/total, 33.9 CGO/sec, 1.5/1.1 %(u/s)time, 0.0 %gc (0x), 587 KiB/295 KiB (r/w)net
I200226 13:40:52.570758 434 server/status/runtime.go:498  [n2] runtime stats: 200 MiB RSS, 219 goroutines, 132 MiB/51 MiB/203 MiB GO alloc/idle/total, 75 MiB/95 MiB CGO alloc/total, 34.3 CGO/sec, 1.5/1.2 %(u/s)time, 0.0 %gc (0x), 541 KiB/300 KiB (r/w)net
I200226 13:41:02.414935 318 gossip/gossip.go:566  [n2] gossip status (ok, 3 nodes)
gossip client (1/3 cur/max conns)
  1: localhost:26257 (10m0s: infos 1214/1681 sent/received, bytes 1256266B/322350B sent/received)
gossip server (0/3 cur/max conns, infos 1214/1681 sent/received, bytes 1257172B/323124B sent/received)
I200226 13:41:02.573339 434 server/status/runtime.go:498  [n2] runtime stats: 189 MiB RSS, 218 goroutines, 141 MiB/42 MiB/203 MiB GO alloc/idle/total, 75 MiB/95 MiB CGO alloc/total, 31.9 CGO/sec, 1.3/1.2 %(u/s)time, 0.0 %gc (0x), 554 KiB/292 KiB (r/w)net
I200226 13:41:12.583608 434 server/status/runtime.go:498  [n2] runtime stats: 184 MiB RSS, 218 goroutines, 152 MiB/33 MiB/203 MiB GO alloc/idle/total, 75 MiB/95 MiB CGO alloc/total, 45.3 CGO/sec, 1.6/1.1 %(u/s)time, 0.0 %gc (0x), 547 KiB/311 KiB (r/w)net
I200226 13:41:22.428745 317 storage/store.go:2364  [n2,s2] sstables (read amplification = 2):
0 [   1K  1 ]: 1K
6 [ 138K 15 ]: 125K 1K[14]
I200226 13:41:22.429125 317 storage/store.go:2365  [n2,s2] 
** Compaction Stats [default] **
Level    Files   Size     Score Read(GB)  Rn(GB) Rnp1(GB) Write(GB) Wnew(GB) Moved(GB) W-Amp Rd(MB/s) Wr(MB/s) Comp(sec) CompMergeCPU(sec) Comp(cnt) Avg(sec) KeyIn KeyDrop
----------------------------------------------------------------------------------------------------------------------------------------------------------------------------
  L0      1/0    0.87 KB   0.5      0.0     0.0      0.0       0.0      0.0       0.0   0.6      0.0      0.5      0.47              0.00       108    0.004       0      0
  L6     15/0   137.64 KB   0.0      0.0     0.0      0.0       0.0      0.0       0.0   6.8      8.6      7.8      0.33              0.00        56    0.006     53K   1116
 Sum     16/0   138.51 KB   0.0      0.0     0.0      0.0       0.0      0.0       0.0   7.1      3.6      3.6      0.80              0.00       164    0.005     53K   1116
 Int      0/0    0.00 KB   0.0      0.0     0.0      0.0       0.0      0.0       0.0   7.0      5.4      5.3      0.10              0.00        14    0.007     14K    109

** Compaction Stats [default] **
Priority    Files   Size     Score Read(GB)  Rn(GB) Rnp1(GB) Write(GB) Wnew(GB) Moved(GB) W-Amp Rd(MB/s) Wr(MB/s) Comp(sec) CompMergeCPU(sec) Comp(cnt) Avg(sec) KeyIn KeyDrop
-------------------------------------------------------------------------------------------------------------------------------------------------------------------------------
 Low      0/0    0.00 KB   0.0      0.0     0.0      0.0       0.0      0.0       0.0   0.0     10.9      9.8      0.26              0.00        44    0.006     53K   1116
High      0/0    0.00 KB   0.0      0.0     0.0      0.0       0.0      0.0       0.0   0.0      0.0      4.3      0.06              0.00        24    0.002       0      0
User      0/0    0.00 KB   0.0      0.0     0.0      0.0       0.0      0.0       0.0   0.0      0.0      0.0      0.48              0.00        96    0.005       0      0
Uptime(secs): 642.4 total, 600.0 interval
Flush(GB): cumulative 0.000, interval 0.000
AddFile(GB): cumulative 0.000, interval 0.000
AddFile(Total Files): cumulative 96, interval 8
AddFile(L0 Files): cumulative 84, interval 8
AddFile(Keys): cumulative 2714, interval 49
Cumulative compaction: 0.00 GB write, 0.00 MB/s write, 0.00 GB read, 0.00 MB/s read, 0.8 seconds
Interval compaction: 0.00 GB write, 0.00 MB/s write, 0.00 GB read, 0.00 MB/s read, 0.1 seconds
Stalls(count): 0 level0_slowdown, 0 level0_slowdown_with_compaction, 0 level0_numfiles, 0 level0_numfiles_with_compaction, 0 stop for pending_compaction_bytes, 0 slowdown for pending_compaction_bytes, 0 memtable_compaction, 0 memtable_slowdown, interval 0 total count
estimated_pending_compaction_bytes: 0 B
I200226 13:41:22.595551 434 server/status/runtime.go:498  [n2] runtime stats: 190 MiB RSS, 218 goroutines, 85 MiB/90 MiB/203 MiB GO alloc/idle/total, 75 MiB/95 MiB CGO alloc/total, 30.6 CGO/sec, 1.7/1.2 %(u/s)time, 0.0 %gc (1x), 544 KiB/298 KiB (r/w)net
I200226 13:41:32.598966 434 server/status/runtime.go:498  [n2] runtime stats: 193 MiB RSS, 219 goroutines, 95 MiB/82 MiB/203 MiB GO alloc/idle/total, 75 MiB/95 MiB CGO alloc/total, 33.4 CGO/sec, 1.4/1.2 %(u/s)time, 0.0 %gc (0x), 546 KiB/305 KiB (r/w)net
I200226 13:41:42.605434 434 server/status/runtime.go:498  [n2] runtime stats: 192 MiB RSS, 219 goroutines, 104 MiB/74 MiB/203 MiB GO alloc/idle/total, 75 MiB/95 MiB CGO alloc/total, 35.0 CGO/sec, 1.4/1.1 %(u/s)time, 0.0 %gc (0x), 614 KiB/377 KiB (r/w)net
I200226 13:41:52.618001 434 server/status/runtime.go:498  [n2] runtime stats: 193 MiB RSS, 219 goroutines, 113 MiB/66 MiB/203 MiB GO alloc/idle/total, 75 MiB/95 MiB CGO alloc/total, 26.1 CGO/sec, 1.3/1.1 %(u/s)time, 0.0 %gc (0x), 608 KiB/308 KiB (r/w)net
I200226 13:42:02.426244 318 gossip/gossip.go:566  [n2] gossip status (ok, 3 nodes)
gossip client (1/3 cur/max conns)
  1: localhost:26257 (11m0s: infos 1326/1834 sent/received, bytes 1270602B/344647B sent/received)
gossip server (0/3 cur/max conns, infos 1326/1834 sent/received, bytes 1271508B/345421B sent/received)
I200226 13:42:02.622190 434 server/status/runtime.go:498  [n2] runtime stats: 197 MiB RSS, 218 goroutines, 122 MiB/58 MiB/203 MiB GO alloc/idle/total, 84 MiB/104 MiB CGO alloc/total, 33.7 CGO/sec, 2.3/1.4 %(u/s)time, 0.0 %gc (0x), 571 KiB/326 KiB (r/w)net
I200226 13:42:12.630525 434 server/status/runtime.go:498  [n2] runtime stats: 158 MiB RSS, 218 goroutines, 132 MiB/50 MiB/203 MiB GO alloc/idle/total, 20 MiB/33 MiB CGO alloc/total, 41.5 CGO/sec, 6.0/1.7 %(u/s)time, 0.0 %gc (0x), 567 KiB/328 KiB (r/w)net
I200226 13:42:22.645411 434 server/status/runtime.go:498  [n2] runtime stats: 162 MiB RSS, 218 goroutines, 141 MiB/42 MiB/203 MiB GO alloc/idle/total, 20 MiB/34 MiB CGO alloc/total, 27.2 CGO/sec, 1.4/1.1 %(u/s)time, 0.0 %gc (0x), 546 KiB/311 KiB (r/w)net
I200226 13:42:32.647811 434 server/status/runtime.go:498  [n2] runtime stats: 164 MiB RSS, 219 goroutines, 150 MiB/33 MiB/203 MiB GO alloc/idle/total, 20 MiB/34 MiB CGO alloc/total, 26.4 CGO/sec, 1.3/1.2 %(u/s)time, 0.0 %gc (0x), 555 KiB/311 KiB (r/w)net
I200226 13:42:42.654853 434 server/status/runtime.go:498  [n2] runtime stats: 166 MiB RSS, 219 goroutines, 84 MiB/92 MiB/203 MiB GO alloc/idle/total, 20 MiB/34 MiB CGO alloc/total, 29.3 CGO/sec, 1.6/1.2 %(u/s)time, 0.0 %gc (1x), 529 KiB/301 KiB (r/w)net
I200226 13:42:52.660780 434 server/status/runtime.go:498  [n2] runtime stats: 167 MiB RSS, 219 goroutines, 93 MiB/83 MiB/203 MiB GO alloc/idle/total, 20 MiB/34 MiB CGO alloc/total, 27.0 CGO/sec, 1.3/1.1 %(u/s)time, 0.0 %gc (0x), 552 KiB/304 KiB (r/w)net
I200226 13:43:02.429897 318 gossip/gossip.go:566  [n2] gossip status (ok, 3 nodes)
gossip client (1/3 cur/max conns)
  1: localhost:26257 (12m0s: infos 1436/1989 sent/received, bytes 1284930B/367282B sent/received)
gossip server (0/3 cur/max conns, infos 1436/1989 sent/received, bytes 1285836B/368056B sent/received)
I200226 13:43:02.668446 434 server/status/runtime.go:498  [n2] runtime stats: 168 MiB RSS, 218 goroutines, 102 MiB/76 MiB/203 MiB GO alloc/idle/total, 20 MiB/34 MiB CGO alloc/total, 27.8 CGO/sec, 1.3/1.2 %(u/s)time, 0.0 %gc (0x), 544 KiB/305 KiB (r/w)net
I200226 13:43:12.672723 434 server/status/runtime.go:498  [n2] runtime stats: 169 MiB RSS, 218 goroutines, 114 MiB/67 MiB/203 MiB GO alloc/idle/total, 20 MiB/34 MiB CGO alloc/total, 116.3 CGO/sec, 2.3/1.5 %(u/s)time, 0.0 %gc (0x), 664 KiB/436 KiB (r/w)net
I200226 13:43:22.671498 434 server/status/runtime.go:498  [n2] runtime stats: 170 MiB RSS, 218 goroutines, 124 MiB/59 MiB/203 MiB GO alloc/idle/total, 20 MiB/34 MiB CGO alloc/total, 26.8 CGO/sec, 1.4/1.1 %(u/s)time, 0.0 %gc (0x), 548 KiB/301 KiB (r/w)net
I200226 13:43:32.680759 434 server/status/runtime.go:498  [n2] runtime stats: 170 MiB RSS, 219 goroutines, 132 MiB/51 MiB/203 MiB GO alloc/idle/total, 20 MiB/34 MiB CGO alloc/total, 26.8 CGO/sec, 1.3/1.0 %(u/s)time, 0.0 %gc (0x), 544 KiB/305 KiB (r/w)net
I200226 13:43:42.691072 434 server/status/runtime.go:498  [n2] runtime stats: 171 MiB RSS, 219 goroutines, 142 MiB/42 MiB/203 MiB GO alloc/idle/total, 20 MiB/34 MiB CGO alloc/total, 29.4 CGO/sec, 1.3/1.0 %(u/s)time, 0.0 %gc (0x), 626 KiB/335 KiB (r/w)net
I200226 13:43:52.693525 434 server/status/runtime.go:498  [n2] runtime stats: 172 MiB RSS, 219 goroutines, 151 MiB/34 MiB/203 MiB GO alloc/idle/total, 20 MiB/34 MiB CGO alloc/total, 29.5 CGO/sec, 1.3/1.1 %(u/s)time, 0.0 %gc (0x), 545 KiB/310 KiB (r/w)net
I200226 13:44:02.434637 318 gossip/gossip.go:566  [n2] gossip status (ok, 3 nodes)
gossip client (1/3 cur/max conns)
  1: localhost:26257 (13m0s: infos 1547/2146 sent/received, bytes 1299191B/390173B sent/received)
gossip server (0/3 cur/max conns, infos 1547/2146 sent/received, bytes 1300097B/390947B sent/received)
I200226 13:44:02.701177 434 server/status/runtime.go:498  [n2] runtime stats: 172 MiB RSS, 218 goroutines, 84 MiB/91 MiB/203 MiB GO alloc/idle/total, 28 MiB/42 MiB CGO alloc/total, 29.2 CGO/sec, 1.6/1.1 %(u/s)time, 0.0 %gc (1x), 543 KiB/306 KiB (r/w)net
I200226 13:44:12.704228 434 server/status/runtime.go:498  [n2] runtime stats: 173 MiB RSS, 218 goroutines, 95 MiB/82 MiB/203 MiB GO alloc/idle/total, 28 MiB/42 MiB CGO alloc/total, 36.0 CGO/sec, 1.6/1.1 %(u/s)time, 0.0 %gc (0x), 561 KiB/325 KiB (r/w)net
I200226 13:44:22.708768 434 server/status/runtime.go:498  [n2] runtime stats: 174 MiB RSS, 218 goroutines, 104 MiB/75 MiB/203 MiB GO alloc/idle/total, 28 MiB/42 MiB CGO alloc/total, 27.0 CGO/sec, 1.3/1.0 %(u/s)time, 0.0 %gc (0x), 547 KiB/306 KiB (r/w)net
I200226 13:44:32.717636 434 server/status/runtime.go:498  [n2] runtime stats: 175 MiB RSS, 219 goroutines, 113 MiB/67 MiB/203 MiB GO alloc/idle/total, 28 MiB/42 MiB CGO alloc/total, 29.7 CGO/sec, 1.4/1.1 %(u/s)time, 0.0 %gc (0x), 550 KiB/309 KiB (r/w)net
I200226 13:44:42.722455 434 server/status/runtime.go:498  [n2] runtime stats: 175 MiB RSS, 219 goroutines, 122 MiB/59 MiB/203 MiB GO alloc/idle/total, 28 MiB/42 MiB CGO alloc/total, 32.8 CGO/sec, 1.4/1.2 %(u/s)time, 0.0 %gc (0x), 965 KiB/354 KiB (r/w)net
I200226 13:44:52.723768 434 server/status/runtime.go:498  [n2] runtime stats: 176 MiB RSS, 219 goroutines, 131 MiB/51 MiB/203 MiB GO alloc/idle/total, 28 MiB/42 MiB CGO alloc/total, 26.3 CGO/sec, 1.3/1.0 %(u/s)time, 0.0 %gc (0x), 541 KiB/307 KiB (r/w)net
I200226 13:45:02.432792 318 gossip/gossip.go:566  [n2] gossip status (ok, 3 nodes)
gossip client (1/3 cur/max conns)
  1: localhost:26257 (14m0s: infos 1659/2300 sent/received, bytes 1313527B/412635B sent/received)
gossip server (0/3 cur/max conns, infos 1659/2300 sent/received, bytes 1314433B/413409B sent/received)
I200226 13:45:02.724929 434 server/status/runtime.go:498  [n2] runtime stats: 177 MiB RSS, 218 goroutines, 140 MiB/42 MiB/203 MiB GO alloc/idle/total, 28 MiB/42 MiB CGO alloc/total, 26.4 CGO/sec, 1.3/1.1 %(u/s)time, 0.0 %gc (0x), 549 KiB/304 KiB (r/w)net
I200226 13:45:12.728638 434 server/status/runtime.go:498  [n2] runtime stats: 177 MiB RSS, 222 goroutines, 151 MiB/33 MiB/203 MiB GO alloc/idle/total, 28 MiB/42 MiB CGO alloc/total, 46.0 CGO/sec, 1.6/1.1 %(u/s)time, 0.0 %gc (0x), 588 KiB/345 KiB (r/w)net
I200226 13:45:22.731341 434 server/status/runtime.go:498  [n2] runtime stats: 178 MiB RSS, 218 goroutines, 84 MiB/91 MiB/203 MiB GO alloc/idle/total, 28 MiB/42 MiB CGO alloc/total, 28.1 CGO/sec, 1.6/1.1 %(u/s)time, 0.0 %gc (1x), 554 KiB/315 KiB (r/w)net
I200226 13:45:32.739884 434 server/status/runtime.go:498  [n2] runtime stats: 179 MiB RSS, 219 goroutines, 94 MiB/83 MiB/203 MiB GO alloc/idle/total, 28 MiB/42 MiB CGO alloc/total, 33.5 CGO/sec, 1.5/1.1 %(u/s)time, 0.0 %gc (0x), 550 KiB/307 KiB (r/w)net
I200226 13:45:42.747542 434 server/status/runtime.go:498  [n2] runtime stats: 180 MiB RSS, 219 goroutines, 104 MiB/75 MiB/178 MiB GO alloc/idle/total, 28 MiB/42 MiB CGO alloc/total, 95.0 CGO/sec, 1.9/1.3 %(u/s)time, 0.0 %gc (0x), 626 KiB/403 KiB (r/w)net
I200226 13:45:52.750867 434 server/status/runtime.go:498  [n2] runtime stats: 180 MiB RSS, 219 goroutines, 113 MiB/67 MiB/178 MiB GO alloc/idle/total, 28 MiB/42 MiB CGO alloc/total, 27.5 CGO/sec, 1.3/1.0 %(u/s)time, 0.0 %gc (0x), 541 KiB/304 KiB (r/w)net
I200226 13:46:02.435764 318 gossip/gossip.go:566  [n2] gossip status (ok, 3 nodes)
gossip client (1/3 cur/max conns)
  1: localhost:26257 (15m0s: infos 1768/2454 sent/received, bytes 1327608B/435100B sent/received)
gossip server (0/3 cur/max conns, infos 1768/2454 sent/received, bytes 1328514B/435874B sent/received)
I200226 13:46:02.756049 434 server/status/runtime.go:498  [n2] runtime stats: 181 MiB RSS, 218 goroutines, 123 MiB/59 MiB/178 MiB GO alloc/idle/total, 36 MiB/50 MiB CGO alloc/total, 30.9 CGO/sec, 1.4/1.2 %(u/s)time, 0.0 %gc (0x), 566 KiB/316 KiB (r/w)net
I200226 13:46:12.761008 434 server/status/runtime.go:498  [n2] runtime stats: 182 MiB RSS, 218 goroutines, 133 MiB/50 MiB/178 MiB GO alloc/idle/total, 36 MiB/50 MiB CGO alloc/total, 43.4 CGO/sec, 1.6/1.3 %(u/s)time, 0.0 %gc (0x), 573 KiB/338 KiB (r/w)net
I200226 13:46:22.757409 434 server/status/runtime.go:498  [n2] runtime stats: 182 MiB RSS, 218 goroutines, 142 MiB/42 MiB/178 MiB GO alloc/idle/total, 36 MiB/50 MiB CGO alloc/total, 26.9 CGO/sec, 1.3/1.2 %(u/s)time, 0.0 %gc (0x), 555 KiB/310 KiB (r/w)net
I200226 13:46:32.758145 434 server/status/runtime.go:498  [n2] runtime stats: 183 MiB RSS, 219 goroutines, 151 MiB/33 MiB/178 MiB GO alloc/idle/total, 36 MiB/50 MiB CGO alloc/total, 28.0 CGO/sec, 1.3/1.1 %(u/s)time, 0.0 %gc (0x), 545 KiB/302 KiB (r/w)net
I200226 13:46:42.763802 434 server/status/runtime.go:498  [n2] runtime stats: 184 MiB RSS, 219 goroutines, 84 MiB/91 MiB/178 MiB GO alloc/idle/total, 36 MiB/50 MiB CGO alloc/total, 32.9 CGO/sec, 1.7/1.1 %(u/s)time, 0.0 %gc (1x), 608 KiB/309 KiB (r/w)net
I200226 13:46:52.769693 434 server/status/runtime.go:498  [n2] runtime stats: 184 MiB RSS, 219 goroutines, 93 MiB/83 MiB/178 MiB GO alloc/idle/total, 36 MiB/50 MiB CGO alloc/total, 27.4 CGO/sec, 1.3/1.1 %(u/s)time, 0.0 %gc (0x), 520 KiB/289 KiB (r/w)net
I200226 13:47:02.440773 318 gossip/gossip.go:566  [n2] gossip status (ok, 3 nodes)
gossip client (1/3 cur/max conns)
  1: localhost:26257 (16m0s: infos 1880/2611 sent/received, bytes 1342202B/458091B sent/received)
gossip server (0/3 cur/max conns, infos 1880/2611 sent/received, bytes 1343108B/458865B sent/received)
I200226 13:47:02.782927 434 server/status/runtime.go:498  [n2] runtime stats: 185 MiB RSS, 218 goroutines, 103 MiB/75 MiB/178 MiB GO alloc/idle/total, 36 MiB/50 MiB CGO alloc/total, 29.2 CGO/sec, 1.4/1.2 %(u/s)time, 0.0 %gc (0x), 533 KiB/294 KiB (r/w)net
I200226 13:47:12.785831 434 server/status/runtime.go:498  [n2] runtime stats: 186 MiB RSS, 218 goroutines, 113 MiB/66 MiB/178 MiB GO alloc/idle/total, 36 MiB/50 MiB CGO alloc/total, 43.0 CGO/sec, 1.6/1.3 %(u/s)time, 0.0 %gc (0x), 552 KiB/314 KiB (r/w)net
I200226 13:47:22.792664 434 server/status/runtime.go:498  [n2] runtime stats: 186 MiB RSS, 218 goroutines, 122 MiB/59 MiB/178 MiB GO alloc/idle/total, 36 MiB/50 MiB CGO alloc/total, 22.3 CGO/sec, 1.3/1.1 %(u/s)time, 0.0 %gc (0x), 508 KiB/275 KiB (r/w)net
I200226 13:47:32.806313 434 server/status/runtime.go:498  [n2] runtime stats: 187 MiB RSS, 219 goroutines, 131 MiB/51 MiB/178 MiB GO alloc/idle/total, 36 MiB/50 MiB CGO alloc/total, 31.3 CGO/sec, 1.4/1.1 %(u/s)time, 0.0 %gc (0x), 544 KiB/294 KiB (r/w)net
I200226 13:47:42.839424 434 server/status/runtime.go:498  [n2] runtime stats: 188 MiB RSS, 219 goroutines, 140 MiB/43 MiB/178 MiB GO alloc/idle/total, 36 MiB/50 MiB CGO alloc/total, 29.1 CGO/sec, 1.4/1.2 %(u/s)time, 0.0 %gc (0x), 513 KiB/292 KiB (r/w)net
I200226 13:47:52.820145 434 server/status/runtime.go:498  [n2] runtime stats: 188 MiB RSS, 224 goroutines, 149 MiB/34 MiB/178 MiB GO alloc/idle/total, 36 MiB/50 MiB CGO alloc/total, 25.3 CGO/sec, 1.3/1.0 %(u/s)time, 0.0 %gc (0x), 535 KiB/283 KiB (r/w)net
I200226 13:48:02.439586 318 gossip/gossip.go:566  [n2] gossip status (ok, 3 nodes)
gossip client (1/3 cur/max conns)
  1: localhost:26257 (17m0s: infos 1992/2765 sent/received, bytes 1356796B/480703B sent/received)
gossip server (0/3 cur/max conns, infos 1992/2765 sent/received, bytes 1357702B/481477B sent/received)
I200226 13:48:02.837575 434 server/status/runtime.go:498  [n2] runtime stats: 189 MiB RSS, 218 goroutines, 82 MiB/93 MiB/178 MiB GO alloc/idle/total, 44 MiB/58 MiB CGO alloc/total, 27.0 CGO/sec, 1.6/1.2 %(u/s)time, 0.0 %gc (1x), 602 KiB/301 KiB (r/w)net
I200226 13:48:12.860831 434 server/status/runtime.go:498  [n2] runtime stats: 190 MiB RSS, 218 goroutines, 93 MiB/84 MiB/178 MiB GO alloc/idle/total, 44 MiB/58 MiB CGO alloc/total, 50.3 CGO/sec, 1.8/1.4 %(u/s)time, 0.0 %gc (0x), 564 KiB/325 KiB (r/w)net
I200226 13:48:22.842291 434 server/status/runtime.go:498  [n2] runtime stats: 174 MiB RSS, 218 goroutines, 104 MiB/76 MiB/178 MiB GO alloc/idle/total, 44 MiB/58 MiB CGO alloc/total, 90.9 CGO/sec, 2.0/1.4 %(u/s)time, 0.0 %gc (0x), 631 KiB/388 KiB (r/w)net
I200226 13:48:32.844632 434 server/status/runtime.go:498  [n2] runtime stats: 175 MiB RSS, 219 goroutines, 113 MiB/68 MiB/178 MiB GO alloc/idle/total, 44 MiB/58 MiB CGO alloc/total, 29.8 CGO/sec, 1.3/1.0 %(u/s)time, 0.0 %gc (0x), 1009 KiB/335 KiB (r/w)net
I200226 13:48:42.851888 434 server/status/runtime.go:498  [n2] runtime stats: 176 MiB RSS, 219 goroutines, 122 MiB/60 MiB/178 MiB GO alloc/idle/total, 44 MiB/58 MiB CGO alloc/total, 29.8 CGO/sec, 1.4/1.2 %(u/s)time, 0.0 %gc (0x), 570 KiB/323 KiB (r/w)net
I200226 13:48:52.851529 434 server/status/runtime.go:498  [n2] runtime stats: 177 MiB RSS, 219 goroutines, 131 MiB/52 MiB/178 MiB GO alloc/idle/total, 44 MiB/58 MiB CGO alloc/total, 23.4 CGO/sec, 1.3/1.1 %(u/s)time, 0.0 %gc (0x), 679 KiB/313 KiB (r/w)net
I200226 13:49:02.437094 318 gossip/gossip.go:566  [n2] gossip status (ok, 3 nodes)
gossip client (1/3 cur/max conns)
  1: localhost:26257 (18m0s: infos 2104/2920 sent/received, bytes 1371304B/503338B sent/received)
gossip server (0/3 cur/max conns, infos 2104/2920 sent/received, bytes 1372210B/504112B sent/received)
I200226 13:49:02.852506 434 server/status/runtime.go:498  [n2] runtime stats: 178 MiB RSS, 218 goroutines, 140 MiB/44 MiB/178 MiB GO alloc/idle/total, 44 MiB/58 MiB CGO alloc/total, 30.9 CGO/sec, 1.2/1.1 %(u/s)time, 0.0 %gc (0x), 1.8 MiB/439 KiB (r/w)net
I200226 13:49:12.851364 434 server/status/runtime.go:498  [n2] runtime stats: 179 MiB RSS, 218 goroutines, 150 MiB/34 MiB/178 MiB GO alloc/idle/total, 44 MiB/58 MiB CGO alloc/total, 44.0 CGO/sec, 1.7/1.3 %(u/s)time, 0.0 %gc (0x), 602 KiB/330 KiB (r/w)net
I200226 13:49:22.860233 434 server/status/runtime.go:498  [n2] runtime stats: 180 MiB RSS, 218 goroutines, 85 MiB/90 MiB/178 MiB GO alloc/idle/total, 44 MiB/58 MiB CGO alloc/total, 25.3 CGO/sec, 1.4/1.0 %(u/s)time, 0.0 %gc (1x), 4.1 MiB/474 KiB (r/w)net
I200226 13:49:32.864990 434 server/status/runtime.go:498  [n2] runtime stats: 181 MiB RSS, 219 goroutines, 95 MiB/81 MiB/178 MiB GO alloc/idle/total, 44 MiB/58 MiB CGO alloc/total, 32.1 CGO/sec, 1.3/1.1 %(u/s)time, 0.0 %gc (0x), 1.6 MiB/423 KiB (r/w)net
I200226 13:49:42.862278 434 server/status/runtime.go:498  [n2] runtime stats: 181 MiB RSS, 219 goroutines, 104 MiB/74 MiB/178 MiB GO alloc/idle/total, 44 MiB/58 MiB CGO alloc/total, 27.5 CGO/sec, 1.3/1.1 %(u/s)time, 0.0 %gc (0x), 1.2 MiB/376 KiB (r/w)net
I200226 13:49:52.861298 434 server/status/runtime.go:498  [n2] runtime stats: 180 MiB RSS, 219 goroutines, 113 MiB/66 MiB/178 MiB GO alloc/idle/total, 44 MiB/58 MiB CGO alloc/total, 27.4 CGO/sec, 1.2/1.0 %(u/s)time, 0.0 %gc (0x), 666 KiB/317 KiB (r/w)net
I200226 13:50:02.437198 318 gossip/gossip.go:566  [n2] gossip status (ok, 3 nodes)
gossip client (1/3 cur/max conns)
  1: localhost:26257 (19m0s: infos 2213/3077 sent/received, bytes 1385385B/526229B sent/received)
gossip server (0/3 cur/max conns, infos 2213/3077 sent/received, bytes 1386291B/527003B sent/received)
I200226 13:50:02.866663 434 server/status/runtime.go:498  [n2] runtime stats: 180 MiB RSS, 218 goroutines, 123 MiB/58 MiB/178 MiB GO alloc/idle/total, 52 MiB/66 MiB CGO alloc/total, 29.0 CGO/sec, 1.4/1.1 %(u/s)time, 0.0 %gc (0x), 534 KiB/288 KiB (r/w)net
I200226 13:50:12.869261 434 server/status/runtime.go:498  [n2] runtime stats: 180 MiB RSS, 218 goroutines, 133 MiB/49 MiB/178 MiB GO alloc/idle/total, 52 MiB/66 MiB CGO alloc/total, 40.3 CGO/sec, 1.5/1.1 %(u/s)time, 0.0 %gc (0x), 689 KiB/340 KiB (r/w)net
I200226 13:50:22.872851 434 server/status/runtime.go:498  [n2] runtime stats: 181 MiB RSS, 218 goroutines, 142 MiB/41 MiB/178 MiB GO alloc/idle/total, 52 MiB/66 MiB CGO alloc/total, 25.7 CGO/sec, 1.2/1.0 %(u/s)time, 0.0 %gc (0x), 647 KiB/288 KiB (r/w)net
I200226 13:50:32.875283 434 server/status/runtime.go:498  [n2] runtime stats: 180 MiB RSS, 219 goroutines, 151 MiB/33 MiB/178 MiB GO alloc/idle/total, 52 MiB/66 MiB CGO alloc/total, 30.4 CGO/sec, 1.3/1.1 %(u/s)time, 0.0 %gc (0x), 588 KiB/349 KiB (r/w)net
I200226 13:50:42.878359 434 server/status/runtime.go:498  [n2] runtime stats: 184 MiB RSS, 219 goroutines, 85 MiB/91 MiB/180 MiB GO alloc/idle/total, 52 MiB/66 MiB CGO alloc/total, 104.6 CGO/sec, 2.3/1.3 %(u/s)time, 0.0 %gc (1x), 664 KiB/438 KiB (r/w)net
I200226 13:50:52.883015 434 server/status/runtime.go:498  [n2] runtime stats: 184 MiB RSS, 219 goroutines, 94 MiB/83 MiB/180 MiB GO alloc/idle/total, 52 MiB/66 MiB CGO alloc/total, 27.5 CGO/sec, 1.3/1.0 %(u/s)time, 0.0 %gc (0x), 1.1 MiB/376 KiB (r/w)net
I200226 13:51:02.439434 318 gossip/gossip.go:566  [n2] gossip status (ok, 3 nodes)
gossip client (1/3 cur/max conns)
  1: localhost:26257 (20m0s: infos 2324/3231 sent/received, bytes 1399741B/548741B sent/received)
gossip server (0/3 cur/max conns, infos 2324/3231 sent/received, bytes 1400647B/549515B sent/received)
I200226 13:51:02.889268 434 server/status/runtime.go:498  [n2] runtime stats: 182 MiB RSS, 218 goroutines, 104 MiB/75 MiB/180 MiB GO alloc/idle/total, 52 MiB/66 MiB CGO alloc/total, 31.3 CGO/sec, 1.4/1.1 %(u/s)time, 0.0 %gc (0x), 577 KiB/301 KiB (r/w)net
I200226 13:51:12.884686 434 server/status/runtime.go:498  [n2] runtime stats: 181 MiB RSS, 218 goroutines, 114 MiB/67 MiB/180 MiB GO alloc/idle/total, 52 MiB/66 MiB CGO alloc/total, 37.7 CGO/sec, 1.5/1.2 %(u/s)time, 0.0 %gc (0x), 547 KiB/318 KiB (r/w)net
I200226 13:51:22.447599 317 storage/store.go:2364  [n2,s2] sstables (read amplification = 1):
6 [ 2M 1 ]: 2M
I200226 13:51:22.449942 317 storage/store.go:2365  [n2,s2] 
** Compaction Stats [default] **
Level    Files   Size     Score Read(GB)  Rn(GB) Rnp1(GB) Write(GB) Wnew(GB) Moved(GB) W-Amp Rd(MB/s) Wr(MB/s) Comp(sec) CompMergeCPU(sec) Comp(cnt) Avg(sec) KeyIn KeyDrop
----------------------------------------------------------------------------------------------------------------------------------------------------------------------------
  L0      0/0    0.00 KB   0.0      0.0     0.0      0.0       0.0      0.0       0.0   0.9      0.0      2.3      1.00              0.00       109    0.009       0      0
  L6      1/0    1.58 MB   0.0      0.0     0.0      0.0       0.0      0.0       0.0   1.7     10.8      9.0      0.47              0.00        57    0.008    134K    39K
 Sum      1/0    1.58 MB   0.0      0.0     0.0      0.0       0.0      0.0       0.0   2.6      3.4      4.4      1.47              0.00       166    0.009    134K    39K
 Int      0/0    0.00 KB   0.0      0.0     0.0      0.0       0.0      0.0       0.0   1.8      3.3      5.4      0.67              0.00         2    0.334     81K    37K

** Compaction Stats [default] **
Priority    Files   Size     Score Read(GB)  Rn(GB) Rnp1(GB) Write(GB) Wnew(GB) Moved(GB) W-Amp Rd(MB/s) Wr(MB/s) Comp(sec) CompMergeCPU(sec) Comp(cnt) Avg(sec) KeyIn KeyDrop
-------------------------------------------------------------------------------------------------------------------------------------------------------------------------------
 Low      0/0    0.00 KB   0.0      0.0     0.0      0.0       0.0      0.0       0.0   0.0     12.7     10.6      0.40              0.00        45    0.009    134K    39K
High      0/0    0.00 KB   0.0      0.0     0.0      0.0       0.0      0.0       0.0   0.0      0.0      3.9      0.60              0.00        25    0.024       0      0
User      0/0    0.00 KB   0.0      0.0     0.0      0.0       0.0      0.0       0.0   0.0      0.0      0.0      0.48              0.00        96    0.005       0      0
Uptime(secs): 1242.4 total, 600.0 interval
Flush(GB): cumulative 0.002, interval 0.002
AddFile(GB): cumulative 0.000, interval 0.000
AddFile(Total Files): cumulative 96, interval 0
AddFile(L0 Files): cumulative 84, interval 0
AddFile(Keys): cumulative 2714, interval 0
Cumulative compaction: 0.01 GB write, 0.01 MB/s write, 0.00 GB read, 0.00 MB/s read, 1.5 seconds
Interval compaction: 0.00 GB write, 0.01 MB/s write, 0.00 GB read, 0.00 MB/s read, 0.7 seconds
Stalls(count): 0 level0_slowdown, 0 level0_slowdown_with_compaction, 0 level0_numfiles, 0 level0_numfiles_with_compaction, 0 stop for pending_compaction_bytes, 0 slowdown for pending_compaction_bytes, 0 memtable_compaction, 0 memtable_slowdown, interval 0 total count
estimated_pending_compaction_bytes: 0 B
I200226 13:51:22.898268 434 server/status/runtime.go:498  [n2] runtime stats: 173 MiB RSS, 218 goroutines, 123 MiB/59 MiB/180 MiB GO alloc/idle/total, 52 MiB/66 MiB CGO alloc/total, 29.4 CGO/sec, 1.3/1.0 %(u/s)time, 0.0 %gc (0x), 530 KiB/293 KiB (r/w)net
I200226 13:51:32.891650 434 server/status/runtime.go:498  [n2] runtime stats: 174 MiB RSS, 219 goroutines, 132 MiB/51 MiB/180 MiB GO alloc/idle/total, 52 MiB/66 MiB CGO alloc/total, 29.0 CGO/sec, 1.4/1.1 %(u/s)time, 0.0 %gc (0x), 522 KiB/290 KiB (r/w)net
I200226 13:51:42.894679 434 server/status/runtime.go:498  [n2] runtime stats: 177 MiB RSS, 219 goroutines, 141 MiB/42 MiB/180 MiB GO alloc/idle/total, 52 MiB/66 MiB CGO alloc/total, 29.4 CGO/sec, 1.4/1.1 %(u/s)time, 0.0 %gc (0x), 626 KiB/385 KiB (r/w)net
I200226 13:51:52.899033 434 server/status/runtime.go:498  [n2] runtime stats: 169 MiB RSS, 219 goroutines, 150 MiB/34 MiB/180 MiB GO alloc/idle/total, 52 MiB/66 MiB CGO alloc/total, 26.5 CGO/sec, 1.3/1.1 %(u/s)time, 0.0 %gc (0x), 540 KiB/300 KiB (r/w)net
I200226 13:52:02.442849 318 gossip/gossip.go:566  [n2] gossip status (ok, 3 nodes)
gossip client (1/3 cur/max conns)
  1: localhost:26257 (21m0s: infos 2433/3386 sent/received, bytes 1413994B/571426B sent/received)
gossip server (0/3 cur/max conns, infos 2433/3386 sent/received, bytes 1414900B/572200B sent/received)
I200226 13:52:02.897614 434 server/status/runtime.go:498  [n2] runtime stats: 169 MiB RSS, 218 goroutines, 83 MiB/92 MiB/180 MiB GO alloc/idle/total, 60 MiB/74 MiB CGO alloc/total, 30.6 CGO/sec, 1.7/1.4 %(u/s)time, 0.0 %gc (1x), 576 KiB/331 KiB (r/w)net
I200226 13:52:12.904303 434 server/status/runtime.go:498  [n2] runtime stats: 171 MiB RSS, 218 goroutines, 94 MiB/83 MiB/180 MiB GO alloc/idle/total, 60 MiB/74 MiB CGO alloc/total, 43.2 CGO/sec, 1.5/1.1 %(u/s)time, 0.0 %gc (0x), 1.1 MiB/423 KiB (r/w)net
I200226 13:52:22.900130 434 server/status/runtime.go:498  [n2] runtime stats: 173 MiB RSS, 218 goroutines, 102 MiB/76 MiB/180 MiB GO alloc/idle/total, 60 MiB/74 MiB CGO alloc/total, 24.3 CGO/sec, 1.3/1.1 %(u/s)time, 0.0 %gc (0x), 531 KiB/296 KiB (r/w)net
I200226 13:52:32.907831 434 server/status/runtime.go:498  [n2] runtime stats: 177 MiB RSS, 219 goroutines, 112 MiB/68 MiB/180 MiB GO alloc/idle/total, 60 MiB/74 MiB CGO alloc/total, 29.3 CGO/sec, 1.4/1.1 %(u/s)time, 0.0 %gc (0x), 553 KiB/314 KiB (r/w)net
I200226 13:52:42.925859 434 server/status/runtime.go:498  [n2] runtime stats: 178 MiB RSS, 219 goroutines, 121 MiB/60 MiB/180 MiB GO alloc/idle/total, 60 MiB/74 MiB CGO alloc/total, 32.0 CGO/sec, 1.5/1.2 %(u/s)time, 0.0 %gc (0x), 616 KiB/321 KiB (r/w)net
I200226 13:52:52.922013 434 server/status/runtime.go:498  [n2] runtime stats: 179 MiB RSS, 219 goroutines, 130 MiB/52 MiB/180 MiB GO alloc/idle/total, 60 MiB/74 MiB CGO alloc/total, 25.1 CGO/sec, 1.4/1.2 %(u/s)time, 0.0 %gc (0x), 542 KiB/304 KiB (r/w)net
I200226 13:53:02.443633 318 gossip/gossip.go:566  [n2] gossip status (ok, 3 nodes)
gossip client (1/3 cur/max conns)
  1: localhost:26257 (22m0s: infos 2545/3543 sent/received, bytes 1428760B/594517B sent/received)
gossip server (0/3 cur/max conns, infos 2545/3543 sent/received, bytes 1429666B/595291B sent/received)
I200226 13:53:02.913841 434 server/status/runtime.go:498  [n2] runtime stats: 180 MiB RSS, 218 goroutines, 139 MiB/44 MiB/180 MiB GO alloc/idle/total, 60 MiB/74 MiB CGO alloc/total, 28.9 CGO/sec, 1.4/1.2 %(u/s)time, 0.0 %gc (0x), 543 KiB/304 KiB (r/w)net
I200226 13:53:12.923646 434 server/status/runtime.go:498  [n2] runtime stats: 181 MiB RSS, 218 goroutines, 149 MiB/35 MiB/180 MiB GO alloc/idle/total, 60 MiB/74 MiB CGO alloc/total, 49.3 CGO/sec, 1.7/1.2 %(u/s)time, 0.0 %gc (0x), 572 KiB/338 KiB (r/w)net
I200226 13:53:22.933219 1 cli/start.go:865  received signal 'terminated'
I200226 13:53:22.933572 434 server/status/runtime.go:498  [n2] runtime stats: 183 MiB RSS, 218 goroutines, 84 MiB/91 MiB/180 MiB GO alloc/idle/total, 60 MiB/74 MiB CGO alloc/total, 87.3 CGO/sec, 2.1/1.4 %(u/s)time, 0.0 %gc (1x), 616 KiB/382 KiB (r/w)net
I200226 13:53:23.030918 1 cli/start.go:930  initiating graceful shutdown of server
W200226 13:53:23.257585 519 storage/raft_transport.go:634  [n2] while processing outgoing Raft queue to node 1: EOF:
W200226 13:53:23.260966 114 gossip/gossip.go:1517  [n2] no incoming or outgoing connections
W200226 13:53:23.261501 493 storage/raft_transport.go:634  [n2] while processing outgoing Raft queue to node 1: EOF:
I200226 13:53:23.349787 60319 gossip/client.go:124  [n2] started gossip client to localhost:26259
W200226 13:53:23.658395 99 vendor/google.golang.org/grpc/clientconn.go:1206  grpc: addrConn.createTransport failed to connect to {localhost:26257 0  <nil>}. Err :connection error: desc = "transport: Error while dialing cannot reuse client connection". Reconnecting...
W200226 13:53:23.659864 60329 storage/raft_transport.go:634  [n2] while processing outgoing Raft queue to node 1: rpc error: code = Unknown desc = node unavailable; try another peer:
W200226 13:53:23.660333 361 vendor/google.golang.org/grpc/clientconn.go:1206  grpc: addrConn.createTransport failed to connect to {localhost:26257 0  <nil>}. Err :connection error: desc = "transport: Error while dialing cannot reuse client connection". Reconnecting...
W200226 13:53:23.660559 305 vendor/google.golang.org/grpc/clientconn.go:1206  grpc: addrConn.createTransport failed to connect to {localhost:26257 0  <nil>}. Err :connection error: desc = "transport: Error while dialing cannot reuse client connection". Reconnecting...
W200226 13:53:23.723311 60321 vendor/google.golang.org/grpc/clientconn.go:1206  grpc: addrConn.createTransport failed to connect to {localhost:26257 0  <nil>}. Err :connection error: desc = "transport: Error while dialing dial tcp [::1]:26257: connect: connection refused". Reconnecting...
W200226 13:53:23.843713 60357 vendor/google.golang.org/grpc/clientconn.go:1206  grpc: addrConn.createTransport failed to connect to {localhost:26257 0  <nil>}. Err :connection error: desc = "transport: Error while dialing dial tcp [::1]:26257: connect: connection refused". Reconnecting...
I200226 13:53:23.908910 60352 vendor/github.com/cockroachdb/circuitbreaker/circuitbreaker.go:322  [n2] circuitbreaker: rpc 127.0.0.1:26258 [n1] tripped: failed to connect to n1 at localhost:26257: initial connection heartbeat failed: rpc error: code = Unavailable desc = all SubConns are in TransientFailure, latest connection error: connection error: desc = "transport: Error while dialing dial tcp [::1]:26257: connect: connection refused"
I200226 13:53:23.963578 60340 vendor/github.com/cockroachdb/circuitbreaker/circuitbreaker.go:322  [n2] circuitbreaker: rpc 127.0.0.1:26258 [n1] tripped: failed to connect to n1 at localhost:26257: initial connection heartbeat failed: rpc error: code = Unavailable desc = all SubConns are in TransientFailure, latest connection error: connection error: desc = "transport: Error while dialing dial tcp [::1]:26257: connect: connection refused"
I200226 13:53:24.025128 60352 vendor/github.com/cockroachdb/circuitbreaker/circuitbreaker.go:447  [n2] circuitbreaker: rpc 127.0.0.1:26258 [n1] event: BreakerTripped
I200226 13:53:24.141567 60352 rpc/nodedialer/nodedialer.go:160  [n2] unable to connect to n1: failed to connect to n1 at localhost:26257: initial connection heartbeat failed: rpc error: code = Unavailable desc = all SubConns are in TransientFailure, latest connection error: connection error: desc = "transport: Error while dialing dial tcp [::1]:26257: connect: connection refused"
I200226 13:53:24.037339 60399 rpc/nodedialer/nodedialer.go:160  [n2] unable to connect to n1: failed to connect to n1 at localhost:26257: initial connection heartbeat failed: rpc error: code = Unavailable desc = all SubConns are in TransientFailure, latest connection error: connection error: desc = "transport: Error while dialing dial tcp [::1]:26257: connect: connection refused"
I200226 13:53:24.081401 60340 vendor/github.com/cockroachdb/circuitbreaker/circuitbreaker.go:447  [n2] circuitbreaker: rpc 127.0.0.1:26258 [n1] event: BreakerTripped
I200226 13:53:24.091801 114 gossip/gossip.go:1531  [n2] node has connected to cluster via gossip
I200226 13:53:24.370893 60243 storage/store.go:1111  [drain] waiting for 15 replicas to transfer their lease away
I200226 13:53:24.467389 60243 util/stop/stopper.go:542  [server drain process] quiescing; tasks left:
2      [async] closedts-subscription
1      [async] intent_resolver_ir_batcher
1      [async] intent_resolver_gc_batcher
1      [async] closedts-rangefeed-subscriber
W200226 13:53:24.471737 595 storage/raft_transport.go:634  [n2] while processing outgoing Raft queue to node 3: rpc error: code = Canceled desc = grpc: the client connection is closing:
W200226 13:53:24.472606 114 gossip/gossip.go:1517  [n2] no incoming or outgoing connections
W200226 13:53:24.483648 644 storage/raft_transport.go:634  [n2] while processing outgoing Raft queue to node 3: rpc error: code = Canceled desc = grpc: the client connection is closing:
I200226 13:53:24.593412 60243 storage/engine/rocksdb.go:762  closing rocksdb instance at "/Users/ekp/Projects/bmb-gw/node2/cockroach-temp882037682"
I200226 13:53:24.751012 60243 storage/engine/rocksdb.go:762  closing rocksdb instance at "/Users/ekp/Projects/bmb-gw/node2"
I200226 13:53:24.860569 1 cli/start.go:976  server drained and shutdown completed
